[94mℹ 🔧 Ejecutando en modo background (sin terminal)[0m
[94mℹ [2026-04-27 04:49:41] Iniciando servidor (intento 1)[0m
[94mℹ 🌐 Iniciando playit en segundo plano...[0m
[92m✔ ✅ Playit corriendo (PID: 77289) → log en playit.log[0m
[92m✔ Iniciando fabric 1.21.11[0m
[94mℹ 🔄 Servidor ejecutándose en background (escuchando forever)[0m
Starting net.fabricmc.loader.impl.game.minecraft.BundlerClassPathCapture
[04:49:45] [main/INFO]: Loading Minecraft 1.21.11 with Fabric Loader 0.19.2
[04:49:46] [main/WARN]: Warnings were found!
 - Mod 'Dynamic Lights' (dynamiclights) 1.9.2+mod recommends any version of midnightlib, which is missing!
	 - You should install any version of midnightlib for the optimal experience.
 - Mod 'Forge Config API Port' (forgeconfigapiport) 21.11.1 recommends any version of modmenu, which is missing!
	 - You should install any version of modmenu for the optimal experience.
[04:49:46] [main/INFO]: Loading 91 mods:
	- antixray 1.4.14
	   |-- com_moandjiezana_toml_toml4j 0.7.2
	   \-- fabric-permissions-api-v0 0.6.1
	- balm 21.11.9
	   \-- kuma_api 21.11.12
	- cloth-config 21.11.153
	   \-- cloth-basic-math 0.6.1
	- dynamiclights 1.9.2+mod
	- essential_commands 0.38.6-mc1.21.11
	   |-- ec-core 1.3.0-mc1.21.11
	   |-- fabric-permissions-api-v0 0.6.1
	   |-- org_yaml_snakeyaml 2.5
	   |-- placeholder-api 2.8.1+1.21.10
	   \-- playerabilitylib 1.15.0
	- fabric-api 0.141.3+1.21.11
	   |-- fabric-api-base 1.0.5+4ebb5c083e
	   |-- fabric-api-lookup-api-v1 1.6.114+20dc27073e
	   |-- fabric-biome-api-v1 17.1.1+4fc5413f3e
	   |-- fabric-block-api-v1 1.1.10+4ebb5c083e
	   |-- fabric-block-view-api-v2 1.0.39+4ebb5c083e
	   |-- fabric-command-api-v2 2.4.7+6b42a6003e
	   |-- fabric-content-registries-v0 10.2.14+4fc5413f3e
	   |-- fabric-convention-tags-v1 2.1.55+7f945d5b3e
	   |-- fabric-convention-tags-v2 2.17.3+8ef948ba3e
	   |-- fabric-crash-report-info-v1 0.3.23+4ebb5c083e
	   |-- fabric-data-attachment-api-v1 1.8.47+eed0806f3e
	   |-- fabric-data-generation-api-v1 23.4.0+69974c4e3e
	   |-- fabric-dimensions-v1 4.0.28+4fc5413f3e
	   |-- fabric-entity-events-v1 3.1.1+1d0ab4303e
	   |-- fabric-events-interaction-v0 4.1.0+3b89ecf63e
	   |-- fabric-game-rule-api-v1 2.0.3+4fc5413f3e
	   |-- fabric-item-api-v1 11.5.20+d0c46b9e3e
	   |-- fabric-item-group-api-v1 4.2.36+4fc5413f3e
	   |-- fabric-key-binding-api-v1 1.1.7+4fc5413f3e
	   |-- fabric-lifecycle-events-v1 2.6.15+4ebb5c083e
	   |-- fabric-loot-api-v2 3.0.73+3f89f5a53e
	   |-- fabric-loot-api-v3 2.0.20+78c8b4663e
	   |-- fabric-message-api-v1 6.1.12+4ebb5c083e
	   |-- fabric-model-loading-api-v1 6.0.15+4fc5413f3e
	   |-- fabric-networking-api-v1 5.1.5+ae1e07683e
	   |-- fabric-object-builder-api-v1 21.1.39+4fc5413f3e
	   |-- fabric-particles-v1 4.2.11+4fc5413f3e
	   |-- fabric-recipe-api-v1 8.2.3+4ebb5c083e
	   |-- fabric-registry-sync-v0 6.2.5+1718722b3e
	   |-- fabric-renderer-api-v1 8.0.3+f4ffd2e53e
	   |-- fabric-renderer-indigo 5.0.3+f4ffd2e53e
	   |-- fabric-rendering-fluids-v1 3.1.43+4ebb5c083e
	   |-- fabric-rendering-v1 16.2.10+0290ad933e
	   |-- fabric-resource-conditions-api-v1 5.0.35+4fc5413f3e
	   |-- fabric-resource-loader-v0 3.3.4+4fc5413f3e
	   |-- fabric-resource-loader-v1 1.0.10+78c8b4663e
	   |-- fabric-screen-api-v1 3.1.7+4ebb5c083e
	   |-- fabric-screen-handler-api-v1 1.3.161+4fc5413f3e
	   |-- fabric-serialization-api-v1 1.0.5+4ebb5c083e
	   |-- fabric-sound-api-v1 1.0.51+4fc5413f3e
	   |-- fabric-tag-api-v1 1.2.20+4fc5413f3e
	   |-- fabric-transfer-api-v1 6.0.25+4fc5413f3e
	   \-- fabric-transitive-access-wideners-v1 7.1.0+014c8cec3e
	- fabricloader 0.19.2
	   \-- mixinextras 0.5.4
	- fallingtree 1.21.11.3
	- ferritecore 8.2.0
	- forgeconfigapiport 21.11.1
	   |-- com_electronwill_night-config_core 3.8.3
	   \-- com_electronwill_night-config_toml 3.8.3
	- globalxp 1.12.2
	- hardcorerevival 21.11.5
	- java 25
	- krypton 0.2.10
	   \-- com_velocitypowered_velocity-native 3.4.0-SNAPSHOT
	- lithium 0.21.4+mc1.21.11
	- lootr 1.21.11-1.20.34.103
	- minecraft 1.21.11
	- polymer-bundled 0.15.2+1.21.11
	   |-- polymer-autohost 0.15.2+1.21.11
	   |-- polymer-blocks 0.15.2+1.21.11
	   |-- polymer-common 0.15.2+1.21.11
	   |    \-- packet_tweaker 0.6.0+1.21.10
	   |-- polymer-core 0.15.2+1.21.11
	   |    |-- polymer-networking 0.15.2+1.21.11
	   |    |    \-- polymer-common 0.15.2+1.21.11
	   |    |         \-- packet_tweaker 0.6.0+1.21.10
	   |    \-- polymer-registry-sync-manipulator 0.15.2+1.21.11
	   |-- polymer-resource-pack 0.15.2+1.21.11
	   |    \-- polymer-common 0.15.2+1.21.11
	   |         \-- packet_tweaker 0.6.0+1.21.10
	   |-- polymer-resource-pack-extras 0.15.2+1.21.11
	   |-- polymer-sound-patcher 0.15.2+1.21.11
	   \-- polymer-virtual-entity 0.15.2+1.21.11
	        \-- polymer-common 0.15.2+1.21.11
	             \-- packet_tweaker 0.6.0+1.21.10
	- servercore 1.5.15+1.21.11
	   |-- org_yaml_snakeyaml 2.5
	   |-- placeholder-api 2.8.1+1.21.10
	   |-- space_arim_dazzleconf_dazzleconf-core 1.3.0-M2
	   \-- space_arim_dazzleconf_dazzleconf-ext-snakeyaml 1.3.0-M2
	- skinrestorer 2.7.0+1.21.11-fabric
	   \-- org_mineskin_java-client 3.2.1-SNAPSHOT
	- travelersbackpack 10.11.9
	- universal-graves 3.10.2+1.21.11
	   |-- common-protection-api 1.0.0
	   |-- placeholder-api 2.8.1+1.21.10
	   |-- predicate-api 0.7.0+1.21.11
	   |-- server_translations_api 2.5.2+1.21.9-pre3
	   \-- sgui 1.11.0+1.21.9
	- waystones 21.11.9
	- xaerominimap 25.3.10
	   \-- xaerolib 1.1.0
[04:49:46] [main/WARN]: Found 1 non-fabric mod:
	- LuckPerms-Bukkit-5.5.17.jar
[04:49:46] [main/INFO]: SpongePowered MIXIN Subsystem Version=0.8.7 Source=file:/workspaces/elserversex/libraries/net/fabricmc/sponge-mixin/0.17.2+mixin.0.8.7/sponge-mixin-0.17.2+mixin.0.8.7.jar Service=Knot/Fabric Env=SERVER
[04:49:46] [main/INFO]: Compatibility level set to JAVA_17
[04:49:47] [main/INFO]: Compatibility level set to JAVA_21
[04:49:47] [main/WARN]: Reference map 'balm.refmap.json' for balm.mixins.json could not be read. If this is a development environment you can ignore this message
[04:49:47] [main/WARN]: Reference map 'balm.refmap.json' for balm.api.mixins.json could not be read. If this is a development environment you can ignore this message
[04:49:47] [main/WARN]: Reference map 'balm.refmap.json' for balm.fabric.mixins.json could not be read. If this is a development environment you can ignore this message
[04:49:47] [main/WARN]: Reference map 'globalxp.refmap.json' for globalxp.mixins.json could not be read. If this is a development environment you can ignore this message
[04:49:47] [main/WARN]: Reference map 'hardcorerevival.refmap.json' for hardcorerevival.mixins.json could not be read. If this is a development environment you can ignore this message
[04:49:47] [main/WARN]: Reference map 'kuma_api.refmap.json' for kuma_api.mixins.json could not be read. If this is a development environment you can ignore this message
[04:49:47] [main/WARN]: Reference map 'kuma_api.refmap.json' for kuma_api.fabric.mixins.json could not be read. If this is a development environment you can ignore this message
[04:49:47] [main/INFO]: Loaded configuration file for Lithium: 171 options available, 0 override(s) found.
[04:49:47] [main/WARN]: Reference map 'skinrestorer.refmap.json' for skinrestorer.mixins.json could not be read. If this is a development environment you can ignore this message
[04:49:47] [main/WARN]: Reference map 'skinrestorer.refmap.json' for skinrestorer.fabric.mixins.json could not be read. If this is a development environment you can ignore this message
[04:49:47] [main/WARN]: Reference map 'waystones.refmap.json' for waystones.mixins.json could not be read. If this is a development environment you can ignore this message
[04:49:47] [main/WARN]: Reference map 'waystones.refmap.json' for waystones.fabric.mixins.json could not be read. If this is a development environment you can ignore this message
[04:49:47] [main/WARN]: Reference map 'xaerolib.refmap.json' for xaerolib.mixins.json could not be read. If this is a development environment you can ignore this message
[04:49:47] [main/WARN]: Reference map 'xaerominimap.refmap.json' for xaerohud.mixins.json could not be read. If this is a development environment you can ignore this message
[04:49:47] [main/WARN]: Reference map 'xaerominimap.refmap.json' for xaerohud.fabric.mixins.json could not be read. If this is a development environment you can ignore this message
[04:49:47] [main/WARN]: Reference map 'xaerominimap.refmap.json' for xaerominimap.mixins.json could not be read. If this is a development environment you can ignore this message
[04:49:49] [main/WARN]: Error loading class: com/simibubi/create/content/kinetics/base/BlockBreakingKineticBlockEntity (java.lang.ClassNotFoundException: com/simibubi/create/content/kinetics/base/BlockBreakingKineticBlockEntity)
[04:49:49] [main/INFO]: Initializing MixinExtras via com.llamalad7.mixinextras.service.MixinExtrasServiceImpl(version=0.5.4).
WARNING: A terminally deprecated method in sun.misc.Unsafe has been called
WARNING: sun.misc.Unsafe::objectFieldOffset has been called by org.joml.MemUtil$MemUtilUnsafe (file:/workspaces/elserversex/libraries/org/joml/joml/1.10.8/joml-1.10.8.jar)
WARNING: Please consider reporting this to the maintainers of class org.joml.MemUtil$MemUtilUnsafe
WARNING: sun.misc.Unsafe::objectFieldOffset will be removed in a future release
[04:50:09] [main/INFO]: Successfully initialized antixray for fabric
[04:50:10] [main/INFO]: [Dynamic Lights] Loaded Dynamic Lights by Tschipcraft successfully!
[04:50:10] [main/INFO]: [EssentialCommands]: Mod Load Initiated.
[04:50:11] [main/INFO]: [EssentialCommands]: Mod Load Complete.
[04:50:12] [ForkJoinPool.commonPool-worker-1/INFO]: Essential Commands is up to date!
[04:50:12] [main/INFO]: Compression will use libdeflate (Linux x86_64), encryption will use OpenSSL 3.x.x (Linux x86_64)
[04:50:13] [main/INFO]: [ServerCore] Loaded V1.5.15+1.21.11!
Apr 27, 2026 4:50:13 AM org.mineskin.ClientBuilder build
WARNING: Creating MineSkinClient without API key - Please get an API key from https://account.mineskin.org/keys
[04:50:14] [main/INFO]: Registered the FluidEffect with Unique ID of minecraft:water for Water (Fluid Amount Required: 81000) with the ID 0
[04:50:14] [main/INFO]: Registered the FluidEffect with Unique ID of minecraft:lava for Lava (Fluid Amount Required: 81000) with the ID 1
[04:50:14] [main/INFO]: Registered the FluidEffect with Unique ID of travelersbackpack:potion for block.travelersbackpack.potion_still (Fluid Amount Required: 27000) with the ID 2
[04:50:14] [main/INFO]: Registered the FluidEffect with Unique ID of minecraft:milk for Air (Fluid Amount Required: 81000) with the ID 3
[04:50:14] [main/INFO]: Krypton is now accelerating your Minecraft server's networking stack 🚀
[04:50:14] [main/INFO]: Registering common data for channel xaerolib:main!
[04:50:14] [main/INFO]: Loading primary common config for channel xaerolib:main!
[04:50:14] [main/INFO]: Loading server config profiles for channel xaerolib:main!
[04:50:14] [main/INFO]: Loading XaeroLib common 1/2!
[04:50:14] [main/INFO]: Loading XaeroLib server 1/2!
[04:50:15] [main/INFO]: Registering common data for channel xaerominimap:main!
[04:50:15] [main/INFO]: Loading primary common config for channel xaerominimap:main!
[04:50:15] [main/INFO]: Loading server config profiles for channel xaerominimap:main!
[04:50:15] [main/INFO]: Loading Xaero's Minimap - Stage 1/2 (Server)
[04:50:15] [main/INFO]: Environment: Environment[sessionHost=https://sessionserver.mojang.com, servicesHost=https://api.minecraftservices.com, profilesHost=https://api.mojang.com, name=PROD]
[04:50:21] [main/INFO]: Loaded 1654 recipes
[04:50:21] [main/INFO]: Loaded 1806 advancements
[04:50:21] [ForkJoinPool.commonPool-worker-1/INFO]: Loaded 58 translation keys
[04:50:22] [main/INFO]: Applied 63 biome modifications to 63 of 65 new biomes in 20.68 ms
[04:50:22] [Server thread/INFO]: Loading XaeroLib common 2/2!
[04:50:22] [Server thread/INFO]: Loading XaeroLib server 2/2!
[04:50:22] [Server thread/INFO]: Starting minecraft server version 1.21.11
[04:50:22] [Server thread/INFO]: Loading properties
[04:50:22] [Server thread/INFO]: Default game type: SURVIVAL
[04:50:22] [Server thread/INFO]: Generating keypair
[04:50:22] [Server thread/INFO]: Starting Minecraft server on *:25565
[04:50:22] [Server thread/WARN]: **** SERVER IS RUNNING IN OFFLINE/INSECURE MODE!
[04:50:22] [Server thread/WARN]: The server will make no attempt to authenticate usernames. Beware.
[04:50:22] [Server thread/WARN]: While this makes the game possible to play without internet access, it also opens up the ability for hackers to connect with any username they choose.
[04:50:22] [Server thread/WARN]: To change this, set "online-mode" to "true" in the server.properties file.
[04:50:22] [Server thread/INFO]: Preparing level "world"
[04:50:24] [Server thread/INFO]: Loading 0 persistent chunks...
[04:50:24] [Server thread/INFO]: Preparing spawn area: 100%
[04:50:24] [Server thread/INFO]: Time elapsed: 19 ms
[04:50:24] [Server thread/INFO]: Done (1.387s)! For help, type "help"
[04:50:24] [Server thread/INFO]: Possible world ids: minecraft:overworld,minecraft:the_end,minecraft:the_nether
[04:50:24] [Server thread/INFO]: Configured `rtp_enabled_worlds` world ids: minecraft:overworld
[04:50:24] [Server thread/INFO]: All configured `rtp_enabled_worlds` world ids are valid.
[04:50:24] [Server thread/INFO]: Loading Xaero's Minimap - Stage 2/2 (Server)
[04:50:54] [Server thread/INFO]: alkeys[/127.51.148.55:35235] logged in with entity id 89 at (-2102.745121095876, 120.0, 773.3569177881432)
[04:50:54] [Server thread/INFO]: [Essential Commands] Loading PlayerData for player with uuid 'a705d6a9-583d-33ac-8ecf-59691f80d283'.
[04:50:55] [Server thread/INFO]: alkeys joined the game
[04:50:55] [Server thread/INFO]: [Essential Commands] Loading PlayerProfile for player with uuid 'a705d6a9-583d-33ac-8ecf-59691f80d283'.
[04:50:56] [Server thread/WARN]: Can't keep up! Is the server overloaded? Running 2009ms or 40 ticks behind
[04:50:56] [Server thread/INFO]: ArmandoMtrz[/127.230.163.113:45687] logged in with entity id 123 at (-2169.904231508262, 93.17675927506424, 790.7511594076017)
[04:50:56] [Server thread/INFO]: [Essential Commands] Loading PlayerData for player with uuid '01437efa-ff8e-3a5b-b190-b0e07f4d0887'.
[04:50:57] [Server thread/INFO]: ArmandoMtrz joined the game
[04:50:57] [Server thread/INFO]: [Essential Commands] Loading PlayerProfile for player with uuid '01437efa-ff8e-3a5b-b190-b0e07f4d0887'.
[04:50:57] [Server thread/INFO]: bryan13[/127.109.75.12:40191] logged in with entity id 124 at (-2150.832777993524, 104.0, 785.957066024415)
[04:50:57] [Server thread/INFO]: [Essential Commands] Loading PlayerData for player with uuid 'f58785a7-6f31-3493-86e0-bef8c4556536'.
[04:50:57] [Server thread/INFO]: bryan13 joined the game
[04:50:57] [Server thread/INFO]: [Essential Commands] Loading PlayerProfile for player with uuid 'f58785a7-6f31-3493-86e0-bef8c4556536'.
[04:51:14] [Server thread/WARN]: Can't keep up! Is the server overloaded? Running 3220ms or 64 ticks behind
[04:51:38] [Server thread/WARN]: Can't keep up! Is the server overloaded? Running 2034ms or 40 ticks behind
[93m⚠ ⏳ Auto-restart en 10 segundos (reinicio #1)[0m
[94mℹ [2026-04-27 04:52:12] Iniciando servidor (intento 2)[0m
[92m✔ Iniciando fabric 1.21.11[0m
[94mℹ 🔄 Servidor ejecutándose en background (escuchando forever)[0m
Starting net.fabricmc.loader.impl.game.minecraft.BundlerClassPathCapture
[04:52:14] [main/INFO]: Loading Minecraft 1.21.11 with Fabric Loader 0.19.2
[04:52:14] [main/WARN]: Warnings were found!
 - Mod 'Dynamic Lights' (dynamiclights) 1.9.2+mod recommends any version of midnightlib, which is missing!
	 - You should install any version of midnightlib for the optimal experience.
 - Mod 'Forge Config API Port' (forgeconfigapiport) 21.11.1 recommends any version of modmenu, which is missing!
	 - You should install any version of modmenu for the optimal experience.
[04:52:14] [main/INFO]: Loading 91 mods:
	- antixray 1.4.14
	   |-- com_moandjiezana_toml_toml4j 0.7.2
	   \-- fabric-permissions-api-v0 0.6.1
	- balm 21.11.9
	   \-- kuma_api 21.11.12
	- cloth-config 21.11.153
	   \-- cloth-basic-math 0.6.1
	- dynamiclights 1.9.2+mod
	- essential_commands 0.38.6-mc1.21.11
	   |-- ec-core 1.3.0-mc1.21.11
	   |-- fabric-permissions-api-v0 0.6.1
	   |-- org_yaml_snakeyaml 2.5
	   |-- placeholder-api 2.8.1+1.21.10
	   \-- playerabilitylib 1.15.0
	- fabric-api 0.141.3+1.21.11
	   |-- fabric-api-base 1.0.5+4ebb5c083e
	   |-- fabric-api-lookup-api-v1 1.6.114+20dc27073e
	   |-- fabric-biome-api-v1 17.1.1+4fc5413f3e
	   |-- fabric-block-api-v1 1.1.10+4ebb5c083e
	   |-- fabric-block-view-api-v2 1.0.39+4ebb5c083e
	   |-- fabric-command-api-v2 2.4.7+6b42a6003e
	   |-- fabric-content-registries-v0 10.2.14+4fc5413f3e
	   |-- fabric-convention-tags-v1 2.1.55+7f945d5b3e
	   |-- fabric-convention-tags-v2 2.17.3+8ef948ba3e
	   |-- fabric-crash-report-info-v1 0.3.23+4ebb5c083e
	   |-- fabric-data-attachment-api-v1 1.8.47+eed0806f3e
	   |-- fabric-data-generation-api-v1 23.4.0+69974c4e3e
	   |-- fabric-dimensions-v1 4.0.28+4fc5413f3e
	   |-- fabric-entity-events-v1 3.1.1+1d0ab4303e
	   |-- fabric-events-interaction-v0 4.1.0+3b89ecf63e
	   |-- fabric-game-rule-api-v1 2.0.3+4fc5413f3e
	   |-- fabric-item-api-v1 11.5.20+d0c46b9e3e
	   |-- fabric-item-group-api-v1 4.2.36+4fc5413f3e
	   |-- fabric-key-binding-api-v1 1.1.7+4fc5413f3e
	   |-- fabric-lifecycle-events-v1 2.6.15+4ebb5c083e
	   |-- fabric-loot-api-v2 3.0.73+3f89f5a53e
	   |-- fabric-loot-api-v3 2.0.20+78c8b4663e
	   |-- fabric-message-api-v1 6.1.12+4ebb5c083e
	   |-- fabric-model-loading-api-v1 6.0.15+4fc5413f3e
	   |-- fabric-networking-api-v1 5.1.5+ae1e07683e
	   |-- fabric-object-builder-api-v1 21.1.39+4fc5413f3e
	   |-- fabric-particles-v1 4.2.11+4fc5413f3e
	   |-- fabric-recipe-api-v1 8.2.3+4ebb5c083e
	   |-- fabric-registry-sync-v0 6.2.5+1718722b3e
	   |-- fabric-renderer-api-v1 8.0.3+f4ffd2e53e
	   |-- fabric-renderer-indigo 5.0.3+f4ffd2e53e
	   |-- fabric-rendering-fluids-v1 3.1.43+4ebb5c083e
	   |-- fabric-rendering-v1 16.2.10+0290ad933e
	   |-- fabric-resource-conditions-api-v1 5.0.35+4fc5413f3e
	   |-- fabric-resource-loader-v0 3.3.4+4fc5413f3e
	   |-- fabric-resource-loader-v1 1.0.10+78c8b4663e
	   |-- fabric-screen-api-v1 3.1.7+4ebb5c083e
	   |-- fabric-screen-handler-api-v1 1.3.161+4fc5413f3e
	   |-- fabric-serialization-api-v1 1.0.5+4ebb5c083e
	   |-- fabric-sound-api-v1 1.0.51+4fc5413f3e
	   |-- fabric-tag-api-v1 1.2.20+4fc5413f3e
	   |-- fabric-transfer-api-v1 6.0.25+4fc5413f3e
	   \-- fabric-transitive-access-wideners-v1 7.1.0+014c8cec3e
	- fabricloader 0.19.2
	   \-- mixinextras 0.5.4
	- fallingtree 1.21.11.3
	- ferritecore 8.2.0
	- forgeconfigapiport 21.11.1
	   |-- com_electronwill_night-config_core 3.8.3
	   \-- com_electronwill_night-config_toml 3.8.3
	- globalxp 1.12.2
	- hardcorerevival 21.11.5
	- java 25
	- krypton 0.2.10
	   \-- com_velocitypowered_velocity-native 3.4.0-SNAPSHOT
	- lithium 0.21.4+mc1.21.11
	- lootr 1.21.11-1.20.34.103
	- minecraft 1.21.11
	- polymer-bundled 0.15.2+1.21.11
	   |-- polymer-autohost 0.15.2+1.21.11
	   |-- polymer-blocks 0.15.2+1.21.11
	   |-- polymer-common 0.15.2+1.21.11
	   |    \-- packet_tweaker 0.6.0+1.21.10
	   |-- polymer-core 0.15.2+1.21.11
	   |    |-- polymer-networking 0.15.2+1.21.11
	   |    |    \-- polymer-common 0.15.2+1.21.11
	   |    |         \-- packet_tweaker 0.6.0+1.21.10
	   |    \-- polymer-registry-sync-manipulator 0.15.2+1.21.11
	   |-- polymer-resource-pack 0.15.2+1.21.11
	   |    \-- polymer-common 0.15.2+1.21.11
	   |         \-- packet_tweaker 0.6.0+1.21.10
	   |-- polymer-resource-pack-extras 0.15.2+1.21.11
	   |-- polymer-sound-patcher 0.15.2+1.21.11
	   \-- polymer-virtual-entity 0.15.2+1.21.11
	        \-- polymer-common 0.15.2+1.21.11
	             \-- packet_tweaker 0.6.0+1.21.10
	- servercore 1.5.15+1.21.11
	   |-- org_yaml_snakeyaml 2.5
	   |-- placeholder-api 2.8.1+1.21.10
	   |-- space_arim_dazzleconf_dazzleconf-core 1.3.0-M2
	   \-- space_arim_dazzleconf_dazzleconf-ext-snakeyaml 1.3.0-M2
	- skinrestorer 2.7.0+1.21.11-fabric
	   \-- org_mineskin_java-client 3.2.1-SNAPSHOT
	- travelersbackpack 10.11.9
	- universal-graves 3.10.2+1.21.11
	   |-- common-protection-api 1.0.0
	   |-- placeholder-api 2.8.1+1.21.10
	   |-- predicate-api 0.7.0+1.21.11
	   |-- server_translations_api 2.5.2+1.21.9-pre3
	   \-- sgui 1.11.0+1.21.9
	- waystones 21.11.9
	- xaerominimap 25.3.10
	   \-- xaerolib 1.1.0
[04:52:14] [main/WARN]: Found 1 non-fabric mod:
	- LuckPerms-Bukkit-5.5.17.jar
[04:52:15] [main/INFO]: SpongePowered MIXIN Subsystem Version=0.8.7 Source=file:/workspaces/elserversex/libraries/net/fabricmc/sponge-mixin/0.17.2+mixin.0.8.7/sponge-mixin-0.17.2+mixin.0.8.7.jar Service=Knot/Fabric Env=SERVER
[04:52:15] [main/INFO]: Compatibility level set to JAVA_17
[04:52:15] [main/INFO]: Compatibility level set to JAVA_21
[04:52:15] [main/WARN]: Reference map 'balm.refmap.json' for balm.mixins.json could not be read. If this is a development environment you can ignore this message
[04:52:15] [main/WARN]: Reference map 'balm.refmap.json' for balm.api.mixins.json could not be read. If this is a development environment you can ignore this message
[04:52:15] [main/WARN]: Reference map 'balm.refmap.json' for balm.fabric.mixins.json could not be read. If this is a development environment you can ignore this message
[04:52:15] [main/WARN]: Reference map 'globalxp.refmap.json' for globalxp.mixins.json could not be read. If this is a development environment you can ignore this message
[04:52:15] [main/WARN]: Reference map 'hardcorerevival.refmap.json' for hardcorerevival.mixins.json could not be read. If this is a development environment you can ignore this message
[04:52:15] [main/WARN]: Reference map 'kuma_api.refmap.json' for kuma_api.mixins.json could not be read. If this is a development environment you can ignore this message
[04:52:15] [main/WARN]: Reference map 'kuma_api.refmap.json' for kuma_api.fabric.mixins.json could not be read. If this is a development environment you can ignore this message
[04:52:15] [main/INFO]: Loaded configuration file for Lithium: 171 options available, 0 override(s) found.
[04:52:15] [main/WARN]: Reference map 'skinrestorer.refmap.json' for skinrestorer.mixins.json could not be read. If this is a development environment you can ignore this message
[04:52:15] [main/WARN]: Reference map 'skinrestorer.refmap.json' for skinrestorer.fabric.mixins.json could not be read. If this is a development environment you can ignore this message
[04:52:15] [main/WARN]: Reference map 'waystones.refmap.json' for waystones.mixins.json could not be read. If this is a development environment you can ignore this message
[04:52:15] [main/WARN]: Reference map 'waystones.refmap.json' for waystones.fabric.mixins.json could not be read. If this is a development environment you can ignore this message
[04:52:15] [main/WARN]: Reference map 'xaerolib.refmap.json' for xaerolib.mixins.json could not be read. If this is a development environment you can ignore this message
[04:52:15] [main/WARN]: Reference map 'xaerominimap.refmap.json' for xaerohud.mixins.json could not be read. If this is a development environment you can ignore this message
[04:52:15] [main/WARN]: Reference map 'xaerominimap.refmap.json' for xaerohud.fabric.mixins.json could not be read. If this is a development environment you can ignore this message
[04:52:15] [main/WARN]: Reference map 'xaerominimap.refmap.json' for xaerominimap.mixins.json could not be read. If this is a development environment you can ignore this message
[04:52:17] [main/WARN]: Error loading class: com/simibubi/create/content/kinetics/base/BlockBreakingKineticBlockEntity (java.lang.ClassNotFoundException: com/simibubi/create/content/kinetics/base/BlockBreakingKineticBlockEntity)
[04:52:17] [main/INFO]: Initializing MixinExtras via com.llamalad7.mixinextras.service.MixinExtrasServiceImpl(version=0.5.4).
WARNING: A terminally deprecated method in sun.misc.Unsafe has been called
WARNING: sun.misc.Unsafe::objectFieldOffset has been called by org.joml.MemUtil$MemUtilUnsafe (file:/workspaces/elserversex/libraries/org/joml/joml/1.10.8/joml-1.10.8.jar)
WARNING: Please consider reporting this to the maintainers of class org.joml.MemUtil$MemUtilUnsafe
WARNING: sun.misc.Unsafe::objectFieldOffset will be removed in a future release
[04:52:36] [main/INFO]: Successfully initialized antixray for fabric
[04:52:36] [main/INFO]: [Dynamic Lights] Loaded Dynamic Lights by Tschipcraft successfully!
[04:52:37] [main/INFO]: [EssentialCommands]: Mod Load Initiated.
[04:52:37] [main/INFO]: [EssentialCommands]: Mod Load Complete.
[04:52:38] [ForkJoinPool.commonPool-worker-1/INFO]: Essential Commands is up to date!
[04:52:38] [main/INFO]: Compression will use libdeflate (Linux x86_64), encryption will use OpenSSL 3.x.x (Linux x86_64)
[04:52:39] [main/INFO]: [ServerCore] Loaded V1.5.15+1.21.11!
Apr 27, 2026 4:52:39 AM org.mineskin.ClientBuilder build
WARNING: Creating MineSkinClient without API key - Please get an API key from https://account.mineskin.org/keys
[04:52:39] [main/INFO]: Registered the FluidEffect with Unique ID of minecraft:water for Water (Fluid Amount Required: 81000) with the ID 0
[04:52:39] [main/INFO]: Registered the FluidEffect with Unique ID of minecraft:lava for Lava (Fluid Amount Required: 81000) with the ID 1
[04:52:39] [main/INFO]: Registered the FluidEffect with Unique ID of travelersbackpack:potion for block.travelersbackpack.potion_still (Fluid Amount Required: 27000) with the ID 2
[04:52:39] [main/INFO]: Registered the FluidEffect with Unique ID of minecraft:milk for Air (Fluid Amount Required: 81000) with the ID 3
[04:52:41] [main/INFO]: Krypton is now accelerating your Minecraft server's networking stack 🚀
[04:52:41] [main/INFO]: Registering common data for channel xaerolib:main!
[04:52:41] [main/INFO]: Loading primary common config for channel xaerolib:main!
[04:52:41] [main/INFO]: Loading server config profiles for channel xaerolib:main!
[04:52:41] [main/INFO]: Loading XaeroLib common 1/2!
[04:52:41] [main/INFO]: Loading XaeroLib server 1/2!
[04:52:41] [main/INFO]: Registering common data for channel xaerominimap:main!
[04:52:41] [main/INFO]: Loading primary common config for channel xaerominimap:main!
[04:52:41] [main/INFO]: Loading server config profiles for channel xaerominimap:main!
[04:52:41] [main/INFO]: Loading Xaero's Minimap - Stage 1/2 (Server)
[04:52:41] [main/INFO]: Environment: Environment[sessionHost=https://sessionserver.mojang.com, servicesHost=https://api.minecraftservices.com, profilesHost=https://api.mojang.com, name=PROD]
[04:52:49] [main/INFO]: Loaded 1654 recipes
[04:52:49] [main/INFO]: Loaded 1806 advancements
[04:52:49] [ForkJoinPool.commonPool-worker-1/INFO]: Loaded 58 translation keys
[04:52:50] [main/INFO]: Applied 63 biome modifications to 63 of 65 new biomes in 27.85 ms
[04:52:50] [Server thread/INFO]: Loading XaeroLib common 2/2!
[04:52:50] [Server thread/INFO]: Loading XaeroLib server 2/2!
[04:52:50] [Server thread/INFO]: Starting minecraft server version 1.21.11
[04:52:50] [Server thread/INFO]: Loading properties
[04:52:50] [Server thread/INFO]: Default game type: SURVIVAL
[04:52:50] [Server thread/INFO]: Generating keypair
[04:52:51] [Server thread/INFO]: Starting Minecraft server on *:25565
[04:52:51] [Server thread/WARN]: **** SERVER IS RUNNING IN OFFLINE/INSECURE MODE!
[04:52:51] [Server thread/WARN]: The server will make no attempt to authenticate usernames. Beware.
[04:52:51] [Server thread/WARN]: While this makes the game possible to play without internet access, it also opens up the ability for hackers to connect with any username they choose.
[04:52:51] [Server thread/WARN]: To change this, set "online-mode" to "true" in the server.properties file.
[04:52:51] [Server thread/INFO]: Preparing level "world"
[04:52:52] [Server thread/INFO]: Loading 0 persistent chunks...
[04:52:52] [Server thread/INFO]: Preparing spawn area: 100%
[04:52:52] [Server thread/INFO]: Time elapsed: 16 ms
[04:52:52] [Server thread/INFO]: Done (0.830s)! For help, type "help"
[04:52:52] [Server thread/INFO]: Possible world ids: minecraft:overworld,minecraft:the_end,minecraft:the_nether
[04:52:52] [Server thread/INFO]: Configured `rtp_enabled_worlds` world ids: minecraft:overworld
[04:52:52] [Server thread/INFO]: All configured `rtp_enabled_worlds` world ids are valid.
[04:52:52] [Server thread/INFO]: Loading Xaero's Minimap - Stage 2/2 (Server)
[04:53:09] [Server thread/INFO]: alkeys[/127.51.148.55:42167] logged in with entity id 65 at (-2290.800557409474, 82.17675927506424, 801.74521000852)
[04:53:09] [Server thread/INFO]: [Essential Commands] Loading PlayerData for player with uuid 'a705d6a9-583d-33ac-8ecf-59691f80d283'.
[04:53:10] [Server thread/INFO]: alkeys joined the game
[04:53:10] [Server thread/INFO]: [Essential Commands] Loading PlayerProfile for player with uuid 'a705d6a9-583d-33ac-8ecf-59691f80d283'.
[04:53:12] [Server thread/WARN]: Can't keep up! Is the server overloaded? Running 2217ms or 44 ticks behind
[04:53:33] [Server thread/WARN]: Can't keep up! Is the server overloaded? Running 6025ms or 120 ticks behind
[04:53:53] [Server thread/INFO]: bryan13[/127.109.75.12:45455] logged in with entity id 343 at (-2279.3079940157977, 82.0, 809.3545780272958)
[04:53:53] [Server thread/INFO]: [Essential Commands] Loading PlayerData for player with uuid 'f58785a7-6f31-3493-86e0-bef8c4556536'.
[04:53:53] [Server thread/INFO]: bryan13 joined the game
[04:53:53] [Server thread/INFO]: [Essential Commands] Loading PlayerProfile for player with uuid 'f58785a7-6f31-3493-86e0-bef8c4556536'.
[04:53:54] [Server thread/INFO]: ArmandoMtrz[/127.230.163.113:44139] logged in with entity id 344 at (-2315.699999988079, 71.0, 806.0018983595484)
[04:53:54] [Server thread/INFO]: [Essential Commands] Loading PlayerData for player with uuid '01437efa-ff8e-3a5b-b190-b0e07f4d0887'.
[04:53:54] [Server thread/INFO]: ArmandoMtrz joined the game
[04:53:54] [Server thread/INFO]: [Essential Commands] Loading PlayerProfile for player with uuid '01437efa-ff8e-3a5b-b190-b0e07f4d0887'.
[93m⚠ ⏳ Auto-restart en 10 segundos (reinicio #2)[0m
[94mℹ [2026-04-27 04:54:45] Iniciando servidor (intento 3)[0m
[92m✔ Iniciando fabric 1.21.11[0m
[94mℹ 🔄 Servidor ejecutándose en background (escuchando forever)[0m
Starting net.fabricmc.loader.impl.game.minecraft.BundlerClassPathCapture
[04:54:47] [main/INFO]: Loading Minecraft 1.21.11 with Fabric Loader 0.19.2
[04:54:48] [main/WARN]: Warnings were found!
 - Mod 'Dynamic Lights' (dynamiclights) 1.9.2+mod recommends any version of midnightlib, which is missing!
	 - You should install any version of midnightlib for the optimal experience.
 - Mod 'Forge Config API Port' (forgeconfigapiport) 21.11.1 recommends any version of modmenu, which is missing!
	 - You should install any version of modmenu for the optimal experience.
[04:54:48] [main/INFO]: Loading 91 mods:
	- antixray 1.4.14
	   |-- com_moandjiezana_toml_toml4j 0.7.2
	   \-- fabric-permissions-api-v0 0.6.1
	- balm 21.11.9
	   \-- kuma_api 21.11.12
	- cloth-config 21.11.153
	   \-- cloth-basic-math 0.6.1
	- dynamiclights 1.9.2+mod
	- essential_commands 0.38.6-mc1.21.11
	   |-- ec-core 1.3.0-mc1.21.11
	   |-- fabric-permissions-api-v0 0.6.1
	   |-- org_yaml_snakeyaml 2.5
	   |-- placeholder-api 2.8.1+1.21.10
	   \-- playerabilitylib 1.15.0
	- fabric-api 0.141.3+1.21.11
	   |-- fabric-api-base 1.0.5+4ebb5c083e
	   |-- fabric-api-lookup-api-v1 1.6.114+20dc27073e
	   |-- fabric-biome-api-v1 17.1.1+4fc5413f3e
	   |-- fabric-block-api-v1 1.1.10+4ebb5c083e
	   |-- fabric-block-view-api-v2 1.0.39+4ebb5c083e
	   |-- fabric-command-api-v2 2.4.7+6b42a6003e
	   |-- fabric-content-registries-v0 10.2.14+4fc5413f3e
	   |-- fabric-convention-tags-v1 2.1.55+7f945d5b3e
	   |-- fabric-convention-tags-v2 2.17.3+8ef948ba3e
	   |-- fabric-crash-report-info-v1 0.3.23+4ebb5c083e
	   |-- fabric-data-attachment-api-v1 1.8.47+eed0806f3e
	   |-- fabric-data-generation-api-v1 23.4.0+69974c4e3e
	   |-- fabric-dimensions-v1 4.0.28+4fc5413f3e
	   |-- fabric-entity-events-v1 3.1.1+1d0ab4303e
	   |-- fabric-events-interaction-v0 4.1.0+3b89ecf63e
	   |-- fabric-game-rule-api-v1 2.0.3+4fc5413f3e
	   |-- fabric-item-api-v1 11.5.20+d0c46b9e3e
	   |-- fabric-item-group-api-v1 4.2.36+4fc5413f3e
	   |-- fabric-key-binding-api-v1 1.1.7+4fc5413f3e
	   |-- fabric-lifecycle-events-v1 2.6.15+4ebb5c083e
	   |-- fabric-loot-api-v2 3.0.73+3f89f5a53e
	   |-- fabric-loot-api-v3 2.0.20+78c8b4663e
	   |-- fabric-message-api-v1 6.1.12+4ebb5c083e
	   |-- fabric-model-loading-api-v1 6.0.15+4fc5413f3e
	   |-- fabric-networking-api-v1 5.1.5+ae1e07683e
	   |-- fabric-object-builder-api-v1 21.1.39+4fc5413f3e
	   |-- fabric-particles-v1 4.2.11+4fc5413f3e
	   |-- fabric-recipe-api-v1 8.2.3+4ebb5c083e
	   |-- fabric-registry-sync-v0 6.2.5+1718722b3e
	   |-- fabric-renderer-api-v1 8.0.3+f4ffd2e53e
	   |-- fabric-renderer-indigo 5.0.3+f4ffd2e53e
	   |-- fabric-rendering-fluids-v1 3.1.43+4ebb5c083e
	   |-- fabric-rendering-v1 16.2.10+0290ad933e
	   |-- fabric-resource-conditions-api-v1 5.0.35+4fc5413f3e
	   |-- fabric-resource-loader-v0 3.3.4+4fc5413f3e
	   |-- fabric-resource-loader-v1 1.0.10+78c8b4663e
	   |-- fabric-screen-api-v1 3.1.7+4ebb5c083e
	   |-- fabric-screen-handler-api-v1 1.3.161+4fc5413f3e
	   |-- fabric-serialization-api-v1 1.0.5+4ebb5c083e
	   |-- fabric-sound-api-v1 1.0.51+4fc5413f3e
	   |-- fabric-tag-api-v1 1.2.20+4fc5413f3e
	   |-- fabric-transfer-api-v1 6.0.25+4fc5413f3e
	   \-- fabric-transitive-access-wideners-v1 7.1.0+014c8cec3e
	- fabricloader 0.19.2
	   \-- mixinextras 0.5.4
	- fallingtree 1.21.11.3
	- ferritecore 8.2.0
	- forgeconfigapiport 21.11.1
	   |-- com_electronwill_night-config_core 3.8.3
	   \-- com_electronwill_night-config_toml 3.8.3
	- globalxp 1.12.2
	- hardcorerevival 21.11.5
	- java 25
	- krypton 0.2.10
	   \-- com_velocitypowered_velocity-native 3.4.0-SNAPSHOT
	- lithium 0.21.4+mc1.21.11
	- lootr 1.21.11-1.20.34.103
	- minecraft 1.21.11
	- polymer-bundled 0.15.2+1.21.11
	   |-- polymer-autohost 0.15.2+1.21.11
	   |-- polymer-blocks 0.15.2+1.21.11
	   |-- polymer-common 0.15.2+1.21.11
	   |    \-- packet_tweaker 0.6.0+1.21.10
	   |-- polymer-core 0.15.2+1.21.11
	   |    |-- polymer-networking 0.15.2+1.21.11
	   |    |    \-- polymer-common 0.15.2+1.21.11
	   |    |         \-- packet_tweaker 0.6.0+1.21.10
	   |    \-- polymer-registry-sync-manipulator 0.15.2+1.21.11
	   |-- polymer-resource-pack 0.15.2+1.21.11
	   |    \-- polymer-common 0.15.2+1.21.11
	   |         \-- packet_tweaker 0.6.0+1.21.10
	   |-- polymer-resource-pack-extras 0.15.2+1.21.11
	   |-- polymer-sound-patcher 0.15.2+1.21.11
	   \-- polymer-virtual-entity 0.15.2+1.21.11
	        \-- polymer-common 0.15.2+1.21.11
	             \-- packet_tweaker 0.6.0+1.21.10
	- servercore 1.5.15+1.21.11
	   |-- org_yaml_snakeyaml 2.5
	   |-- placeholder-api 2.8.1+1.21.10
	   |-- space_arim_dazzleconf_dazzleconf-core 1.3.0-M2
	   \-- space_arim_dazzleconf_dazzleconf-ext-snakeyaml 1.3.0-M2
	- skinrestorer 2.7.0+1.21.11-fabric
	   \-- org_mineskin_java-client 3.2.1-SNAPSHOT
	- travelersbackpack 10.11.9
	- universal-graves 3.10.2+1.21.11
	   |-- common-protection-api 1.0.0
	   |-- placeholder-api 2.8.1+1.21.10
	   |-- predicate-api 0.7.0+1.21.11
	   |-- server_translations_api 2.5.2+1.21.9-pre3
	   \-- sgui 1.11.0+1.21.9
	- waystones 21.11.9
	- xaerominimap 25.3.10
	   \-- xaerolib 1.1.0
[04:54:48] [main/WARN]: Found 1 non-fabric mod:
	- LuckPerms-Bukkit-5.5.17.jar
[04:54:49] [main/INFO]: SpongePowered MIXIN Subsystem Version=0.8.7 Source=file:/workspaces/elserversex/libraries/net/fabricmc/sponge-mixin/0.17.2+mixin.0.8.7/sponge-mixin-0.17.2+mixin.0.8.7.jar Service=Knot/Fabric Env=SERVER
[04:54:49] [main/INFO]: Compatibility level set to JAVA_17
[04:54:49] [main/INFO]: Compatibility level set to JAVA_21
[04:54:49] [main/WARN]: Reference map 'balm.refmap.json' for balm.mixins.json could not be read. If this is a development environment you can ignore this message
[04:54:49] [main/WARN]: Reference map 'balm.refmap.json' for balm.api.mixins.json could not be read. If this is a development environment you can ignore this message
[04:54:49] [main/WARN]: Reference map 'balm.refmap.json' for balm.fabric.mixins.json could not be read. If this is a development environment you can ignore this message
[04:54:49] [main/WARN]: Reference map 'globalxp.refmap.json' for globalxp.mixins.json could not be read. If this is a development environment you can ignore this message
[04:54:49] [main/WARN]: Reference map 'hardcorerevival.refmap.json' for hardcorerevival.mixins.json could not be read. If this is a development environment you can ignore this message
[04:54:49] [main/WARN]: Reference map 'kuma_api.refmap.json' for kuma_api.mixins.json could not be read. If this is a development environment you can ignore this message
[04:54:49] [main/WARN]: Reference map 'kuma_api.refmap.json' for kuma_api.fabric.mixins.json could not be read. If this is a development environment you can ignore this message
[04:54:49] [main/INFO]: Loaded configuration file for Lithium: 171 options available, 0 override(s) found.
[04:54:50] [main/WARN]: Reference map 'skinrestorer.refmap.json' for skinrestorer.mixins.json could not be read. If this is a development environment you can ignore this message
[04:54:50] [main/WARN]: Reference map 'skinrestorer.refmap.json' for skinrestorer.fabric.mixins.json could not be read. If this is a development environment you can ignore this message
[04:54:50] [main/WARN]: Reference map 'waystones.refmap.json' for waystones.mixins.json could not be read. If this is a development environment you can ignore this message
[04:54:50] [main/WARN]: Reference map 'waystones.refmap.json' for waystones.fabric.mixins.json could not be read. If this is a development environment you can ignore this message
[04:54:50] [main/WARN]: Reference map 'xaerolib.refmap.json' for xaerolib.mixins.json could not be read. If this is a development environment you can ignore this message
[04:54:50] [main/WARN]: Reference map 'xaerominimap.refmap.json' for xaerohud.mixins.json could not be read. If this is a development environment you can ignore this message
[04:54:50] [main/WARN]: Reference map 'xaerominimap.refmap.json' for xaerohud.fabric.mixins.json could not be read. If this is a development environment you can ignore this message
[04:54:50] [main/WARN]: Reference map 'xaerominimap.refmap.json' for xaerominimap.mixins.json could not be read. If this is a development environment you can ignore this message
[04:54:51] [main/WARN]: Error loading class: com/simibubi/create/content/kinetics/base/BlockBreakingKineticBlockEntity (java.lang.ClassNotFoundException: com/simibubi/create/content/kinetics/base/BlockBreakingKineticBlockEntity)
[04:54:51] [main/INFO]: Initializing MixinExtras via com.llamalad7.mixinextras.service.MixinExtrasServiceImpl(version=0.5.4).
WARNING: A terminally deprecated method in sun.misc.Unsafe has been called
WARNING: sun.misc.Unsafe::objectFieldOffset has been called by org.joml.MemUtil$MemUtilUnsafe (file:/workspaces/elserversex/libraries/org/joml/joml/1.10.8/joml-1.10.8.jar)
WARNING: Please consider reporting this to the maintainers of class org.joml.MemUtil$MemUtilUnsafe
WARNING: sun.misc.Unsafe::objectFieldOffset will be removed in a future release
[04:55:10] [main/INFO]: Successfully initialized antixray for fabric
[04:55:10] [main/INFO]: [Dynamic Lights] Loaded Dynamic Lights by Tschipcraft successfully!
[04:55:10] [main/INFO]: [EssentialCommands]: Mod Load Initiated.
[04:55:11] [main/INFO]: [EssentialCommands]: Mod Load Complete.
[04:55:12] [ForkJoinPool.commonPool-worker-1/INFO]: Essential Commands is up to date!
[04:55:12] [main/INFO]: Compression will use libdeflate (Linux x86_64), encryption will use OpenSSL 3.x.x (Linux x86_64)
[04:55:12] [main/INFO]: [ServerCore] Loaded V1.5.15+1.21.11!
Apr 27, 2026 4:55:13 AM org.mineskin.ClientBuilder build
WARNING: Creating MineSkinClient without API key - Please get an API key from https://account.mineskin.org/keys
[04:55:14] [main/INFO]: Registered the FluidEffect with Unique ID of minecraft:water for Water (Fluid Amount Required: 81000) with the ID 0
[04:55:14] [main/INFO]: Registered the FluidEffect with Unique ID of minecraft:lava for Lava (Fluid Amount Required: 81000) with the ID 1
[04:55:14] [main/INFO]: Registered the FluidEffect with Unique ID of travelersbackpack:potion for block.travelersbackpack.potion_still (Fluid Amount Required: 27000) with the ID 2
[04:55:14] [main/INFO]: Registered the FluidEffect with Unique ID of minecraft:milk for Air (Fluid Amount Required: 81000) with the ID 3
[04:55:15] [main/INFO]: Krypton is now accelerating your Minecraft server's networking stack 🚀
[04:55:15] [main/INFO]: Registering common data for channel xaerolib:main!
[04:55:15] [main/INFO]: Loading primary common config for channel xaerolib:main!
[04:55:15] [main/INFO]: Loading server config profiles for channel xaerolib:main!
[04:55:15] [main/INFO]: Loading XaeroLib common 1/2!
[04:55:15] [main/INFO]: Loading XaeroLib server 1/2!
[04:55:15] [main/INFO]: Registering common data for channel xaerominimap:main!
[04:55:15] [main/INFO]: Loading primary common config for channel xaerominimap:main!
[04:55:15] [main/INFO]: Loading server config profiles for channel xaerominimap:main!
[04:55:15] [main/INFO]: Loading Xaero's Minimap - Stage 1/2 (Server)
[04:55:15] [main/INFO]: Environment: Environment[sessionHost=https://sessionserver.mojang.com, servicesHost=https://api.minecraftservices.com, profilesHost=https://api.mojang.com, name=PROD]
[04:55:22] [main/INFO]: Loaded 1654 recipes
[04:55:23] [main/INFO]: Loaded 1806 advancements
[04:55:23] [ForkJoinPool.commonPool-worker-1/INFO]: Loaded 58 translation keys
[04:55:23] [main/INFO]: Applied 63 biome modifications to 63 of 65 new biomes in 17.67 ms
[04:55:23] [Server thread/INFO]: Loading XaeroLib common 2/2!
[04:55:23] [Server thread/INFO]: Loading XaeroLib server 2/2!
[04:55:23] [Server thread/INFO]: Starting minecraft server version 1.21.11
[04:55:23] [Server thread/INFO]: Loading properties
[04:55:23] [Server thread/INFO]: Default game type: SURVIVAL
[04:55:23] [Server thread/INFO]: Generating keypair
[04:55:24] [Server thread/INFO]: Starting Minecraft server on *:25565
[04:55:24] [Server thread/WARN]: **** SERVER IS RUNNING IN OFFLINE/INSECURE MODE!
[04:55:24] [Server thread/WARN]: The server will make no attempt to authenticate usernames. Beware.
[04:55:24] [Server thread/WARN]: While this makes the game possible to play without internet access, it also opens up the ability for hackers to connect with any username they choose.
[04:55:24] [Server thread/WARN]: To change this, set "online-mode" to "true" in the server.properties file.
[04:55:24] [Server thread/INFO]: Preparing level "world"
[04:55:25] [Server thread/INFO]: Loading 0 persistent chunks...
[04:55:25] [Server thread/INFO]: Preparing spawn area: 100%
[04:55:25] [Server thread/INFO]: Time elapsed: 12 ms
[04:55:25] [Server thread/INFO]: Done (0.894s)! For help, type "help"
[04:55:25] [Server thread/INFO]: Possible world ids: minecraft:overworld,minecraft:the_end,minecraft:the_nether
[04:55:25] [Server thread/INFO]: Configured `rtp_enabled_worlds` world ids: minecraft:overworld
[04:55:25] [Server thread/INFO]: All configured `rtp_enabled_worlds` world ids are valid.
[04:55:25] [Server thread/INFO]: Loading Xaero's Minimap - Stage 2/2 (Server)
[04:56:55] [Server thread/INFO]: alkeys[/127.51.148.55:51693] logged in with entity id 32 at (-2360.699999988079, 86.0, 839.3000000119209)
[04:56:55] [Server thread/INFO]: [Essential Commands] Loading PlayerData for player with uuid 'a705d6a9-583d-33ac-8ecf-59691f80d283'.
[04:56:56] [Server thread/INFO]: alkeys joined the game
[04:56:56] [Server thread/INFO]: [Essential Commands] Loading PlayerProfile for player with uuid 'a705d6a9-583d-33ac-8ecf-59691f80d283'.
[04:56:57] [Server thread/WARN]: Can't keep up! Is the server overloaded? Running 3347ms or 66 ticks behind
[04:57:08] [Server thread/WARN]: alkeys moved too quickly! -5.85728772072116,5.419999986886978,6.153918164117613
[04:57:09] [Server thread/INFO]: ArmandoMtrz[/127.230.163.113:40191] logged in with entity id 68 at (-2351.699999988079, 72.0, 831.1697549555552)
[04:57:09] [Server thread/INFO]: [Essential Commands] Loading PlayerData for player with uuid '01437efa-ff8e-3a5b-b190-b0e07f4d0887'.
[04:57:09] [Server thread/INFO]: ArmandoMtrz joined the game
[04:57:09] [Server thread/INFO]: [Essential Commands] Loading PlayerProfile for player with uuid '01437efa-ff8e-3a5b-b190-b0e07f4d0887'.
[04:57:10] [Server thread/INFO]: bryan13[/127.109.75.12:40617] logged in with entity id 71 at (-2358.9814666887683, 80.25220334025373, 828.1259730494783)
[04:57:10] [Server thread/INFO]: [Essential Commands] Loading PlayerData for player with uuid 'f58785a7-6f31-3493-86e0-bef8c4556536'.
[04:57:10] [Server thread/INFO]: bryan13 joined the game
[04:57:10] [Server thread/INFO]: [Essential Commands] Loading PlayerProfile for player with uuid 'f58785a7-6f31-3493-86e0-bef8c4556536'.
[04:57:32] [Server thread/WARN]: Can't keep up! Is the server overloaded? Running 20077ms or 401 ticks behind
[04:57:52] [Server thread/WARN]: Can't keep up! Is the server overloaded? Running 4609ms or 92 ticks behind
[04:58:07] [Server thread/INFO]: Stopping server
[04:58:07] [Server thread/INFO]: Saving players
[93m⚠ ⏳ Auto-restart en 10 segundos (reinicio #3)[0m
[94mℹ [2026-04-27 04:58:24] Iniciando servidor (intento 4)[0m
[92m✔ Iniciando fabric 1.21.11[0m
[94mℹ 🔄 Servidor ejecutándose en background (escuchando forever)[0m
Starting net.fabricmc.loader.impl.game.minecraft.BundlerClassPathCapture
[04:58:28] [main/INFO]: Loading Minecraft 1.21.11 with Fabric Loader 0.19.2
[04:58:29] [main/WARN]: Warnings were found!
 - Mod 'Dynamic Lights' (dynamiclights) 1.9.2+mod recommends any version of midnightlib, which is missing!
	 - You should install any version of midnightlib for the optimal experience.
 - Mod 'Forge Config API Port' (forgeconfigapiport) 21.11.1 recommends any version of modmenu, which is missing!
	 - You should install any version of modmenu for the optimal experience.
[04:58:29] [main/INFO]: Loading 91 mods:
	- antixray 1.4.14
	   |-- com_moandjiezana_toml_toml4j 0.7.2
	   \-- fabric-permissions-api-v0 0.6.1
	- balm 21.11.9
	   \-- kuma_api 21.11.12
	- cloth-config 21.11.153
	   \-- cloth-basic-math 0.6.1
	- dynamiclights 1.9.2+mod
	- essential_commands 0.38.6-mc1.21.11
	   |-- ec-core 1.3.0-mc1.21.11
	   |-- fabric-permissions-api-v0 0.6.1
	   |-- org_yaml_snakeyaml 2.5
	   |-- placeholder-api 2.8.1+1.21.10
	   \-- playerabilitylib 1.15.0
	- fabric-api 0.141.3+1.21.11
	   |-- fabric-api-base 1.0.5+4ebb5c083e
	   |-- fabric-api-lookup-api-v1 1.6.114+20dc27073e
	   |-- fabric-biome-api-v1 17.1.1+4fc5413f3e
	   |-- fabric-block-api-v1 1.1.10+4ebb5c083e
	   |-- fabric-block-view-api-v2 1.0.39+4ebb5c083e
	   |-- fabric-command-api-v2 2.4.7+6b42a6003e
	   |-- fabric-content-registries-v0 10.2.14+4fc5413f3e
	   |-- fabric-convention-tags-v1 2.1.55+7f945d5b3e
	   |-- fabric-convention-tags-v2 2.17.3+8ef948ba3e
	   |-- fabric-crash-report-info-v1 0.3.23+4ebb5c083e
	   |-- fabric-data-attachment-api-v1 1.8.47+eed0806f3e
	   |-- fabric-data-generation-api-v1 23.4.0+69974c4e3e
	   |-- fabric-dimensions-v1 4.0.28+4fc5413f3e
	   |-- fabric-entity-events-v1 3.1.1+1d0ab4303e
	   |-- fabric-events-interaction-v0 4.1.0+3b89ecf63e
	   |-- fabric-game-rule-api-v1 2.0.3+4fc5413f3e
	   |-- fabric-item-api-v1 11.5.20+d0c46b9e3e
	   |-- fabric-item-group-api-v1 4.2.36+4fc5413f3e
	   |-- fabric-key-binding-api-v1 1.1.7+4fc5413f3e
	   |-- fabric-lifecycle-events-v1 2.6.15+4ebb5c083e
	   |-- fabric-loot-api-v2 3.0.73+3f89f5a53e
	   |-- fabric-loot-api-v3 2.0.20+78c8b4663e
	   |-- fabric-message-api-v1 6.1.12+4ebb5c083e
	   |-- fabric-model-loading-api-v1 6.0.15+4fc5413f3e
	   |-- fabric-networking-api-v1 5.1.5+ae1e07683e
	   |-- fabric-object-builder-api-v1 21.1.39+4fc5413f3e
	   |-- fabric-particles-v1 4.2.11+4fc5413f3e
	   |-- fabric-recipe-api-v1 8.2.3+4ebb5c083e
	   |-- fabric-registry-sync-v0 6.2.5+1718722b3e
	   |-- fabric-renderer-api-v1 8.0.3+f4ffd2e53e
	   |-- fabric-renderer-indigo 5.0.3+f4ffd2e53e
	   |-- fabric-rendering-fluids-v1 3.1.43+4ebb5c083e
	   |-- fabric-rendering-v1 16.2.10+0290ad933e
	   |-- fabric-resource-conditions-api-v1 5.0.35+4fc5413f3e
	   |-- fabric-resource-loader-v0 3.3.4+4fc5413f3e
	   |-- fabric-resource-loader-v1 1.0.10+78c8b4663e
	   |-- fabric-screen-api-v1 3.1.7+4ebb5c083e
	   |-- fabric-screen-handler-api-v1 1.3.161+4fc5413f3e
	   |-- fabric-serialization-api-v1 1.0.5+4ebb5c083e
	   |-- fabric-sound-api-v1 1.0.51+4fc5413f3e
	   |-- fabric-tag-api-v1 1.2.20+4fc5413f3e
	   |-- fabric-transfer-api-v1 6.0.25+4fc5413f3e
	   \-- fabric-transitive-access-wideners-v1 7.1.0+014c8cec3e
	- fabricloader 0.19.2
	   \-- mixinextras 0.5.4
	- fallingtree 1.21.11.3
	- ferritecore 8.2.0
	- forgeconfigapiport 21.11.1
	   |-- com_electronwill_night-config_core 3.8.3
	   \-- com_electronwill_night-config_toml 3.8.3
	- globalxp 1.12.2
	- hardcorerevival 21.11.5
	- java 25
	- krypton 0.2.10
	   \-- com_velocitypowered_velocity-native 3.4.0-SNAPSHOT
	- lithium 0.21.4+mc1.21.11
	- lootr 1.21.11-1.20.34.103
	- minecraft 1.21.11
	- polymer-bundled 0.15.2+1.21.11
	   |-- polymer-autohost 0.15.2+1.21.11
	   |-- polymer-blocks 0.15.2+1.21.11
	   |-- polymer-common 0.15.2+1.21.11
	   |    \-- packet_tweaker 0.6.0+1.21.10
	   |-- polymer-core 0.15.2+1.21.11
	   |    |-- polymer-networking 0.15.2+1.21.11
	   |    |    \-- polymer-common 0.15.2+1.21.11
	   |    |         \-- packet_tweaker 0.6.0+1.21.10
	   |    \-- polymer-registry-sync-manipulator 0.15.2+1.21.11
	   |-- polymer-resource-pack 0.15.2+1.21.11
	   |    \-- polymer-common 0.15.2+1.21.11
	   |         \-- packet_tweaker 0.6.0+1.21.10
	   |-- polymer-resource-pack-extras 0.15.2+1.21.11
	   |-- polymer-sound-patcher 0.15.2+1.21.11
	   \-- polymer-virtual-entity 0.15.2+1.21.11
	        \-- polymer-common 0.15.2+1.21.11
	             \-- packet_tweaker 0.6.0+1.21.10
	- servercore 1.5.15+1.21.11
	   |-- org_yaml_snakeyaml 2.5
	   |-- placeholder-api 2.8.1+1.21.10
	   |-- space_arim_dazzleconf_dazzleconf-core 1.3.0-M2
	   \-- space_arim_dazzleconf_dazzleconf-ext-snakeyaml 1.3.0-M2
	- skinrestorer 2.7.0+1.21.11-fabric
	   \-- org_mineskin_java-client 3.2.1-SNAPSHOT
	- travelersbackpack 10.11.9
	- universal-graves 3.10.2+1.21.11
	   |-- common-protection-api 1.0.0
	   |-- placeholder-api 2.8.1+1.21.10
	   |-- predicate-api 0.7.0+1.21.11
	   |-- server_translations_api 2.5.2+1.21.9-pre3
	   \-- sgui 1.11.0+1.21.9
	- waystones 21.11.9
	- xaerominimap 25.3.10
	   \-- xaerolib 1.1.0
[04:58:29] [main/WARN]: Found 1 non-fabric mod:
	- LuckPerms-Bukkit-5.5.17.jar
[04:58:29] [main/INFO]: SpongePowered MIXIN Subsystem Version=0.8.7 Source=file:/workspaces/elserversex/libraries/net/fabricmc/sponge-mixin/0.17.2+mixin.0.8.7/sponge-mixin-0.17.2+mixin.0.8.7.jar Service=Knot/Fabric Env=SERVER
[04:58:29] [main/INFO]: Compatibility level set to JAVA_17
[04:58:29] [main/INFO]: Compatibility level set to JAVA_21
[04:58:30] [main/WARN]: Reference map 'balm.refmap.json' for balm.mixins.json could not be read. If this is a development environment you can ignore this message
[04:58:30] [main/WARN]: Reference map 'balm.refmap.json' for balm.api.mixins.json could not be read. If this is a development environment you can ignore this message
[04:58:30] [main/WARN]: Reference map 'balm.refmap.json' for balm.fabric.mixins.json could not be read. If this is a development environment you can ignore this message
[04:58:30] [main/WARN]: Reference map 'globalxp.refmap.json' for globalxp.mixins.json could not be read. If this is a development environment you can ignore this message
[04:58:30] [main/WARN]: Reference map 'hardcorerevival.refmap.json' for hardcorerevival.mixins.json could not be read. If this is a development environment you can ignore this message
[04:58:30] [main/WARN]: Reference map 'kuma_api.refmap.json' for kuma_api.mixins.json could not be read. If this is a development environment you can ignore this message
[04:58:30] [main/WARN]: Reference map 'kuma_api.refmap.json' for kuma_api.fabric.mixins.json could not be read. If this is a development environment you can ignore this message
[04:58:30] [main/INFO]: Loaded configuration file for Lithium: 171 options available, 0 override(s) found.
[04:58:30] [main/WARN]: Reference map 'skinrestorer.refmap.json' for skinrestorer.mixins.json could not be read. If this is a development environment you can ignore this message
[04:58:30] [main/WARN]: Reference map 'skinrestorer.refmap.json' for skinrestorer.fabric.mixins.json could not be read. If this is a development environment you can ignore this message
[04:58:30] [main/WARN]: Reference map 'waystones.refmap.json' for waystones.mixins.json could not be read. If this is a development environment you can ignore this message
[04:58:30] [main/WARN]: Reference map 'waystones.refmap.json' for waystones.fabric.mixins.json could not be read. If this is a development environment you can ignore this message
[04:58:30] [main/WARN]: Reference map 'xaerolib.refmap.json' for xaerolib.mixins.json could not be read. If this is a development environment you can ignore this message
[04:58:30] [main/WARN]: Reference map 'xaerominimap.refmap.json' for xaerohud.mixins.json could not be read. If this is a development environment you can ignore this message
[04:58:30] [main/WARN]: Reference map 'xaerominimap.refmap.json' for xaerohud.fabric.mixins.json could not be read. If this is a development environment you can ignore this message
[04:58:30] [main/WARN]: Reference map 'xaerominimap.refmap.json' for xaerominimap.mixins.json could not be read. If this is a development environment you can ignore this message
[04:58:32] [main/WARN]: Error loading class: com/simibubi/create/content/kinetics/base/BlockBreakingKineticBlockEntity (java.lang.ClassNotFoundException: com/simibubi/create/content/kinetics/base/BlockBreakingKineticBlockEntity)
[04:58:33] [main/INFO]: Initializing MixinExtras via com.llamalad7.mixinextras.service.MixinExtrasServiceImpl(version=0.5.4).
WARNING: A terminally deprecated method in sun.misc.Unsafe has been called
WARNING: sun.misc.Unsafe::objectFieldOffset has been called by org.joml.MemUtil$MemUtilUnsafe (file:/workspaces/elserversex/libraries/org/joml/joml/1.10.8/joml-1.10.8.jar)
WARNING: Please consider reporting this to the maintainers of class org.joml.MemUtil$MemUtilUnsafe
WARNING: sun.misc.Unsafe::objectFieldOffset will be removed in a future release
[04:59:01] [main/INFO]: Successfully initialized antixray for fabric
[04:59:01] [main/INFO]: [Dynamic Lights] Loaded Dynamic Lights by Tschipcraft successfully!
[04:59:01] [main/INFO]: [EssentialCommands]: Mod Load Initiated.
[04:59:02] [main/INFO]: [EssentialCommands]: Mod Load Complete.
[04:59:03] [ForkJoinPool.commonPool-worker-1/INFO]: Essential Commands is up to date!
[04:59:04] [main/INFO]: Compression will use libdeflate (Linux x86_64), encryption will use OpenSSL 3.x.x (Linux x86_64)
[04:59:04] [main/INFO]: [ServerCore] Loaded V1.5.15+1.21.11!
Apr 27, 2026 4:59:05 AM org.mineskin.ClientBuilder build
WARNING: Creating MineSkinClient without API key - Please get an API key from https://account.mineskin.org/keys
[04:59:06] [main/INFO]: Registered the FluidEffect with Unique ID of minecraft:water for Water (Fluid Amount Required: 81000) with the ID 0
[04:59:06] [main/INFO]: Registered the FluidEffect with Unique ID of minecraft:lava for Lava (Fluid Amount Required: 81000) with the ID 1
[04:59:06] [main/INFO]: Registered the FluidEffect with Unique ID of travelersbackpack:potion for block.travelersbackpack.potion_still (Fluid Amount Required: 27000) with the ID 2
[04:59:06] [main/INFO]: Registered the FluidEffect with Unique ID of minecraft:milk for Air (Fluid Amount Required: 81000) with the ID 3
[04:59:06] [main/INFO]: Krypton is now accelerating your Minecraft server's networking stack 🚀
[04:59:07] [main/INFO]: Registering common data for channel xaerolib:main!
[04:59:07] [main/INFO]: Loading primary common config for channel xaerolib:main!
[04:59:07] [main/INFO]: Loading server config profiles for channel xaerolib:main!
[04:59:07] [main/INFO]: Loading XaeroLib common 1/2!
[04:59:07] [main/INFO]: Loading XaeroLib server 1/2!
[04:59:07] [main/INFO]: Registering common data for channel xaerominimap:main!
[04:59:07] [main/INFO]: Loading primary common config for channel xaerominimap:main!
[04:59:07] [main/INFO]: Loading server config profiles for channel xaerominimap:main!
[04:59:07] [main/INFO]: Loading Xaero's Minimap - Stage 1/2 (Server)
[04:59:07] [main/INFO]: Environment: Environment[sessionHost=https://sessionserver.mojang.com, servicesHost=https://api.minecraftservices.com, profilesHost=https://api.mojang.com, name=PROD]
[04:59:12] [main/INFO]: Loaded 1654 recipes
[04:59:12] [main/INFO]: Loaded 1806 advancements
[04:59:12] [ForkJoinPool.commonPool-worker-1/INFO]: Loaded 58 translation keys
[04:59:13] [main/INFO]: Applied 63 biome modifications to 63 of 65 new biomes in 36.03 ms
[04:59:14] [Server thread/INFO]: Loading XaeroLib common 2/2!
[04:59:14] [Server thread/INFO]: Loading XaeroLib server 2/2!
[04:59:14] [Server thread/INFO]: Starting minecraft server version 1.21.11
[04:59:14] [Server thread/INFO]: Loading properties
[04:59:14] [Server thread/INFO]: Default game type: SURVIVAL
[04:59:14] [Server thread/INFO]: Generating keypair
[04:59:14] [Server thread/INFO]: Starting Minecraft server on *:25565
[04:59:14] [Server thread/WARN]: **** SERVER IS RUNNING IN OFFLINE/INSECURE MODE!
[04:59:14] [Server thread/WARN]: The server will make no attempt to authenticate usernames. Beware.
[04:59:14] [Server thread/WARN]: While this makes the game possible to play without internet access, it also opens up the ability for hackers to connect with any username they choose.
[04:59:14] [Server thread/WARN]: To change this, set "online-mode" to "true" in the server.properties file.
[04:59:14] [Server thread/INFO]: Preparing level "world"
[04:59:16] [Server thread/INFO]: Loading 0 persistent chunks...
[04:59:16] [Server thread/INFO]: Preparing spawn area: 100%
[04:59:16] [Server thread/INFO]: Time elapsed: 16 ms
[04:59:16] [Server thread/INFO]: Done (1.504s)! For help, type "help"
[04:59:16] [Server thread/INFO]: Possible world ids: minecraft:overworld,minecraft:the_end,minecraft:the_nether
[04:59:16] [Server thread/INFO]: Configured `rtp_enabled_worlds` world ids: minecraft:overworld
[04:59:16] [Server thread/INFO]: All configured `rtp_enabled_worlds` world ids are valid.
[04:59:16] [Server thread/INFO]: Loading Xaero's Minimap - Stage 2/2 (Server)
[04:59:43] [Server thread/INFO]: alkeys[/127.51.148.55:53903] logged in with entity id 44 at (-2403.4965495704487, 103.0, 822.3002561414628)
[04:59:43] [Server thread/INFO]: [Essential Commands] Loading PlayerData for player with uuid 'a705d6a9-583d-33ac-8ecf-59691f80d283'.
[04:59:43] [Server thread/INFO]: alkeys joined the game
[04:59:43] [Server thread/INFO]: [Essential Commands] Loading PlayerProfile for player with uuid 'a705d6a9-583d-33ac-8ecf-59691f80d283'.
[04:59:43] [Server thread/INFO]: bryan13[/127.109.75.12:53523] logged in with entity id 45 at (-2402.1170609226856, 103.0, 823.3394080289255)
[04:59:43] [Server thread/INFO]: [Essential Commands] Loading PlayerData for player with uuid 'f58785a7-6f31-3493-86e0-bef8c4556536'.
[04:59:44] [Server thread/INFO]: bryan13 joined the game
[04:59:44] [Server thread/INFO]: [Essential Commands] Loading PlayerProfile for player with uuid 'f58785a7-6f31-3493-86e0-bef8c4556536'.
[04:59:44] [Server thread/WARN]: Can't keep up! Is the server overloaded? Running 2022ms or 40 ticks behind
[05:00:04] [Server thread/WARN]: Can't keep up! Is the server overloaded? Running 4454ms or 89 ticks behind
[05:00:22] [Server thread/WARN]: Can't keep up! Is the server overloaded? Running 3038ms or 60 ticks behind
[05:00:22] [Server thread/INFO]: ArmandoMtrz[/127.230.163.113:52565] logged in with entity id 253 at (-2436.383541844983, 94.25220334025373, 799.3365134353586)
[05:00:22] [Server thread/INFO]: [Essential Commands] Loading PlayerData for player with uuid '01437efa-ff8e-3a5b-b190-b0e07f4d0887'.
[05:00:22] [Server thread/INFO]: ArmandoMtrz joined the game
[05:00:22] [Server thread/INFO]: [Essential Commands] Loading PlayerProfile for player with uuid '01437efa-ff8e-3a5b-b190-b0e07f4d0887'.
[05:00:41] [Server thread/WARN]: Can't keep up! Is the server overloaded? Running 4001ms or 80 ticks behind
[05:01:14] [Server thread/WARN]: Can't keep up! Is the server overloaded? Running 2036ms or 40 ticks behind
[93m⚠ ⏳ Auto-restart en 10 segundos (reinicio #4)[0m
[94mℹ [2026-04-27 05:01:32] Iniciando servidor (intento 5)[0m
[92m✔ Iniciando fabric 1.21.11[0m
[94mℹ 🔄 Servidor ejecutándose en background (escuchando forever)[0m
Starting net.fabricmc.loader.impl.game.minecraft.BundlerClassPathCapture
[05:01:39] [main/INFO]: Loading Minecraft 1.21.11 with Fabric Loader 0.19.2
[05:01:40] [main/WARN]: Warnings were found!
 - Mod 'Dynamic Lights' (dynamiclights) 1.9.2+mod recommends any version of midnightlib, which is missing!
	 - You should install any version of midnightlib for the optimal experience.
 - Mod 'Forge Config API Port' (forgeconfigapiport) 21.11.1 recommends any version of modmenu, which is missing!
	 - You should install any version of modmenu for the optimal experience.
[05:01:40] [main/INFO]: Loading 91 mods:
	- antixray 1.4.14
	   |-- com_moandjiezana_toml_toml4j 0.7.2
	   \-- fabric-permissions-api-v0 0.6.1
	- balm 21.11.9
	   \-- kuma_api 21.11.12
	- cloth-config 21.11.153
	   \-- cloth-basic-math 0.6.1
	- dynamiclights 1.9.2+mod
	- essential_commands 0.38.6-mc1.21.11
	   |-- ec-core 1.3.0-mc1.21.11
	   |-- fabric-permissions-api-v0 0.6.1
	   |-- org_yaml_snakeyaml 2.5
	   |-- placeholder-api 2.8.1+1.21.10
	   \-- playerabilitylib 1.15.0
	- fabric-api 0.141.3+1.21.11
	   |-- fabric-api-base 1.0.5+4ebb5c083e
	   |-- fabric-api-lookup-api-v1 1.6.114+20dc27073e
	   |-- fabric-biome-api-v1 17.1.1+4fc5413f3e
	   |-- fabric-block-api-v1 1.1.10+4ebb5c083e
	   |-- fabric-block-view-api-v2 1.0.39+4ebb5c083e
	   |-- fabric-command-api-v2 2.4.7+6b42a6003e
	   |-- fabric-content-registries-v0 10.2.14+4fc5413f3e
	   |-- fabric-convention-tags-v1 2.1.55+7f945d5b3e
	   |-- fabric-convention-tags-v2 2.17.3+8ef948ba3e
	   |-- fabric-crash-report-info-v1 0.3.23+4ebb5c083e
	   |-- fabric-data-attachment-api-v1 1.8.47+eed0806f3e
	   |-- fabric-data-generation-api-v1 23.4.0+69974c4e3e
	   |-- fabric-dimensions-v1 4.0.28+4fc5413f3e
	   |-- fabric-entity-events-v1 3.1.1+1d0ab4303e
	   |-- fabric-events-interaction-v0 4.1.0+3b89ecf63e
	   |-- fabric-game-rule-api-v1 2.0.3+4fc5413f3e
	   |-- fabric-item-api-v1 11.5.20+d0c46b9e3e
	   |-- fabric-item-group-api-v1 4.2.36+4fc5413f3e
	   |-- fabric-key-binding-api-v1 1.1.7+4fc5413f3e
	   |-- fabric-lifecycle-events-v1 2.6.15+4ebb5c083e
	   |-- fabric-loot-api-v2 3.0.73+3f89f5a53e
	   |-- fabric-loot-api-v3 2.0.20+78c8b4663e
	   |-- fabric-message-api-v1 6.1.12+4ebb5c083e
	   |-- fabric-model-loading-api-v1 6.0.15+4fc5413f3e
	   |-- fabric-networking-api-v1 5.1.5+ae1e07683e
	   |-- fabric-object-builder-api-v1 21.1.39+4fc5413f3e
	   |-- fabric-particles-v1 4.2.11+4fc5413f3e
	   |-- fabric-recipe-api-v1 8.2.3+4ebb5c083e
	   |-- fabric-registry-sync-v0 6.2.5+1718722b3e
	   |-- fabric-renderer-api-v1 8.0.3+f4ffd2e53e
	   |-- fabric-renderer-indigo 5.0.3+f4ffd2e53e
	   |-- fabric-rendering-fluids-v1 3.1.43+4ebb5c083e
	   |-- fabric-rendering-v1 16.2.10+0290ad933e
	   |-- fabric-resource-conditions-api-v1 5.0.35+4fc5413f3e
	   |-- fabric-resource-loader-v0 3.3.4+4fc5413f3e
	   |-- fabric-resource-loader-v1 1.0.10+78c8b4663e
	   |-- fabric-screen-api-v1 3.1.7+4ebb5c083e
	   |-- fabric-screen-handler-api-v1 1.3.161+4fc5413f3e
	   |-- fabric-serialization-api-v1 1.0.5+4ebb5c083e
	   |-- fabric-sound-api-v1 1.0.51+4fc5413f3e
	   |-- fabric-tag-api-v1 1.2.20+4fc5413f3e
	   |-- fabric-transfer-api-v1 6.0.25+4fc5413f3e
	   \-- fabric-transitive-access-wideners-v1 7.1.0+014c8cec3e
	- fabricloader 0.19.2
	   \-- mixinextras 0.5.4
	- fallingtree 1.21.11.3
	- ferritecore 8.2.0
	- forgeconfigapiport 21.11.1
	   |-- com_electronwill_night-config_core 3.8.3
	   \-- com_electronwill_night-config_toml 3.8.3
	- globalxp 1.12.2
	- hardcorerevival 21.11.5
	- java 25
	- krypton 0.2.10
	   \-- com_velocitypowered_velocity-native 3.4.0-SNAPSHOT
	- lithium 0.21.4+mc1.21.11
	- lootr 1.21.11-1.20.34.103
	- minecraft 1.21.11
	- polymer-bundled 0.15.2+1.21.11
	   |-- polymer-autohost 0.15.2+1.21.11
	   |-- polymer-blocks 0.15.2+1.21.11
	   |-- polymer-common 0.15.2+1.21.11
	   |    \-- packet_tweaker 0.6.0+1.21.10
	   |-- polymer-core 0.15.2+1.21.11
	   |    |-- polymer-networking 0.15.2+1.21.11
	   |    |    \-- polymer-common 0.15.2+1.21.11
	   |    |         \-- packet_tweaker 0.6.0+1.21.10
	   |    \-- polymer-registry-sync-manipulator 0.15.2+1.21.11
	   |-- polymer-resource-pack 0.15.2+1.21.11
	   |    \-- polymer-common 0.15.2+1.21.11
	   |         \-- packet_tweaker 0.6.0+1.21.10
	   |-- polymer-resource-pack-extras 0.15.2+1.21.11
	   |-- polymer-sound-patcher 0.15.2+1.21.11
	   \-- polymer-virtual-entity 0.15.2+1.21.11
	        \-- polymer-common 0.15.2+1.21.11
	             \-- packet_tweaker 0.6.0+1.21.10
	- servercore 1.5.15+1.21.11
	   |-- org_yaml_snakeyaml 2.5
	   |-- placeholder-api 2.8.1+1.21.10
	   |-- space_arim_dazzleconf_dazzleconf-core 1.3.0-M2
	   \-- space_arim_dazzleconf_dazzleconf-ext-snakeyaml 1.3.0-M2
	- skinrestorer 2.7.0+1.21.11-fabric
	   \-- org_mineskin_java-client 3.2.1-SNAPSHOT
	- travelersbackpack 10.11.9
	- universal-graves 3.10.2+1.21.11
	   |-- common-protection-api 1.0.0
	   |-- placeholder-api 2.8.1+1.21.10
	   |-- predicate-api 0.7.0+1.21.11
	   |-- server_translations_api 2.5.2+1.21.9-pre3
	   \-- sgui 1.11.0+1.21.9
	- waystones 21.11.9
	- xaerominimap 25.3.10
	   \-- xaerolib 1.1.0
[05:01:40] [main/WARN]: Found 1 non-fabric mod:
	- LuckPerms-Bukkit-5.5.17.jar
[05:01:41] [main/INFO]: SpongePowered MIXIN Subsystem Version=0.8.7 Source=file:/workspaces/elserversex/libraries/net/fabricmc/sponge-mixin/0.17.2+mixin.0.8.7/sponge-mixin-0.17.2+mixin.0.8.7.jar Service=Knot/Fabric Env=SERVER
[05:01:41] [main/INFO]: Compatibility level set to JAVA_17
[05:01:41] [main/INFO]: Compatibility level set to JAVA_21
[05:01:41] [main/WARN]: Reference map 'balm.refmap.json' for balm.mixins.json could not be read. If this is a development environment you can ignore this message
[05:01:41] [main/WARN]: Reference map 'balm.refmap.json' for balm.api.mixins.json could not be read. If this is a development environment you can ignore this message
[05:01:41] [main/WARN]: Reference map 'balm.refmap.json' for balm.fabric.mixins.json could not be read. If this is a development environment you can ignore this message
[05:01:42] [main/WARN]: Reference map 'globalxp.refmap.json' for globalxp.mixins.json could not be read. If this is a development environment you can ignore this message
[05:01:42] [main/WARN]: Reference map 'hardcorerevival.refmap.json' for hardcorerevival.mixins.json could not be read. If this is a development environment you can ignore this message
[05:01:42] [main/WARN]: Reference map 'kuma_api.refmap.json' for kuma_api.mixins.json could not be read. If this is a development environment you can ignore this message
[05:01:42] [main/WARN]: Reference map 'kuma_api.refmap.json' for kuma_api.fabric.mixins.json could not be read. If this is a development environment you can ignore this message
[05:01:42] [main/INFO]: Loaded configuration file for Lithium: 171 options available, 0 override(s) found.
[05:01:42] [main/WARN]: Reference map 'skinrestorer.refmap.json' for skinrestorer.mixins.json could not be read. If this is a development environment you can ignore this message
[05:01:43] [main/WARN]: Reference map 'skinrestorer.refmap.json' for skinrestorer.fabric.mixins.json could not be read. If this is a development environment you can ignore this message
[05:01:43] [main/WARN]: Reference map 'waystones.refmap.json' for waystones.mixins.json could not be read. If this is a development environment you can ignore this message
[05:01:43] [main/WARN]: Reference map 'waystones.refmap.json' for waystones.fabric.mixins.json could not be read. If this is a development environment you can ignore this message
[05:01:43] [main/WARN]: Reference map 'xaerolib.refmap.json' for xaerolib.mixins.json could not be read. If this is a development environment you can ignore this message
[05:01:43] [main/WARN]: Reference map 'xaerominimap.refmap.json' for xaerohud.mixins.json could not be read. If this is a development environment you can ignore this message
[05:01:43] [main/WARN]: Reference map 'xaerominimap.refmap.json' for xaerohud.fabric.mixins.json could not be read. If this is a development environment you can ignore this message
[05:01:43] [main/WARN]: Reference map 'xaerominimap.refmap.json' for xaerominimap.mixins.json could not be read. If this is a development environment you can ignore this message
[05:01:46] [main/WARN]: Error loading class: com/simibubi/create/content/kinetics/base/BlockBreakingKineticBlockEntity (java.lang.ClassNotFoundException: com/simibubi/create/content/kinetics/base/BlockBreakingKineticBlockEntity)
[05:01:48] [main/INFO]: Initializing MixinExtras via com.llamalad7.mixinextras.service.MixinExtrasServiceImpl(version=0.5.4).
WARNING: A terminally deprecated method in sun.misc.Unsafe has been called
WARNING: sun.misc.Unsafe::objectFieldOffset has been called by org.joml.MemUtil$MemUtilUnsafe (file:/workspaces/elserversex/libraries/org/joml/joml/1.10.8/joml-1.10.8.jar)
WARNING: Please consider reporting this to the maintainers of class org.joml.MemUtil$MemUtilUnsafe
WARNING: sun.misc.Unsafe::objectFieldOffset will be removed in a future release
[05:02:27] [main/INFO]: Successfully initialized antixray for fabric
[05:02:28] [main/INFO]: [Dynamic Lights] Loaded Dynamic Lights by Tschipcraft successfully!
[05:02:28] [main/INFO]: [EssentialCommands]: Mod Load Initiated.
[05:02:30] [main/INFO]: [EssentialCommands]: Mod Load Complete.
[05:02:34] [main/INFO]: Compression will use libdeflate (Linux x86_64), encryption will use OpenSSL 3.x.x (Linux x86_64)
[05:02:35] [main/INFO]: [ServerCore] Loaded V1.5.15+1.21.11!
Apr 27, 2026 5:02:35 AM org.mineskin.ClientBuilder build
WARNING: Creating MineSkinClient without API key - Please get an API key from https://account.mineskin.org/keys
[05:02:37] [main/INFO]: Registered the FluidEffect with Unique ID of minecraft:water for Water (Fluid Amount Required: 81000) with the ID 0
[05:02:37] [main/INFO]: Registered the FluidEffect with Unique ID of minecraft:lava for Lava (Fluid Amount Required: 81000) with the ID 1
[05:02:37] [main/INFO]: Registered the FluidEffect with Unique ID of travelersbackpack:potion for block.travelersbackpack.potion_still (Fluid Amount Required: 27000) with the ID 2
[05:02:37] [main/INFO]: Registered the FluidEffect with Unique ID of minecraft:milk for Air (Fluid Amount Required: 81000) with the ID 3
[05:02:38] [main/INFO]: Krypton is now accelerating your Minecraft server's networking stack 🚀
[05:02:38] [main/INFO]: Registering common data for channel xaerolib:main!
[05:02:38] [main/INFO]: Loading primary common config for channel xaerolib:main!
[05:02:38] [main/INFO]: Loading server config profiles for channel xaerolib:main!
[05:02:38] [main/INFO]: Loading XaeroLib common 1/2!
[05:02:38] [main/INFO]: Loading XaeroLib server 1/2!
[05:02:39] [main/INFO]: Registering common data for channel xaerominimap:main!
[05:02:39] [main/INFO]: Loading primary common config for channel xaerominimap:main!
[05:02:39] [main/INFO]: Loading server config profiles for channel xaerominimap:main!
[05:02:39] [main/INFO]: Loading Xaero's Minimap - Stage 1/2 (Server)
[05:02:40] [main/INFO]: Environment: Environment[sessionHost=https://sessionserver.mojang.com, servicesHost=https://api.minecraftservices.com, profilesHost=https://api.mojang.com, name=PROD]
[05:02:40] [main/ERROR]: Failed to start the minecraft server
net.minecraft.class_5125$class_5126: /workspaces/elserversex/./world/session.lock: already locked (possibly by other Minecraft instance?)
	at knot//net.minecraft.class_5125$class_5126.method_26805(class_5125.java:93)
	at knot//net.minecraft.class_5125.method_26803(class_5125.java:39)
	at knot//net.minecraft.class_32$class_5143.<init>(class_32.java:369)
	at knot//net.minecraft.class_32.method_52236(class_32.java:348)
	at knot//net.minecraft.server.Main.main(Main.java:138)
	at net.fabricmc.loader.impl.game.minecraft.MinecraftGameProvider.launch(MinecraftGameProvider.java:514)
	at net.fabricmc.loader.impl.launch.knot.Knot.launch(Knot.java:72)
	at net.fabricmc.loader.impl.launch.knot.KnotServer.main(KnotServer.java:23)
	at net.fabricmc.loader.impl.launch.server.FabricServerLauncher.main(FabricServerLauncher.java:69)
	at net.fabricmc.installer.ServerLauncher.main(ServerLauncher.java:69)
[93m⚠ ⏳ Auto-restart en 10 segundos (reinicio #5)[0m
[94mℹ [2026-04-27 05:02:50] Iniciando servidor (intento 6)[0m
[92m✔ Iniciando fabric 1.21.11[0m
[94mℹ 🔄 Servidor ejecutándose en background (escuchando forever)[0m
Starting net.fabricmc.loader.impl.game.minecraft.BundlerClassPathCapture
[05:02:57] [main/INFO]: Loading Minecraft 1.21.11 with Fabric Loader 0.19.2
[05:02:58] [main/WARN]: Warnings were found!
 - Mod 'Dynamic Lights' (dynamiclights) 1.9.2+mod recommends any version of midnightlib, which is missing!
	 - You should install any version of midnightlib for the optimal experience.
 - Mod 'Forge Config API Port' (forgeconfigapiport) 21.11.1 recommends any version of modmenu, which is missing!
	 - You should install any version of modmenu for the optimal experience.
[05:02:58] [main/INFO]: Loading 91 mods:
	- antixray 1.4.14
	   |-- com_moandjiezana_toml_toml4j 0.7.2
	   \-- fabric-permissions-api-v0 0.6.1
	- balm 21.11.9
	   \-- kuma_api 21.11.12
	- cloth-config 21.11.153
	   \-- cloth-basic-math 0.6.1
	- dynamiclights 1.9.2+mod
	- essential_commands 0.38.6-mc1.21.11
	   |-- ec-core 1.3.0-mc1.21.11
	   |-- fabric-permissions-api-v0 0.6.1
	   |-- org_yaml_snakeyaml 2.5
	   |-- placeholder-api 2.8.1+1.21.10
	   \-- playerabilitylib 1.15.0
	- fabric-api 0.141.3+1.21.11
	   |-- fabric-api-base 1.0.5+4ebb5c083e
	   |-- fabric-api-lookup-api-v1 1.6.114+20dc27073e
	   |-- fabric-biome-api-v1 17.1.1+4fc5413f3e
	   |-- fabric-block-api-v1 1.1.10+4ebb5c083e
	   |-- fabric-block-view-api-v2 1.0.39+4ebb5c083e
	   |-- fabric-command-api-v2 2.4.7+6b42a6003e
	   |-- fabric-content-registries-v0 10.2.14+4fc5413f3e
	   |-- fabric-convention-tags-v1 2.1.55+7f945d5b3e
	   |-- fabric-convention-tags-v2 2.17.3+8ef948ba3e
	   |-- fabric-crash-report-info-v1 0.3.23+4ebb5c083e
	   |-- fabric-data-attachment-api-v1 1.8.47+eed0806f3e
	   |-- fabric-data-generation-api-v1 23.4.0+69974c4e3e
	   |-- fabric-dimensions-v1 4.0.28+4fc5413f3e
	   |-- fabric-entity-events-v1 3.1.1+1d0ab4303e
	   |-- fabric-events-interaction-v0 4.1.0+3b89ecf63e
	   |-- fabric-game-rule-api-v1 2.0.3+4fc5413f3e
	   |-- fabric-item-api-v1 11.5.20+d0c46b9e3e
	   |-- fabric-item-group-api-v1 4.2.36+4fc5413f3e
	   |-- fabric-key-binding-api-v1 1.1.7+4fc5413f3e
	   |-- fabric-lifecycle-events-v1 2.6.15+4ebb5c083e
	   |-- fabric-loot-api-v2 3.0.73+3f89f5a53e
	   |-- fabric-loot-api-v3 2.0.20+78c8b4663e
	   |-- fabric-message-api-v1 6.1.12+4ebb5c083e
	   |-- fabric-model-loading-api-v1 6.0.15+4fc5413f3e
	   |-- fabric-networking-api-v1 5.1.5+ae1e07683e
	   |-- fabric-object-builder-api-v1 21.1.39+4fc5413f3e
	   |-- fabric-particles-v1 4.2.11+4fc5413f3e
	   |-- fabric-recipe-api-v1 8.2.3+4ebb5c083e
	   |-- fabric-registry-sync-v0 6.2.5+1718722b3e
	   |-- fabric-renderer-api-v1 8.0.3+f4ffd2e53e
	   |-- fabric-renderer-indigo 5.0.3+f4ffd2e53e
	   |-- fabric-rendering-fluids-v1 3.1.43+4ebb5c083e
	   |-- fabric-rendering-v1 16.2.10+0290ad933e
	   |-- fabric-resource-conditions-api-v1 5.0.35+4fc5413f3e
	   |-- fabric-resource-loader-v0 3.3.4+4fc5413f3e
	   |-- fabric-resource-loader-v1 1.0.10+78c8b4663e
	   |-- fabric-screen-api-v1 3.1.7+4ebb5c083e
	   |-- fabric-screen-handler-api-v1 1.3.161+4fc5413f3e
	   |-- fabric-serialization-api-v1 1.0.5+4ebb5c083e
	   |-- fabric-sound-api-v1 1.0.51+4fc5413f3e
	   |-- fabric-tag-api-v1 1.2.20+4fc5413f3e
	   |-- fabric-transfer-api-v1 6.0.25+4fc5413f3e
	   \-- fabric-transitive-access-wideners-v1 7.1.0+014c8cec3e
	- fabricloader 0.19.2
	   \-- mixinextras 0.5.4
	- fallingtree 1.21.11.3
	- ferritecore 8.2.0
	- forgeconfigapiport 21.11.1
	   |-- com_electronwill_night-config_core 3.8.3
	   \-- com_electronwill_night-config_toml 3.8.3
	- globalxp 1.12.2
	- hardcorerevival 21.11.5
	- java 25
	- krypton 0.2.10
	   \-- com_velocitypowered_velocity-native 3.4.0-SNAPSHOT
	- lithium 0.21.4+mc1.21.11
	- lootr 1.21.11-1.20.34.103
	- minecraft 1.21.11
	- polymer-bundled 0.15.2+1.21.11
	   |-- polymer-autohost 0.15.2+1.21.11
	   |-- polymer-blocks 0.15.2+1.21.11
	   |-- polymer-common 0.15.2+1.21.11
	   |    \-- packet_tweaker 0.6.0+1.21.10
	   |-- polymer-core 0.15.2+1.21.11
	   |    |-- polymer-networking 0.15.2+1.21.11
	   |    |    \-- polymer-common 0.15.2+1.21.11
	   |    |         \-- packet_tweaker 0.6.0+1.21.10
	   |    \-- polymer-registry-sync-manipulator 0.15.2+1.21.11
	   |-- polymer-resource-pack 0.15.2+1.21.11
	   |    \-- polymer-common 0.15.2+1.21.11
	   |         \-- packet_tweaker 0.6.0+1.21.10
	   |-- polymer-resource-pack-extras 0.15.2+1.21.11
	   |-- polymer-sound-patcher 0.15.2+1.21.11
	   \-- polymer-virtual-entity 0.15.2+1.21.11
	        \-- polymer-common 0.15.2+1.21.11
	             \-- packet_tweaker 0.6.0+1.21.10
	- servercore 1.5.15+1.21.11
	   |-- org_yaml_snakeyaml 2.5
	   |-- placeholder-api 2.8.1+1.21.10
	   |-- space_arim_dazzleconf_dazzleconf-core 1.3.0-M2
	   \-- space_arim_dazzleconf_dazzleconf-ext-snakeyaml 1.3.0-M2
	- skinrestorer 2.7.0+1.21.11-fabric
	   \-- org_mineskin_java-client 3.2.1-SNAPSHOT
	- travelersbackpack 10.11.9
	- universal-graves 3.10.2+1.21.11
	   |-- common-protection-api 1.0.0
	   |-- placeholder-api 2.8.1+1.21.10
	   |-- predicate-api 0.7.0+1.21.11
	   |-- server_translations_api 2.5.2+1.21.9-pre3
	   \-- sgui 1.11.0+1.21.9
	- waystones 21.11.9
	- xaerominimap 25.3.10
	   \-- xaerolib 1.1.0
[05:02:58] [main/WARN]: Found 1 non-fabric mod:
	- LuckPerms-Bukkit-5.5.17.jar
[05:02:59] [main/INFO]: SpongePowered MIXIN Subsystem Version=0.8.7 Source=file:/workspaces/elserversex/libraries/net/fabricmc/sponge-mixin/0.17.2+mixin.0.8.7/sponge-mixin-0.17.2+mixin.0.8.7.jar Service=Knot/Fabric Env=SERVER
[05:02:59] [main/INFO]: Compatibility level set to JAVA_17
[05:02:59] [main/INFO]: Compatibility level set to JAVA_21
[05:02:59] [main/WARN]: Reference map 'balm.refmap.json' for balm.mixins.json could not be read. If this is a development environment you can ignore this message
[05:02:59] [main/WARN]: Reference map 'balm.refmap.json' for balm.api.mixins.json could not be read. If this is a development environment you can ignore this message
[05:02:59] [main/WARN]: Reference map 'balm.refmap.json' for balm.fabric.mixins.json could not be read. If this is a development environment you can ignore this message
[05:02:59] [main/WARN]: Reference map 'globalxp.refmap.json' for globalxp.mixins.json could not be read. If this is a development environment you can ignore this message
[05:02:59] [main/WARN]: Reference map 'hardcorerevival.refmap.json' for hardcorerevival.mixins.json could not be read. If this is a development environment you can ignore this message
[05:02:59] [main/WARN]: Reference map 'kuma_api.refmap.json' for kuma_api.mixins.json could not be read. If this is a development environment you can ignore this message
[05:02:59] [main/WARN]: Reference map 'kuma_api.refmap.json' for kuma_api.fabric.mixins.json could not be read. If this is a development environment you can ignore this message
[05:03:00] [main/INFO]: Loaded configuration file for Lithium: 171 options available, 0 override(s) found.
[05:03:00] [main/WARN]: Reference map 'skinrestorer.refmap.json' for skinrestorer.mixins.json could not be read. If this is a development environment you can ignore this message
[05:03:00] [main/WARN]: Reference map 'skinrestorer.refmap.json' for skinrestorer.fabric.mixins.json could not be read. If this is a development environment you can ignore this message
[05:03:00] [main/WARN]: Reference map 'waystones.refmap.json' for waystones.mixins.json could not be read. If this is a development environment you can ignore this message
[05:03:00] [main/WARN]: Reference map 'waystones.refmap.json' for waystones.fabric.mixins.json could not be read. If this is a development environment you can ignore this message
