[H[2J[3J
[38;5;198m╔══════════════════════════════════════════════════════════════╗[0m
[38;5;198m║[0m [96m███╗░░░███╗███████╗██╗░░██╗██╗░░░██╗░██████╗[0m [38;5;198m║[0m
[38;5;198m║[0m [96m████╗░████║██╔════╝╚██╗██╔╝██║░░░██║██╔════╝[0m [38;5;198m║[0m
[38;5;198m║[0m [96m██╔████╔██║█████╗░░░╚███╔╝░██║░░░██║╚█████╗░[0m [38;5;198m║[0m
[38;5;198m║[0m [96m██║╚██╔╝██║██╔══╝░░░██╔██╗░██║░░░██║░╚═══██╗[0m [38;5;198m║[0m
[38;5;198m║[0m [96m██║░╚═╝░██║███████╗██╔╝╚██╗╚██████╔╝██████╔╝[0m [38;5;198m║[0m
[38;5;198m║[0m [96m╚═╝░░░░░╚═╝╚══════╝╚═╝░░╚═╝░╚═════╝░╚═════╝░[0m [38;5;198m║[0m
[38;5;198m║[0m [38;5;208m🎮 Minecraft Server Manager v2.1 - By MEXUS 🎮[0m [38;5;198m║[0m
[38;5;198m╚══════════════════════════════════════════════════════════════╝[0m


[96m╔════════════════════════════════════════════════════╗[0m
[96m║[0m   🎮  MEXUS.PY - Server Manager v2.1                  [96m║[0m
[96m║[0m   ✅ Configurado                                      [96m║[0m
[96m║[0m                                                      [96m║[0m
[96m║[0m   📦 FABRIC 1.21.11                                   [96m║[0m
[96m║[0m   💾 RAM: 4G - 8G                                     [96m║[0m
[96m║[0m   🌐 Playit: Sí                                       [96m║[0m
[96m║[0m   🔄 Auto-restart: Sí                                 [96m║[0m
[96m╚════════════════════════════════════════════════════╝[0m

  [92m1.[0m Iniciar Servidor
  [96m2.[0m Cambiar Versión/Tipo
  [93m3.[0m Configurar RAM
  [38;5;129m4.[0m Configurar Playit
  [91m0.[0m Salir

[95m➤ Selecciona: [0mTraceback (most recent call last):
  File "/workspaces/elserversex/mc.py", line 579, in <module>
    main()
  File "/workspaces/elserversex/mc.py", line 486, in main
    choice = input(f"{UI.MAGENTA}➤ Selecciona: {UI.RESET}").strip()
             ^^^^^^^^^^^^^^^^^^^^^^^^^^^^^^^^^^^^^^^^^^^^^^
EOFError: EOF when reading a line
