[94mℹ 🔧 Ejecutando en modo background (sin terminal)[0m
[93m⚠ ℹ️  Playit está configurado para usar. [0m
[93m⚠     Si quieres ejecutarlo de forma independiente:[0m
[93m⚠     Terminal 1: ./start-playit.sh[0m
[93m⚠     Terminal 2: ./watch-playit.sh[0m
[93m⚠     El servidor se ejecutará sin intentar iniciar playit.[0m
[94mℹ [2026-04-30 17:20:41] Iniciando servidor (intento 1)[0m
[92m✔ Iniciando fabric 1.21.11[0m
[94mℹ 🔄 Servidor ejecutándose en background (escuchando forever)[0m
Starting net.fabricmc.loader.impl.game.minecraft.BundlerClassPathCapture
[17:20:43] [main/INFO]: Loading Minecraft 1.21.11 with Fabric Loader 0.19.2
[17:20:44] [main/WARN]: Mod resolution failed
[17:20:44] [main/INFO]: Immediate reason: [HARD_DEP_NO_CANDIDATE chisel 2.2.0+mc1.21.11 {depends cryonicconfig @ [*]}, ROOT_FORCELOAD_SINGLE chisel 2.2.0+mc1.21.11]
[17:20:44] [main/INFO]: Reason: [HARD_DEP chisel 2.2.0+mc1.21.11 {depends cryonicconfig @ [*]}]
[17:20:44] [main/INFO]: SERVER environment disabled: [fabric-model-loading-api-v1, fabric-renderer-api-v1, fabric-sound-api-v1, fabric-screen-api-v1, fabric-rendering-v1, fabric-key-binding-api-v1, fabric-renderer-indigo]
[17:20:44] [main/INFO]: Fix: add [add:cryonicconfig 1 ([(-∞,∞)])], remove [], replace []
[17:20:44] [main/ERROR]: Incompatible mods found!
net.fabricmc.loader.impl.FormattedException: Some of your mods are incompatible with the game or each other!
A potential solution has been determined, this may resolve your problem:
	 - Install cryonicconfig, any version.
More details:
	 - Mod 'Chisel Refabricated' (chisel) 2.2.0+mc1.21.11 requires any version of cryonicconfig, which is missing!
	at net.fabricmc.loader.impl.FormattedException.ofLocalized(FormattedException.java:51)
	at net.fabricmc.loader.impl.FabricLoaderImpl.load(FabricLoaderImpl.java:202)
	at net.fabricmc.loader.impl.launch.knot.Knot.init(Knot.java:142)
	at net.fabricmc.loader.impl.launch.knot.Knot.launch(Knot.java:66)
	at net.fabricmc.loader.impl.launch.knot.KnotServer.main(KnotServer.java:23)
	at net.fabricmc.loader.impl.launch.server.FabricServerLauncher.main(FabricServerLauncher.java:69)
	at net.fabricmc.installer.ServerLauncher.main(ServerLauncher.java:69)
[93m⚠ ⏳ Auto-restart en 10 segundos (reinicio #1)[0m
[94mℹ [2026-04-30 17:20:54] Iniciando servidor (intento 2)[0m
[92m✔ Iniciando fabric 1.21.11[0m
[94mℹ 🔄 Servidor ejecutándose en background (escuchando forever)[0m
Starting net.fabricmc.loader.impl.game.minecraft.BundlerClassPathCapture
[17:20:56] [main/INFO]: Loading Minecraft 1.21.11 with Fabric Loader 0.19.2
[17:20:56] [main/WARN]: Mod resolution failed
[17:20:56] [main/INFO]: Immediate reason: [HARD_DEP_NO_CANDIDATE chisel 2.2.0+mc1.21.11 {depends cryonicconfig @ [*]}, ROOT_FORCELOAD_SINGLE chisel 2.2.0+mc1.21.11]
[17:20:56] [main/INFO]: Reason: [HARD_DEP chisel 2.2.0+mc1.21.11 {depends cryonicconfig @ [*]}]
[17:20:56] [main/INFO]: SERVER environment disabled: [fabric-model-loading-api-v1, fabric-renderer-api-v1, fabric-screen-api-v1, fabric-sound-api-v1, fabric-rendering-v1, fabric-key-binding-api-v1, fabric-renderer-indigo]
[17:20:56] [main/INFO]: Fix: add [add:cryonicconfig 1 ([(-∞,∞)])], remove [], replace []
[17:20:56] [main/ERROR]: Incompatible mods found!
net.fabricmc.loader.impl.FormattedException: Some of your mods are incompatible with the game or each other!
A potential solution has been determined, this may resolve your problem:
	 - Install cryonicconfig, any version.
More details:
	 - Mod 'Chisel Refabricated' (chisel) 2.2.0+mc1.21.11 requires any version of cryonicconfig, which is missing!
	at net.fabricmc.loader.impl.FormattedException.ofLocalized(FormattedException.java:51)
	at net.fabricmc.loader.impl.FabricLoaderImpl.load(FabricLoaderImpl.java:202)
	at net.fabricmc.loader.impl.launch.knot.Knot.init(Knot.java:142)
	at net.fabricmc.loader.impl.launch.knot.Knot.launch(Knot.java:66)
	at net.fabricmc.loader.impl.launch.knot.KnotServer.main(KnotServer.java:23)
	at net.fabricmc.loader.impl.launch.server.FabricServerLauncher.main(FabricServerLauncher.java:69)
	at net.fabricmc.installer.ServerLauncher.main(ServerLauncher.java:69)
[93m⚠ ⏳ Auto-restart en 10 segundos (reinicio #2)[0m
[94mℹ [2026-04-30 17:21:06] Iniciando servidor (intento 3)[0m
[92m✔ Iniciando fabric 1.21.11[0m
[94mℹ 🔄 Servidor ejecutándose en background (escuchando forever)[0m
Starting net.fabricmc.loader.impl.game.minecraft.BundlerClassPathCapture
[17:21:08] [main/INFO]: Loading Minecraft 1.21.11 with Fabric Loader 0.19.2
[17:21:08] [main/WARN]: Mod resolution failed
[17:21:08] [main/INFO]: Immediate reason: [HARD_DEP_NO_CANDIDATE chisel 2.2.0+mc1.21.11 {depends cryonicconfig @ [*]}, ROOT_FORCELOAD_SINGLE chisel 2.2.0+mc1.21.11]
[17:21:08] [main/INFO]: Reason: [HARD_DEP chisel 2.2.0+mc1.21.11 {depends cryonicconfig @ [*]}]
[17:21:08] [main/INFO]: SERVER environment disabled: [fabric-model-loading-api-v1, fabric-renderer-api-v1, fabric-screen-api-v1, fabric-sound-api-v1, fabric-key-binding-api-v1, fabric-rendering-v1, fabric-renderer-indigo]
[17:21:08] [main/INFO]: Fix: add [add:cryonicconfig 1 ([(-∞,∞)])], remove [], replace []
[17:21:08] [main/ERROR]: Incompatible mods found!
net.fabricmc.loader.impl.FormattedException: Some of your mods are incompatible with the game or each other!
A potential solution has been determined, this may resolve your problem:
	 - Install cryonicconfig, any version.
More details:
	 - Mod 'Chisel Refabricated' (chisel) 2.2.0+mc1.21.11 requires any version of cryonicconfig, which is missing!
	at net.fabricmc.loader.impl.FormattedException.ofLocalized(FormattedException.java:51)
	at net.fabricmc.loader.impl.FabricLoaderImpl.load(FabricLoaderImpl.java:202)
	at net.fabricmc.loader.impl.launch.knot.Knot.init(Knot.java:142)
	at net.fabricmc.loader.impl.launch.knot.Knot.launch(Knot.java:66)
	at net.fabricmc.loader.impl.launch.knot.KnotServer.main(KnotServer.java:23)
	at net.fabricmc.loader.impl.launch.server.FabricServerLauncher.main(FabricServerLauncher.java:69)
	at net.fabricmc.installer.ServerLauncher.main(ServerLauncher.java:69)
[93m⚠ ⏳ Auto-restart en 10 segundos (reinicio #3)[0m
[94mℹ [2026-04-30 17:21:18] Iniciando servidor (intento 4)[0m
[92m✔ Iniciando fabric 1.21.11[0m
[94mℹ 🔄 Servidor ejecutándose en background (escuchando forever)[0m
Starting net.fabricmc.loader.impl.game.minecraft.BundlerClassPathCapture
[17:21:21] [main/INFO]: Loading Minecraft 1.21.11 with Fabric Loader 0.19.2
[17:21:21] [main/WARN]: Mod resolution failed
[17:21:21] [main/INFO]: Immediate reason: [HARD_DEP_NO_CANDIDATE chisel 2.2.0+mc1.21.11 {depends cryonicconfig @ [*]}, ROOT_FORCELOAD_SINGLE chisel 2.2.0+mc1.21.11]
[17:21:21] [main/INFO]: Reason: [HARD_DEP chisel 2.2.0+mc1.21.11 {depends cryonicconfig @ [*]}]
[17:21:21] [main/INFO]: SERVER environment disabled: [fabric-model-loading-api-v1, fabric-renderer-api-v1, fabric-screen-api-v1, fabric-sound-api-v1, fabric-rendering-v1, fabric-key-binding-api-v1, fabric-renderer-indigo]
[17:21:21] [main/INFO]: Fix: add [add:cryonicconfig 1 ([(-∞,∞)])], remove [], replace []
[17:21:21] [main/ERROR]: Incompatible mods found!
net.fabricmc.loader.impl.FormattedException: Some of your mods are incompatible with the game or each other!
A potential solution has been determined, this may resolve your problem:
	 - Install cryonicconfig, any version.
More details:
	 - Mod 'Chisel Refabricated' (chisel) 2.2.0+mc1.21.11 requires any version of cryonicconfig, which is missing!
	at net.fabricmc.loader.impl.FormattedException.ofLocalized(FormattedException.java:51)
	at net.fabricmc.loader.impl.FabricLoaderImpl.load(FabricLoaderImpl.java:202)
	at net.fabricmc.loader.impl.launch.knot.Knot.init(Knot.java:142)
	at net.fabricmc.loader.impl.launch.knot.Knot.launch(Knot.java:66)
	at net.fabricmc.loader.impl.launch.knot.KnotServer.main(KnotServer.java:23)
	at net.fabricmc.loader.impl.launch.server.FabricServerLauncher.main(FabricServerLauncher.java:69)
	at net.fabricmc.installer.ServerLauncher.main(ServerLauncher.java:69)
[93m⚠ ⏳ Auto-restart en 10 segundos (reinicio #4)[0m
[94mℹ [2026-04-30 17:21:31] Iniciando servidor (intento 5)[0m
[92m✔ Iniciando fabric 1.21.11[0m
[94mℹ 🔄 Servidor ejecutándose en background (escuchando forever)[0m
Starting net.fabricmc.loader.impl.game.minecraft.BundlerClassPathCapture
[17:21:33] [main/INFO]: Loading Minecraft 1.21.11 with Fabric Loader 0.19.2
[17:21:33] [main/WARN]: Mod resolution failed
[17:21:33] [main/INFO]: Immediate reason: [HARD_DEP_NO_CANDIDATE chisel 2.2.0+mc1.21.11 {depends cryonicconfig @ [*]}, ROOT_FORCELOAD_SINGLE chisel 2.2.0+mc1.21.11]
[17:21:33] [main/INFO]: Reason: [HARD_DEP chisel 2.2.0+mc1.21.11 {depends cryonicconfig @ [*]}]
[17:21:33] [main/INFO]: SERVER environment disabled: [fabric-renderer-api-v1, fabric-model-loading-api-v1, fabric-screen-api-v1, fabric-sound-api-v1, fabric-rendering-v1, fabric-key-binding-api-v1, fabric-renderer-indigo]
[17:21:33] [main/INFO]: Fix: add [add:cryonicconfig 1 ([(-∞,∞)])], remove [], replace []
[17:21:33] [main/ERROR]: Incompatible mods found!
net.fabricmc.loader.impl.FormattedException: Some of your mods are incompatible with the game or each other!
A potential solution has been determined, this may resolve your problem:
	 - Install cryonicconfig, any version.
More details:
	 - Mod 'Chisel Refabricated' (chisel) 2.2.0+mc1.21.11 requires any version of cryonicconfig, which is missing!
	at net.fabricmc.loader.impl.FormattedException.ofLocalized(FormattedException.java:51)
	at net.fabricmc.loader.impl.FabricLoaderImpl.load(FabricLoaderImpl.java:202)
	at net.fabricmc.loader.impl.launch.knot.Knot.init(Knot.java:142)
	at net.fabricmc.loader.impl.launch.knot.Knot.launch(Knot.java:66)
	at net.fabricmc.loader.impl.launch.knot.KnotServer.main(KnotServer.java:23)
	at net.fabricmc.loader.impl.launch.server.FabricServerLauncher.main(FabricServerLauncher.java:69)
	at net.fabricmc.installer.ServerLauncher.main(ServerLauncher.java:69)
[93m⚠ ⏳ Auto-restart en 10 segundos (reinicio #5)[0m
[94mℹ [2026-04-30 17:21:43] Iniciando servidor (intento 6)[0m
[92m✔ Iniciando fabric 1.21.11[0m
[94mℹ 🔄 Servidor ejecutándose en background (escuchando forever)[0m
Starting net.fabricmc.loader.impl.game.minecraft.BundlerClassPathCapture
[17:21:45] [main/INFO]: Loading Minecraft 1.21.11 with Fabric Loader 0.19.2
[17:21:45] [main/WARN]: Mod resolution failed
[17:21:45] [main/INFO]: Immediate reason: [HARD_DEP_NO_CANDIDATE chisel 2.2.0+mc1.21.11 {depends cryonicconfig @ [*]}, ROOT_FORCELOAD_SINGLE chisel 2.2.0+mc1.21.11]
[17:21:45] [main/INFO]: Reason: [HARD_DEP chisel 2.2.0+mc1.21.11 {depends cryonicconfig @ [*]}]
[17:21:45] [main/INFO]: SERVER environment disabled: [fabric-model-loading-api-v1, fabric-renderer-api-v1, fabric-sound-api-v1, fabric-screen-api-v1, fabric-rendering-v1, fabric-key-binding-api-v1, fabric-renderer-indigo]
[17:21:45] [main/INFO]: Fix: add [add:cryonicconfig 1 ([(-∞,∞)])], remove [], replace []
[17:21:45] [main/ERROR]: Incompatible mods found!
net.fabricmc.loader.impl.FormattedException: Some of your mods are incompatible with the game or each other!
A potential solution has been determined, this may resolve your problem:
	 - Install cryonicconfig, any version.
More details:
	 - Mod 'Chisel Refabricated' (chisel) 2.2.0+mc1.21.11 requires any version of cryonicconfig, which is missing!
	at net.fabricmc.loader.impl.FormattedException.ofLocalized(FormattedException.java:51)
	at net.fabricmc.loader.impl.FabricLoaderImpl.load(FabricLoaderImpl.java:202)
	at net.fabricmc.loader.impl.launch.knot.Knot.init(Knot.java:142)
	at net.fabricmc.loader.impl.launch.knot.Knot.launch(Knot.java:66)
	at net.fabricmc.loader.impl.launch.knot.KnotServer.main(KnotServer.java:23)
	at net.fabricmc.loader.impl.launch.server.FabricServerLauncher.main(FabricServerLauncher.java:69)
	at net.fabricmc.installer.ServerLauncher.main(ServerLauncher.java:69)
[93m⚠ ⏳ Auto-restart en 10 segundos (reinicio #6)[0m
[94mℹ [2026-04-30 17:21:55] Iniciando servidor (intento 7)[0m
[92m✔ Iniciando fabric 1.21.11[0m
[94mℹ 🔄 Servidor ejecutándose en background (escuchando forever)[0m
Starting net.fabricmc.loader.impl.game.minecraft.BundlerClassPathCapture
[17:21:57] [main/INFO]: Loading Minecraft 1.21.11 with Fabric Loader 0.19.2
[17:21:57] [main/WARN]: Mod resolution failed
[17:21:57] [main/INFO]: Immediate reason: [HARD_DEP_NO_CANDIDATE chisel 2.2.0+mc1.21.11 {depends cryonicconfig @ [*]}, ROOT_FORCELOAD_SINGLE chisel 2.2.0+mc1.21.11]
[17:21:57] [main/INFO]: Reason: [HARD_DEP chisel 2.2.0+mc1.21.11 {depends cryonicconfig @ [*]}]
[17:21:57] [main/INFO]: SERVER environment disabled: [fabric-renderer-api-v1, fabric-model-loading-api-v1, fabric-screen-api-v1, fabric-sound-api-v1, fabric-key-binding-api-v1, fabric-rendering-v1, fabric-renderer-indigo]
[17:21:57] [main/INFO]: Fix: add [add:cryonicconfig 1 ([(-∞,∞)])], remove [], replace []
[17:21:57] [main/ERROR]: Incompatible mods found!
net.fabricmc.loader.impl.FormattedException: Some of your mods are incompatible with the game or each other!
A potential solution has been determined, this may resolve your problem:
	 - Install cryonicconfig, any version.
More details:
	 - Mod 'Chisel Refabricated' (chisel) 2.2.0+mc1.21.11 requires any version of cryonicconfig, which is missing!
	at net.fabricmc.loader.impl.FormattedException.ofLocalized(FormattedException.java:51)
	at net.fabricmc.loader.impl.FabricLoaderImpl.load(FabricLoaderImpl.java:202)
	at net.fabricmc.loader.impl.launch.knot.Knot.init(Knot.java:142)
	at net.fabricmc.loader.impl.launch.knot.Knot.launch(Knot.java:66)
	at net.fabricmc.loader.impl.launch.knot.KnotServer.main(KnotServer.java:23)
	at net.fabricmc.loader.impl.launch.server.FabricServerLauncher.main(FabricServerLauncher.java:69)
	at net.fabricmc.installer.ServerLauncher.main(ServerLauncher.java:69)
[93m⚠ ⏳ Auto-restart en 10 segundos (reinicio #7)[0m
[94mℹ [2026-04-30 17:22:07] Iniciando servidor (intento 8)[0m
[92m✔ Iniciando fabric 1.21.11[0m
[94mℹ 🔄 Servidor ejecutándose en background (escuchando forever)[0m
Starting net.fabricmc.loader.impl.game.minecraft.BundlerClassPathCapture
[17:22:09] [main/INFO]: Loading Minecraft 1.21.11 with Fabric Loader 0.19.2
[17:22:10] [main/WARN]: Mod resolution failed
[17:22:10] [main/INFO]: Immediate reason: [HARD_DEP_NO_CANDIDATE chisel 2.2.0+mc1.21.11 {depends cryonicconfig @ [*]}, ROOT_FORCELOAD_SINGLE chisel 2.2.0+mc1.21.11]
[17:22:10] [main/INFO]: Reason: [HARD_DEP chisel 2.2.0+mc1.21.11 {depends cryonicconfig @ [*]}]
[17:22:10] [main/INFO]: SERVER environment disabled: [fabric-renderer-api-v1, fabric-model-loading-api-v1, fabric-sound-api-v1, fabric-screen-api-v1, fabric-key-binding-api-v1, fabric-rendering-v1, fabric-renderer-indigo]
[17:22:10] [main/INFO]: Fix: add [add:cryonicconfig 1 ([(-∞,∞)])], remove [], replace []
[17:22:10] [main/ERROR]: Incompatible mods found!
net.fabricmc.loader.impl.FormattedException: Some of your mods are incompatible with the game or each other!
A potential solution has been determined, this may resolve your problem:
	 - Install cryonicconfig, any version.
More details:
	 - Mod 'Chisel Refabricated' (chisel) 2.2.0+mc1.21.11 requires any version of cryonicconfig, which is missing!
	at net.fabricmc.loader.impl.FormattedException.ofLocalized(FormattedException.java:51)
	at net.fabricmc.loader.impl.FabricLoaderImpl.load(FabricLoaderImpl.java:202)
	at net.fabricmc.loader.impl.launch.knot.Knot.init(Knot.java:142)
	at net.fabricmc.loader.impl.launch.knot.Knot.launch(Knot.java:66)
	at net.fabricmc.loader.impl.launch.knot.KnotServer.main(KnotServer.java:23)
	at net.fabricmc.loader.impl.launch.server.FabricServerLauncher.main(FabricServerLauncher.java:69)
	at net.fabricmc.installer.ServerLauncher.main(ServerLauncher.java:69)
[93m⚠ ⏳ Auto-restart en 10 segundos (reinicio #8)[0m
[94mℹ [2026-04-30 17:22:20] Iniciando servidor (intento 9)[0m
[92m✔ Iniciando fabric 1.21.11[0m
[94mℹ 🔄 Servidor ejecutándose en background (escuchando forever)[0m
Starting net.fabricmc.loader.impl.game.minecraft.BundlerClassPathCapture
[17:22:21] [main/INFO]: Loading Minecraft 1.21.11 with Fabric Loader 0.19.2
[17:22:22] [main/WARN]: Mod resolution failed
[17:22:22] [main/INFO]: Immediate reason: [HARD_DEP_NO_CANDIDATE chisel 2.2.0+mc1.21.11 {depends cryonicconfig @ [*]}, ROOT_FORCELOAD_SINGLE chisel 2.2.0+mc1.21.11]
[17:22:22] [main/INFO]: Reason: [HARD_DEP chisel 2.2.0+mc1.21.11 {depends cryonicconfig @ [*]}]
[17:22:22] [main/INFO]: SERVER environment disabled: [fabric-renderer-api-v1, fabric-model-loading-api-v1, fabric-sound-api-v1, fabric-screen-api-v1, fabric-rendering-v1, fabric-key-binding-api-v1, fabric-renderer-indigo]
[17:22:22] [main/INFO]: Fix: add [add:cryonicconfig 1 ([(-∞,∞)])], remove [], replace []
[17:22:22] [main/ERROR]: Incompatible mods found!
net.fabricmc.loader.impl.FormattedException: Some of your mods are incompatible with the game or each other!
A potential solution has been determined, this may resolve your problem:
	 - Install cryonicconfig, any version.
More details:
	 - Mod 'Chisel Refabricated' (chisel) 2.2.0+mc1.21.11 requires any version of cryonicconfig, which is missing!
	at net.fabricmc.loader.impl.FormattedException.ofLocalized(FormattedException.java:51)
	at net.fabricmc.loader.impl.FabricLoaderImpl.load(FabricLoaderImpl.java:202)
	at net.fabricmc.loader.impl.launch.knot.Knot.init(Knot.java:142)
	at net.fabricmc.loader.impl.launch.knot.Knot.launch(Knot.java:66)
	at net.fabricmc.loader.impl.launch.knot.KnotServer.main(KnotServer.java:23)
	at net.fabricmc.loader.impl.launch.server.FabricServerLauncher.main(FabricServerLauncher.java:69)
	at net.fabricmc.installer.ServerLauncher.main(ServerLauncher.java:69)
[93m⚠ ⏳ Auto-restart en 10 segundos (reinicio #9)[0m
[94mℹ [2026-04-30 17:22:32] Iniciando servidor (intento 10)[0m
[92m✔ Iniciando fabric 1.21.11[0m
[94mℹ 🔄 Servidor ejecutándose en background (escuchando forever)[0m
Starting net.fabricmc.loader.impl.game.minecraft.BundlerClassPathCapture
[17:22:33] [main/INFO]: Loading Minecraft 1.21.11 with Fabric Loader 0.19.2
[17:22:34] [main/WARN]: Mod resolution failed
[17:22:34] [main/INFO]: Immediate reason: [HARD_DEP_NO_CANDIDATE chisel 2.2.0+mc1.21.11 {depends cryonicconfig @ [*]}, ROOT_FORCELOAD_SINGLE chisel 2.2.0+mc1.21.11]
[17:22:34] [main/INFO]: Reason: [HARD_DEP chisel 2.2.0+mc1.21.11 {depends cryonicconfig @ [*]}]
[17:22:34] [main/INFO]: SERVER environment disabled: [fabric-model-loading-api-v1, fabric-renderer-api-v1, fabric-sound-api-v1, fabric-screen-api-v1, fabric-key-binding-api-v1, fabric-rendering-v1, fabric-renderer-indigo]
[17:22:34] [main/INFO]: Fix: add [add:cryonicconfig 1 ([(-∞,∞)])], remove [], replace []
[17:22:34] [main/ERROR]: Incompatible mods found!
net.fabricmc.loader.impl.FormattedException: Some of your mods are incompatible with the game or each other!
A potential solution has been determined, this may resolve your problem:
	 - Install cryonicconfig, any version.
More details:
	 - Mod 'Chisel Refabricated' (chisel) 2.2.0+mc1.21.11 requires any version of cryonicconfig, which is missing!
	at net.fabricmc.loader.impl.FormattedException.ofLocalized(FormattedException.java:51)
	at net.fabricmc.loader.impl.FabricLoaderImpl.load(FabricLoaderImpl.java:202)
	at net.fabricmc.loader.impl.launch.knot.Knot.init(Knot.java:142)
	at net.fabricmc.loader.impl.launch.knot.Knot.launch(Knot.java:66)
	at net.fabricmc.loader.impl.launch.knot.KnotServer.main(KnotServer.java:23)
	at net.fabricmc.loader.impl.launch.server.FabricServerLauncher.main(FabricServerLauncher.java:69)
	at net.fabricmc.installer.ServerLauncher.main(ServerLauncher.java:69)
[93m⚠ ⏳ Auto-restart en 10 segundos (reinicio #10)[0m
[94mℹ [2026-04-30 17:22:44] Iniciando servidor (intento 11)[0m
[92m✔ Iniciando fabric 1.21.11[0m
[94mℹ 🔄 Servidor ejecutándose en background (escuchando forever)[0m
Starting net.fabricmc.loader.impl.game.minecraft.BundlerClassPathCapture
[17:22:45] [main/INFO]: Loading Minecraft 1.21.11 with Fabric Loader 0.19.2
[17:22:46] [main/WARN]: Mod resolution failed
[17:22:46] [main/INFO]: Immediate reason: [HARD_DEP_NO_CANDIDATE chisel 2.2.0+mc1.21.11 {depends cryonicconfig @ [*]}, ROOT_FORCELOAD_SINGLE chisel 2.2.0+mc1.21.11]
[17:22:46] [main/INFO]: Reason: [HARD_DEP chisel 2.2.0+mc1.21.11 {depends cryonicconfig @ [*]}]
[17:22:46] [main/INFO]: SERVER environment disabled: [fabric-renderer-api-v1, fabric-model-loading-api-v1, fabric-screen-api-v1, fabric-sound-api-v1, fabric-rendering-v1, fabric-key-binding-api-v1, fabric-renderer-indigo]
[17:22:46] [main/INFO]: Fix: add [add:cryonicconfig 1 ([(-∞,∞)])], remove [], replace []
[17:22:46] [main/ERROR]: Incompatible mods found!
net.fabricmc.loader.impl.FormattedException: Some of your mods are incompatible with the game or each other!
A potential solution has been determined, this may resolve your problem:
	 - Install cryonicconfig, any version.
More details:
	 - Mod 'Chisel Refabricated' (chisel) 2.2.0+mc1.21.11 requires any version of cryonicconfig, which is missing!
	at net.fabricmc.loader.impl.FormattedException.ofLocalized(FormattedException.java:51)
	at net.fabricmc.loader.impl.FabricLoaderImpl.load(FabricLoaderImpl.java:202)
	at net.fabricmc.loader.impl.launch.knot.Knot.init(Knot.java:142)
	at net.fabricmc.loader.impl.launch.knot.Knot.launch(Knot.java:66)
	at net.fabricmc.loader.impl.launch.knot.KnotServer.main(KnotServer.java:23)
	at net.fabricmc.loader.impl.launch.server.FabricServerLauncher.main(FabricServerLauncher.java:69)
	at net.fabricmc.installer.ServerLauncher.main(ServerLauncher.java:69)
[93m⚠ ⏳ Auto-restart en 10 segundos (reinicio #11)[0m
[94mℹ [2026-04-30 17:22:56] Iniciando servidor (intento 12)[0m
[92m✔ Iniciando fabric 1.21.11[0m
[94mℹ 🔄 Servidor ejecutándose en background (escuchando forever)[0m
Starting net.fabricmc.loader.impl.game.minecraft.BundlerClassPathCapture
[17:22:59] [main/INFO]: Loading Minecraft 1.21.11 with Fabric Loader 0.19.2
[17:23:00] [main/WARN]: Mod resolution failed
[17:23:00] [main/INFO]: Immediate reason: [HARD_DEP_NO_CANDIDATE chisel 2.2.0+mc1.21.11 {depends cryonicconfig @ [*]}, ROOT_FORCELOAD_SINGLE chisel 2.2.0+mc1.21.11]
[17:23:00] [main/INFO]: Reason: [HARD_DEP chisel 2.2.0+mc1.21.11 {depends cryonicconfig @ [*]}]
[17:23:00] [main/INFO]: SERVER environment disabled: [fabric-model-loading-api-v1, fabric-renderer-api-v1, fabric-screen-api-v1, fabric-sound-api-v1, fabric-key-binding-api-v1, fabric-rendering-v1, fabric-renderer-indigo]
[17:23:00] [main/INFO]: Fix: add [add:cryonicconfig 1 ([(-∞,∞)])], remove [], replace []
[17:23:00] [main/ERROR]: Incompatible mods found!
net.fabricmc.loader.impl.FormattedException: Some of your mods are incompatible with the game or each other!
A potential solution has been determined, this may resolve your problem:
	 - Install cryonicconfig, any version.
More details:
	 - Mod 'Chisel Refabricated' (chisel) 2.2.0+mc1.21.11 requires any version of cryonicconfig, which is missing!
	at net.fabricmc.loader.impl.FormattedException.ofLocalized(FormattedException.java:51)
	at net.fabricmc.loader.impl.FabricLoaderImpl.load(FabricLoaderImpl.java:202)
	at net.fabricmc.loader.impl.launch.knot.Knot.init(Knot.java:142)
	at net.fabricmc.loader.impl.launch.knot.Knot.launch(Knot.java:66)
	at net.fabricmc.loader.impl.launch.knot.KnotServer.main(KnotServer.java:23)
	at net.fabricmc.loader.impl.launch.server.FabricServerLauncher.main(FabricServerLauncher.java:69)
	at net.fabricmc.installer.ServerLauncher.main(ServerLauncher.java:69)
[93m⚠ ⏳ Auto-restart en 10 segundos (reinicio #12)[0m
[94mℹ [2026-04-30 17:23:10] Iniciando servidor (intento 13)[0m
[92m✔ Iniciando fabric 1.21.11[0m
[94mℹ 🔄 Servidor ejecutándose en background (escuchando forever)[0m
Starting net.fabricmc.loader.impl.game.minecraft.BundlerClassPathCapture
[17:23:11] [main/INFO]: Loading Minecraft 1.21.11 with Fabric Loader 0.19.2
[17:23:12] [main/WARN]: Mod resolution failed
[17:23:12] [main/INFO]: Immediate reason: [HARD_DEP_NO_CANDIDATE chisel 2.2.0+mc1.21.11 {depends cryonicconfig @ [*]}, ROOT_FORCELOAD_SINGLE chisel 2.2.0+mc1.21.11]
[17:23:12] [main/INFO]: Reason: [HARD_DEP chisel 2.2.0+mc1.21.11 {depends cryonicconfig @ [*]}]
[17:23:12] [main/INFO]: SERVER environment disabled: [fabric-model-loading-api-v1, fabric-renderer-api-v1, fabric-sound-api-v1, fabric-screen-api-v1, fabric-rendering-v1, fabric-key-binding-api-v1, fabric-renderer-indigo]
[17:23:12] [main/INFO]: Fix: add [add:cryonicconfig 1 ([(-∞,∞)])], remove [], replace []
[17:23:12] [main/ERROR]: Incompatible mods found!
net.fabricmc.loader.impl.FormattedException: Some of your mods are incompatible with the game or each other!
A potential solution has been determined, this may resolve your problem:
	 - Install cryonicconfig, any version.
More details:
	 - Mod 'Chisel Refabricated' (chisel) 2.2.0+mc1.21.11 requires any version of cryonicconfig, which is missing!
	at net.fabricmc.loader.impl.FormattedException.ofLocalized(FormattedException.java:51)
	at net.fabricmc.loader.impl.FabricLoaderImpl.load(FabricLoaderImpl.java:202)
	at net.fabricmc.loader.impl.launch.knot.Knot.init(Knot.java:142)
	at net.fabricmc.loader.impl.launch.knot.Knot.launch(Knot.java:66)
	at net.fabricmc.loader.impl.launch.knot.KnotServer.main(KnotServer.java:23)
	at net.fabricmc.loader.impl.launch.server.FabricServerLauncher.main(FabricServerLauncher.java:69)
	at net.fabricmc.installer.ServerLauncher.main(ServerLauncher.java:69)
[93m⚠ ⏳ Auto-restart en 10 segundos (reinicio #13)[0m
[94mℹ [2026-04-30 17:23:22] Iniciando servidor (intento 14)[0m
[92m✔ Iniciando fabric 1.21.11[0m
[94mℹ 🔄 Servidor ejecutándose en background (escuchando forever)[0m
Starting net.fabricmc.loader.impl.game.minecraft.BundlerClassPathCapture
[17:23:23] [main/INFO]: Loading Minecraft 1.21.11 with Fabric Loader 0.19.2
[17:23:24] [main/WARN]: Mod resolution failed
[17:23:24] [main/INFO]: Immediate reason: [HARD_DEP_NO_CANDIDATE chisel 2.2.0+mc1.21.11 {depends cryonicconfig @ [*]}, ROOT_FORCELOAD_SINGLE chisel 2.2.0+mc1.21.11]
[17:23:24] [main/INFO]: Reason: [HARD_DEP chisel 2.2.0+mc1.21.11 {depends cryonicconfig @ [*]}]
[17:23:24] [main/INFO]: SERVER environment disabled: [fabric-renderer-api-v1, fabric-model-loading-api-v1, fabric-sound-api-v1, fabric-screen-api-v1, fabric-rendering-v1, fabric-key-binding-api-v1, fabric-renderer-indigo]
[17:23:24] [main/INFO]: Fix: add [add:cryonicconfig 1 ([(-∞,∞)])], remove [], replace []
[17:23:24] [main/ERROR]: Incompatible mods found!
net.fabricmc.loader.impl.FormattedException: Some of your mods are incompatible with the game or each other!
A potential solution has been determined, this may resolve your problem:
	 - Install cryonicconfig, any version.
More details:
	 - Mod 'Chisel Refabricated' (chisel) 2.2.0+mc1.21.11 requires any version of cryonicconfig, which is missing!
	at net.fabricmc.loader.impl.FormattedException.ofLocalized(FormattedException.java:51)
	at net.fabricmc.loader.impl.FabricLoaderImpl.load(FabricLoaderImpl.java:202)
	at net.fabricmc.loader.impl.launch.knot.Knot.init(Knot.java:142)
	at net.fabricmc.loader.impl.launch.knot.Knot.launch(Knot.java:66)
	at net.fabricmc.loader.impl.launch.knot.KnotServer.main(KnotServer.java:23)
	at net.fabricmc.loader.impl.launch.server.FabricServerLauncher.main(FabricServerLauncher.java:69)
	at net.fabricmc.installer.ServerLauncher.main(ServerLauncher.java:69)
[93m⚠ ⏳ Auto-restart en 10 segundos (reinicio #14)[0m
[94mℹ [2026-04-30 17:23:34] Iniciando servidor (intento 15)[0m
[92m✔ Iniciando fabric 1.21.11[0m
[94mℹ 🔄 Servidor ejecutándose en background (escuchando forever)[0m
Starting net.fabricmc.loader.impl.game.minecraft.BundlerClassPathCapture
[17:23:35] [main/INFO]: Loading Minecraft 1.21.11 with Fabric Loader 0.19.2
[17:23:36] [main/WARN]: Mod resolution failed
[17:23:36] [main/INFO]: Immediate reason: [HARD_DEP_NO_CANDIDATE chisel 2.2.0+mc1.21.11 {depends cryonicconfig @ [*]}, ROOT_FORCELOAD_SINGLE chisel 2.2.0+mc1.21.11]
[17:23:36] [main/INFO]: Reason: [HARD_DEP chisel 2.2.0+mc1.21.11 {depends cryonicconfig @ [*]}]
[17:23:36] [main/INFO]: SERVER environment disabled: [fabric-renderer-api-v1, fabric-model-loading-api-v1, fabric-sound-api-v1, fabric-screen-api-v1, fabric-rendering-v1, fabric-key-binding-api-v1, fabric-renderer-indigo]
[17:23:36] [main/INFO]: Fix: add [add:cryonicconfig 1 ([(-∞,∞)])], remove [], replace []
[17:23:36] [main/ERROR]: Incompatible mods found!
net.fabricmc.loader.impl.FormattedException: Some of your mods are incompatible with the game or each other!
A potential solution has been determined, this may resolve your problem:
	 - Install cryonicconfig, any version.
More details:
	 - Mod 'Chisel Refabricated' (chisel) 2.2.0+mc1.21.11 requires any version of cryonicconfig, which is missing!
	at net.fabricmc.loader.impl.FormattedException.ofLocalized(FormattedException.java:51)
	at net.fabricmc.loader.impl.FabricLoaderImpl.load(FabricLoaderImpl.java:202)
	at net.fabricmc.loader.impl.launch.knot.Knot.init(Knot.java:142)
	at net.fabricmc.loader.impl.launch.knot.Knot.launch(Knot.java:66)
	at net.fabricmc.loader.impl.launch.knot.KnotServer.main(KnotServer.java:23)
	at net.fabricmc.loader.impl.launch.server.FabricServerLauncher.main(FabricServerLauncher.java:69)
	at net.fabricmc.installer.ServerLauncher.main(ServerLauncher.java:69)
[93m⚠ ⏳ Auto-restart en 10 segundos (reinicio #15)[0m
[94mℹ [2026-04-30 17:23:46] Iniciando servidor (intento 16)[0m
[92m✔ Iniciando fabric 1.21.11[0m
[94mℹ 🔄 Servidor ejecutándose en background (escuchando forever)[0m
Starting net.fabricmc.loader.impl.game.minecraft.BundlerClassPathCapture
[17:23:48] [main/INFO]: Loading Minecraft 1.21.11 with Fabric Loader 0.19.2
[17:23:48] [main/WARN]: Mod resolution failed
[17:23:48] [main/INFO]: Immediate reason: [HARD_DEP_NO_CANDIDATE chisel 2.2.0+mc1.21.11 {depends cryonicconfig @ [*]}, ROOT_FORCELOAD_SINGLE chisel 2.2.0+mc1.21.11]
[17:23:48] [main/INFO]: Reason: [HARD_DEP chisel 2.2.0+mc1.21.11 {depends cryonicconfig @ [*]}]
[17:23:48] [main/INFO]: SERVER environment disabled: [fabric-renderer-api-v1, fabric-model-loading-api-v1, fabric-sound-api-v1, fabric-screen-api-v1, fabric-rendering-v1, fabric-key-binding-api-v1, fabric-renderer-indigo]
[17:23:48] [main/INFO]: Fix: add [add:cryonicconfig 1 ([(-∞,∞)])], remove [], replace []
[17:23:48] [main/ERROR]: Incompatible mods found!
net.fabricmc.loader.impl.FormattedException: Some of your mods are incompatible with the game or each other!
A potential solution has been determined, this may resolve your problem:
	 - Install cryonicconfig, any version.
More details:
	 - Mod 'Chisel Refabricated' (chisel) 2.2.0+mc1.21.11 requires any version of cryonicconfig, which is missing!
	at net.fabricmc.loader.impl.FormattedException.ofLocalized(FormattedException.java:51)
	at net.fabricmc.loader.impl.FabricLoaderImpl.load(FabricLoaderImpl.java:202)
	at net.fabricmc.loader.impl.launch.knot.Knot.init(Knot.java:142)
	at net.fabricmc.loader.impl.launch.knot.Knot.launch(Knot.java:66)
	at net.fabricmc.loader.impl.launch.knot.KnotServer.main(KnotServer.java:23)
	at net.fabricmc.loader.impl.launch.server.FabricServerLauncher.main(FabricServerLauncher.java:69)
	at net.fabricmc.installer.ServerLauncher.main(ServerLauncher.java:69)
[93m⚠ ⏳ Auto-restart en 10 segundos (reinicio #16)[0m
[94mℹ [2026-04-30 17:23:58] Iniciando servidor (intento 17)[0m
[92m✔ Iniciando fabric 1.21.11[0m
[94mℹ 🔄 Servidor ejecutándose en background (escuchando forever)[0m
Starting net.fabricmc.loader.impl.game.minecraft.BundlerClassPathCapture
[17:24:00] [main/INFO]: Loading Minecraft 1.21.11 with Fabric Loader 0.19.2
[17:24:00] [main/WARN]: Mod resolution failed
[17:24:00] [main/INFO]: Immediate reason: [HARD_DEP_NO_CANDIDATE chisel 2.2.0+mc1.21.11 {depends cryonicconfig @ [*]}, ROOT_FORCELOAD_SINGLE chisel 2.2.0+mc1.21.11]
[17:24:00] [main/INFO]: Reason: [HARD_DEP chisel 2.2.0+mc1.21.11 {depends cryonicconfig @ [*]}]
[17:24:00] [main/INFO]: SERVER environment disabled: [fabric-model-loading-api-v1, fabric-renderer-api-v1, fabric-screen-api-v1, fabric-sound-api-v1, fabric-key-binding-api-v1, fabric-rendering-v1, fabric-renderer-indigo]
[17:24:00] [main/INFO]: Fix: add [add:cryonicconfig 1 ([(-∞,∞)])], remove [], replace []
[17:24:00] [main/ERROR]: Incompatible mods found!
net.fabricmc.loader.impl.FormattedException: Some of your mods are incompatible with the game or each other!
A potential solution has been determined, this may resolve your problem:
	 - Install cryonicconfig, any version.
More details:
	 - Mod 'Chisel Refabricated' (chisel) 2.2.0+mc1.21.11 requires any version of cryonicconfig, which is missing!
	at net.fabricmc.loader.impl.FormattedException.ofLocalized(FormattedException.java:51)
	at net.fabricmc.loader.impl.FabricLoaderImpl.load(FabricLoaderImpl.java:202)
	at net.fabricmc.loader.impl.launch.knot.Knot.init(Knot.java:142)
	at net.fabricmc.loader.impl.launch.knot.Knot.launch(Knot.java:66)
	at net.fabricmc.loader.impl.launch.knot.KnotServer.main(KnotServer.java:23)
	at net.fabricmc.loader.impl.launch.server.FabricServerLauncher.main(FabricServerLauncher.java:69)
	at net.fabricmc.installer.ServerLauncher.main(ServerLauncher.java:69)
[93m⚠ ⏳ Auto-restart en 10 segundos (reinicio #17)[0m
[94mℹ [2026-04-30 17:24:10] Iniciando servidor (intento 18)[0m
[92m✔ Iniciando fabric 1.21.11[0m
[94mℹ 🔄 Servidor ejecutándose en background (escuchando forever)[0m
Starting net.fabricmc.loader.impl.game.minecraft.BundlerClassPathCapture
[17:24:12] [main/INFO]: Loading Minecraft 1.21.11 with Fabric Loader 0.19.2
[17:24:12] [main/WARN]: Mod resolution failed
[17:24:12] [main/INFO]: Immediate reason: [HARD_DEP_NO_CANDIDATE chisel 2.2.0+mc1.21.11 {depends cryonicconfig @ [*]}, ROOT_FORCELOAD_SINGLE chisel 2.2.0+mc1.21.11]
[17:24:12] [main/INFO]: Reason: [HARD_DEP chisel 2.2.0+mc1.21.11 {depends cryonicconfig @ [*]}]
[17:24:12] [main/INFO]: SERVER environment disabled: [fabric-model-loading-api-v1, fabric-renderer-api-v1, fabric-screen-api-v1, fabric-sound-api-v1, fabric-key-binding-api-v1, fabric-rendering-v1, fabric-renderer-indigo]
[17:24:12] [main/INFO]: Fix: add [add:cryonicconfig 1 ([(-∞,∞)])], remove [], replace []
[17:24:12] [main/ERROR]: Incompatible mods found!
net.fabricmc.loader.impl.FormattedException: Some of your mods are incompatible with the game or each other!
A potential solution has been determined, this may resolve your problem:
	 - Install cryonicconfig, any version.
More details:
	 - Mod 'Chisel Refabricated' (chisel) 2.2.0+mc1.21.11 requires any version of cryonicconfig, which is missing!
	at net.fabricmc.loader.impl.FormattedException.ofLocalized(FormattedException.java:51)
	at net.fabricmc.loader.impl.FabricLoaderImpl.load(FabricLoaderImpl.java:202)
	at net.fabricmc.loader.impl.launch.knot.Knot.init(Knot.java:142)
	at net.fabricmc.loader.impl.launch.knot.Knot.launch(Knot.java:66)
	at net.fabricmc.loader.impl.launch.knot.KnotServer.main(KnotServer.java:23)
	at net.fabricmc.loader.impl.launch.server.FabricServerLauncher.main(FabricServerLauncher.java:69)
	at net.fabricmc.installer.ServerLauncher.main(ServerLauncher.java:69)
[93m⚠ ⏳ Auto-restart en 10 segundos (reinicio #18)[0m
[94mℹ [2026-04-30 17:24:22] Iniciando servidor (intento 19)[0m
[92m✔ Iniciando fabric 1.21.11[0m
[94mℹ 🔄 Servidor ejecutándose en background (escuchando forever)[0m
Starting net.fabricmc.loader.impl.game.minecraft.BundlerClassPathCapture
[17:24:24] [main/INFO]: Loading Minecraft 1.21.11 with Fabric Loader 0.19.2
[17:24:24] [main/WARN]: Mod resolution failed
[17:24:24] [main/INFO]: Immediate reason: [HARD_DEP_NO_CANDIDATE chisel 2.2.0+mc1.21.11 {depends cryonicconfig @ [*]}, ROOT_FORCELOAD_SINGLE chisel 2.2.0+mc1.21.11]
[17:24:24] [main/INFO]: Reason: [HARD_DEP chisel 2.2.0+mc1.21.11 {depends cryonicconfig @ [*]}]
[17:24:24] [main/INFO]: SERVER environment disabled: [fabric-model-loading-api-v1, fabric-renderer-api-v1, fabric-sound-api-v1, fabric-screen-api-v1, fabric-key-binding-api-v1, fabric-rendering-v1, fabric-renderer-indigo]
[17:24:24] [main/INFO]: Fix: add [add:cryonicconfig 1 ([(-∞,∞)])], remove [], replace []
[17:24:24] [main/ERROR]: Incompatible mods found!
net.fabricmc.loader.impl.FormattedException: Some of your mods are incompatible with the game or each other!
A potential solution has been determined, this may resolve your problem:
	 - Install cryonicconfig, any version.
More details:
	 - Mod 'Chisel Refabricated' (chisel) 2.2.0+mc1.21.11 requires any version of cryonicconfig, which is missing!
	at net.fabricmc.loader.impl.FormattedException.ofLocalized(FormattedException.java:51)
	at net.fabricmc.loader.impl.FabricLoaderImpl.load(FabricLoaderImpl.java:202)
	at net.fabricmc.loader.impl.launch.knot.Knot.init(Knot.java:142)
	at net.fabricmc.loader.impl.launch.knot.Knot.launch(Knot.java:66)
	at net.fabricmc.loader.impl.launch.knot.KnotServer.main(KnotServer.java:23)
	at net.fabricmc.loader.impl.launch.server.FabricServerLauncher.main(FabricServerLauncher.java:69)
	at net.fabricmc.installer.ServerLauncher.main(ServerLauncher.java:69)
[93m⚠ ⏳ Auto-restart en 10 segundos (reinicio #19)[0m
[94mℹ [2026-04-30 17:24:35] Iniciando servidor (intento 20)[0m
[92m✔ Iniciando fabric 1.21.11[0m
[94mℹ 🔄 Servidor ejecutándose en background (escuchando forever)[0m
Starting net.fabricmc.loader.impl.game.minecraft.BundlerClassPathCapture
[17:24:36] [main/INFO]: Loading Minecraft 1.21.11 with Fabric Loader 0.19.2
[17:24:37] [main/WARN]: Mod resolution failed
[17:24:37] [main/INFO]: Immediate reason: [HARD_DEP_NO_CANDIDATE chisel 2.2.0+mc1.21.11 {depends cryonicconfig @ [*]}, ROOT_FORCELOAD_SINGLE chisel 2.2.0+mc1.21.11]
[17:24:37] [main/INFO]: Reason: [HARD_DEP chisel 2.2.0+mc1.21.11 {depends cryonicconfig @ [*]}]
[17:24:37] [main/INFO]: SERVER environment disabled: [fabric-renderer-api-v1, fabric-model-loading-api-v1, fabric-screen-api-v1, fabric-sound-api-v1, fabric-rendering-v1, fabric-key-binding-api-v1, fabric-renderer-indigo]
[17:24:37] [main/INFO]: Fix: add [add:cryonicconfig 1 ([(-∞,∞)])], remove [], replace []
[17:24:37] [main/ERROR]: Incompatible mods found!
net.fabricmc.loader.impl.FormattedException: Some of your mods are incompatible with the game or each other!
A potential solution has been determined, this may resolve your problem:
	 - Install cryonicconfig, any version.
More details:
	 - Mod 'Chisel Refabricated' (chisel) 2.2.0+mc1.21.11 requires any version of cryonicconfig, which is missing!
	at net.fabricmc.loader.impl.FormattedException.ofLocalized(FormattedException.java:51)
	at net.fabricmc.loader.impl.FabricLoaderImpl.load(FabricLoaderImpl.java:202)
	at net.fabricmc.loader.impl.launch.knot.Knot.init(Knot.java:142)
	at net.fabricmc.loader.impl.launch.knot.Knot.launch(Knot.java:66)
	at net.fabricmc.loader.impl.launch.knot.KnotServer.main(KnotServer.java:23)
	at net.fabricmc.loader.impl.launch.server.FabricServerLauncher.main(FabricServerLauncher.java:69)
	at net.fabricmc.installer.ServerLauncher.main(ServerLauncher.java:69)
[93m⚠ ⏳ Auto-restart en 10 segundos (reinicio #20)[0m
[94mℹ [2026-04-30 17:24:47] Iniciando servidor (intento 21)[0m
[92m✔ Iniciando fabric 1.21.11[0m
[94mℹ 🔄 Servidor ejecutándose en background (escuchando forever)[0m
Starting net.fabricmc.loader.impl.game.minecraft.BundlerClassPathCapture
[17:24:48] [main/INFO]: Loading Minecraft 1.21.11 with Fabric Loader 0.19.2
[17:24:49] [main/WARN]: Mod resolution failed
[17:24:49] [main/INFO]: Immediate reason: [HARD_DEP_NO_CANDIDATE chisel 2.2.0+mc1.21.11 {depends cryonicconfig @ [*]}, ROOT_FORCELOAD_SINGLE chisel 2.2.0+mc1.21.11]
[17:24:49] [main/INFO]: Reason: [HARD_DEP chisel 2.2.0+mc1.21.11 {depends cryonicconfig @ [*]}]
[17:24:49] [main/INFO]: SERVER environment disabled: [fabric-renderer-api-v1, fabric-model-loading-api-v1, fabric-screen-api-v1, fabric-sound-api-v1, fabric-key-binding-api-v1, fabric-rendering-v1, fabric-renderer-indigo]
[17:24:49] [main/INFO]: Fix: add [add:cryonicconfig 1 ([(-∞,∞)])], remove [], replace []
[17:24:49] [main/ERROR]: Incompatible mods found!
net.fabricmc.loader.impl.FormattedException: Some of your mods are incompatible with the game or each other!
A potential solution has been determined, this may resolve your problem:
	 - Install cryonicconfig, any version.
More details:
	 - Mod 'Chisel Refabricated' (chisel) 2.2.0+mc1.21.11 requires any version of cryonicconfig, which is missing!
	at net.fabricmc.loader.impl.FormattedException.ofLocalized(FormattedException.java:51)
	at net.fabricmc.loader.impl.FabricLoaderImpl.load(FabricLoaderImpl.java:202)
	at net.fabricmc.loader.impl.launch.knot.Knot.init(Knot.java:142)
	at net.fabricmc.loader.impl.launch.knot.Knot.launch(Knot.java:66)
	at net.fabricmc.loader.impl.launch.knot.KnotServer.main(KnotServer.java:23)
	at net.fabricmc.loader.impl.launch.server.FabricServerLauncher.main(FabricServerLauncher.java:69)
	at net.fabricmc.installer.ServerLauncher.main(ServerLauncher.java:69)
[93m⚠ ⏳ Auto-restart en 10 segundos (reinicio #21)[0m
[94mℹ [2026-04-30 17:24:59] Iniciando servidor (intento 22)[0m
[92m✔ Iniciando fabric 1.21.11[0m
[94mℹ 🔄 Servidor ejecutándose en background (escuchando forever)[0m
Starting net.fabricmc.loader.impl.game.minecraft.BundlerClassPathCapture
[17:25:01] [main/INFO]: Loading Minecraft 1.21.11 with Fabric Loader 0.19.2
[17:25:02] [main/WARN]: Warnings were found!
 - Mod 'Dynamic Lights' (dynamiclights) 1.9.2+mod recommends any version of midnightlib, which is missing!
	 - You should install any version of midnightlib for the optimal experience.
 - Mod 'Forge Config API Port' (forgeconfigapiport) 21.11.1 recommends any version of modmenu, which is missing!
	 - You should install any version of modmenu for the optimal experience.
[17:25:02] [main/INFO]: Loading 100 mods:
	- antixray 1.4.14
	   |-- com_moandjiezana_toml_toml4j 0.7.2
	   \-- fabric-permissions-api-v0 0.6.1
	- balm 21.11.9
	   \-- kuma_api 21.11.12
	- carryon 2.9.0
	- chisel 2.2.0+mc1.21.11
	- cloth-config 21.11.153
	   \-- cloth-basic-math 0.6.1
	- cryonicconfig 1.0.0+mc1.21.11
	- dynamiclights 1.9.2+mod
	- essential_commands 0.38.6-mc1.21.11
	   |-- ec-core 1.3.0-mc1.21.11
	   |-- fabric-permissions-api-v0 0.6.1
	   |-- org_yaml_snakeyaml 2.5
	   |-- placeholder-api 2.8.1+1.21.10
	   \-- playerabilitylib 1.15.0
	- fabric-api 0.141.3+1.21.11
	   |-- fabric-api-base 1.0.5+4ebb5c083e
	   |-- fabric-api-lookup-api-v1 1.6.114+20dc27073e
	   |-- fabric-biome-api-v1 17.1.1+4fc5413f3e
	   |-- fabric-block-api-v1 1.1.10+4ebb5c083e
	   |-- fabric-block-view-api-v2 1.0.39+4ebb5c083e
	   |-- fabric-command-api-v2 2.4.7+6b42a6003e
	   |-- fabric-content-registries-v0 10.2.14+4fc5413f3e
	   |-- fabric-convention-tags-v1 2.1.55+7f945d5b3e
	   |-- fabric-convention-tags-v2 2.17.3+8ef948ba3e
	   |-- fabric-crash-report-info-v1 0.3.23+4ebb5c083e
	   |-- fabric-data-attachment-api-v1 1.8.47+eed0806f3e
	   |-- fabric-data-generation-api-v1 23.4.0+69974c4e3e
	   |-- fabric-dimensions-v1 4.0.28+4fc5413f3e
	   |-- fabric-entity-events-v1 3.1.1+1d0ab4303e
	   |-- fabric-events-interaction-v0 4.1.0+3b89ecf63e
	   |-- fabric-game-rule-api-v1 2.0.3+4fc5413f3e
	   |-- fabric-item-api-v1 11.5.20+d0c46b9e3e
	   |-- fabric-item-group-api-v1 4.2.36+4fc5413f3e
	   |-- fabric-key-binding-api-v1 1.1.7+4fc5413f3e
	   |-- fabric-lifecycle-events-v1 2.6.15+4ebb5c083e
	   |-- fabric-loot-api-v2 3.0.73+3f89f5a53e
	   |-- fabric-loot-api-v3 2.0.20+78c8b4663e
	   |-- fabric-message-api-v1 6.1.12+4ebb5c083e
	   |-- fabric-model-loading-api-v1 6.0.15+4fc5413f3e
	   |-- fabric-networking-api-v1 5.1.5+ae1e07683e
	   |-- fabric-object-builder-api-v1 21.1.39+4fc5413f3e
	   |-- fabric-particles-v1 4.2.11+4fc5413f3e
	   |-- fabric-recipe-api-v1 8.2.3+4ebb5c083e
	   |-- fabric-registry-sync-v0 6.2.5+1718722b3e
	   |-- fabric-renderer-api-v1 8.0.3+f4ffd2e53e
	   |-- fabric-renderer-indigo 5.0.3+f4ffd2e53e
	   |-- fabric-rendering-fluids-v1 3.1.43+4ebb5c083e
	   |-- fabric-rendering-v1 16.2.10+0290ad933e
	   |-- fabric-resource-conditions-api-v1 5.0.35+4fc5413f3e
	   |-- fabric-resource-loader-v0 3.3.4+4fc5413f3e
	   |-- fabric-resource-loader-v1 1.0.10+78c8b4663e
	   |-- fabric-screen-api-v1 3.1.7+4ebb5c083e
	   |-- fabric-screen-handler-api-v1 1.3.161+4fc5413f3e
	   |-- fabric-serialization-api-v1 1.0.5+4ebb5c083e
	   |-- fabric-sound-api-v1 1.0.51+4fc5413f3e
	   |-- fabric-tag-api-v1 1.2.20+4fc5413f3e
	   |-- fabric-transfer-api-v1 6.0.25+4fc5413f3e
	   \-- fabric-transitive-access-wideners-v1 7.1.0+014c8cec3e
	- fabricloader 0.19.2
	   \-- mixinextras 0.5.4
	- fallingtree 1.21.11.3
	- ferritecore 8.2.0
	- forgeconfigapiport 21.11.1
	   |-- com_electronwill_night-config_core 3.8.3
	   \-- com_electronwill_night-config_toml 3.8.3
	- globalxp 1.12.2
	- hardcorerevival 21.11.5
	- ironchest 2.0.5
	   \-- libgui 15.1.0+1.21.11
	        |-- jankson 11.0.0+j1.2.3
	        |    \-- blue_endless_jankson 1.2.3
	        \-- libninepatch 1.2.0
	- java 25
	- krypton 0.2.10
	   \-- com_velocitypowered_velocity-native 3.4.0-SNAPSHOT
	- lithium 0.21.4+mc1.21.11
	- lootr 1.21.11-1.20.34.103
	- minecraft 1.21.11
	- nemos_woodcutter 1.21.11-1.14.1
	- polymer-bundled 0.15.2+1.21.11
	   |-- polymer-autohost 0.15.2+1.21.11
	   |-- polymer-blocks 0.15.2+1.21.11
	   |-- polymer-common 0.15.2+1.21.11
	   |    \-- packet_tweaker 0.6.0+1.21.10
	   |-- polymer-core 0.15.2+1.21.11
	   |    |-- polymer-networking 0.15.2+1.21.11
	   |    |    \-- polymer-common 0.15.2+1.21.11
	   |    |         \-- packet_tweaker 0.6.0+1.21.10
	   |    \-- polymer-registry-sync-manipulator 0.15.2+1.21.11
	   |-- polymer-resource-pack 0.15.2+1.21.11
	   |    \-- polymer-common 0.15.2+1.21.11
	   |         \-- packet_tweaker 0.6.0+1.21.10
	   |-- polymer-resource-pack-extras 0.15.2+1.21.11
	   |-- polymer-sound-patcher 0.15.2+1.21.11
	   \-- polymer-virtual-entity 0.15.2+1.21.11
	        \-- polymer-common 0.15.2+1.21.11
	             \-- packet_tweaker 0.6.0+1.21.10
	- servercore 1.5.15+1.21.11
	   |-- org_yaml_snakeyaml 2.5
	   |-- placeholder-api 2.8.1+1.21.10
	   |-- space_arim_dazzleconf_dazzleconf-core 1.3.0-M2
	   \-- space_arim_dazzleconf_dazzleconf-ext-snakeyaml 1.3.0-M2
	- skinrestorer 2.7.0+1.21.11-fabric
	   \-- org_mineskin_java-client 3.2.1-SNAPSHOT
	- travelersbackpack 10.11.9
	- universal-graves 3.10.2+1.21.11
	   |-- common-protection-api 1.0.0
	   |-- placeholder-api 2.8.1+1.21.10
	   |-- predicate-api 0.7.0+1.21.11
	   |-- server_translations_api 2.5.2+1.21.9-pre3
	   \-- sgui 1.11.0+1.21.9
	- waystones 21.11.9
	- xaerominimap 25.3.10
	   \-- xaerolib 1.1.0
[17:25:02] [main/WARN]: Found 1 non-fabric mod:
	- LuckPerms-Bukkit-5.5.17.jar
[17:25:02] [main/INFO]: SpongePowered MIXIN Subsystem Version=0.8.7 Source=file:/workspaces/elserversex/libraries/net/fabricmc/sponge-mixin/0.17.2+mixin.0.8.7/sponge-mixin-0.17.2+mixin.0.8.7.jar Service=Knot/Fabric Env=SERVER
[17:25:02] [main/INFO]: Compatibility level set to JAVA_17
[17:25:02] [main/INFO]: Compatibility level set to JAVA_21
[17:25:02] [main/WARN]: Reference map 'balm.refmap.json' for balm.mixins.json could not be read. If this is a development environment you can ignore this message
[17:25:02] [main/WARN]: Reference map 'balm.refmap.json' for balm.api.mixins.json could not be read. If this is a development environment you can ignore this message
[17:25:02] [main/WARN]: Reference map 'balm.refmap.json' for balm.fabric.mixins.json could not be read. If this is a development environment you can ignore this message
[17:25:02] [main/WARN]: Reference map 'carryon.refmap.json' for carryon.mixins.json could not be read. If this is a development environment you can ignore this message
[17:25:02] [main/WARN]: Reference map 'globalxp.refmap.json' for globalxp.mixins.json could not be read. If this is a development environment you can ignore this message
[17:25:02] [main/WARN]: Reference map 'hardcorerevival.refmap.json' for hardcorerevival.mixins.json could not be read. If this is a development environment you can ignore this message
[17:25:02] [main/WARN]: Reference map 'kuma_api.refmap.json' for kuma_api.mixins.json could not be read. If this is a development environment you can ignore this message
[17:25:02] [main/WARN]: Reference map 'kuma_api.refmap.json' for kuma_api.fabric.mixins.json could not be read. If this is a development environment you can ignore this message
[17:25:02] [main/INFO]: Loaded configuration file for Lithium: 171 options available, 0 override(s) found.
[17:25:02] [main/WARN]: Reference map 'nemos_woodcutter.refmap.json' for nemos_woodcutter.mixins.json could not be read. If this is a development environment you can ignore this message
[17:25:02] [main/WARN]: Reference map 'nemos_woodcutter.refmap.json' for nemos_woodcutter.fabric.mixins.json could not be read. If this is a development environment you can ignore this message
[17:25:03] [main/WARN]: Reference map 'skinrestorer.refmap.json' for skinrestorer.mixins.json could not be read. If this is a development environment you can ignore this message
[17:25:03] [main/WARN]: Reference map 'skinrestorer.refmap.json' for skinrestorer.fabric.mixins.json could not be read. If this is a development environment you can ignore this message
[17:25:03] [main/WARN]: Reference map 'waystones.refmap.json' for waystones.mixins.json could not be read. If this is a development environment you can ignore this message
[17:25:03] [main/WARN]: Reference map 'waystones.refmap.json' for waystones.fabric.mixins.json could not be read. If this is a development environment you can ignore this message
[17:25:03] [main/WARN]: Reference map 'xaerolib.refmap.json' for xaerolib.mixins.json could not be read. If this is a development environment you can ignore this message
[17:25:03] [main/WARN]: Reference map 'xaerominimap.refmap.json' for xaerohud.mixins.json could not be read. If this is a development environment you can ignore this message
[17:25:03] [main/WARN]: Reference map 'xaerominimap.refmap.json' for xaerohud.fabric.mixins.json could not be read. If this is a development environment you can ignore this message
[17:25:03] [main/WARN]: Reference map 'xaerominimap.refmap.json' for xaerominimap.mixins.json could not be read. If this is a development environment you can ignore this message
[17:25:05] [main/WARN]: Error loading class: com/simibubi/create/content/kinetics/base/BlockBreakingKineticBlockEntity (java.lang.ClassNotFoundException: com/simibubi/create/content/kinetics/base/BlockBreakingKineticBlockEntity)
[17:25:06] [main/INFO]: Initializing MixinExtras via com.llamalad7.mixinextras.service.MixinExtrasServiceImpl(version=0.5.4).
WARNING: A terminally deprecated method in sun.misc.Unsafe has been called
WARNING: sun.misc.Unsafe::objectFieldOffset has been called by org.joml.MemUtil$MemUtilUnsafe (file:/workspaces/elserversex/libraries/org/joml/joml/1.10.8/joml-1.10.8.jar)
WARNING: Please consider reporting this to the maintainers of class org.joml.MemUtil$MemUtilUnsafe
WARNING: sun.misc.Unsafe::objectFieldOffset will be removed in a future release
[17:25:24] [main/INFO]: Successfully initialized antixray for fabric
[17:25:25] [main/INFO]: [Dynamic Lights] Loaded Dynamic Lights by Tschipcraft successfully!
[17:25:25] [main/INFO]: [EssentialCommands]: Mod Load Initiated.
[17:25:26] [main/INFO]: [EssentialCommands]: Mod Load Complete.
[17:25:27] [ForkJoinPool.commonPool-worker-1/INFO]: Essential Commands is up to date!
[17:25:27] [main/INFO]: Compression will use libdeflate (Linux x86_64), encryption will use OpenSSL 3.x.x (Linux x86_64)
[17:25:27] [main/INFO]: Thank you for using Nemo's Woodcutter!
[17:25:27] [main/INFO]: Registering creative mode tabs
[17:25:27] [main/INFO]: Registering recipe serializer
[17:25:27] [main/INFO]: Register recipe types
[17:25:27] [main/INFO]: Registering recipe book categories
[17:25:27] [main/INFO]: Registering recipe displays
[17:25:27] [main/INFO]: Registering menu types
[17:25:27] [main/INFO]: [ServerCore] Loaded V1.5.15+1.21.11!
Apr 30, 2026 5:25:28 PM org.mineskin.ClientBuilder build
WARNING: Creating MineSkinClient without API key - Please get an API key from https://account.mineskin.org/keys
[17:25:28] [main/INFO]: Registered the FluidEffect with Unique ID of minecraft:water for Water (Fluid Amount Required: 81000) with the ID 0
[17:25:28] [main/INFO]: Registered the FluidEffect with Unique ID of minecraft:lava for Lava (Fluid Amount Required: 81000) with the ID 1
[17:25:28] [main/INFO]: Registered the FluidEffect with Unique ID of travelersbackpack:potion for block.travelersbackpack.potion_still (Fluid Amount Required: 27000) with the ID 2
[17:25:28] [main/INFO]: Registered the FluidEffect with Unique ID of minecraft:milk for Air (Fluid Amount Required: 81000) with the ID 3
[17:25:29] [main/INFO]: Krypton is now accelerating your Minecraft server's networking stack 🚀
[17:25:29] [main/INFO]: Registering common data for channel xaerolib:main!
[17:25:29] [main/INFO]: Loading primary common config for channel xaerolib:main!
[17:25:29] [main/INFO]: Loading server config profiles for channel xaerolib:main!
[17:25:29] [main/INFO]: Loading XaeroLib common 1/2!
[17:25:29] [main/INFO]: Loading XaeroLib server 1/2!
[17:25:29] [main/INFO]: Registering common data for channel xaerominimap:main!
[17:25:29] [main/INFO]: Loading primary common config for channel xaerominimap:main!
[17:25:29] [main/INFO]: Loading server config profiles for channel xaerominimap:main!
[17:25:29] [main/INFO]: Loading Xaero's Minimap - Stage 1/2 (Server)
[17:25:30] [main/INFO]: Environment: Environment[sessionHost=https://sessionserver.mojang.com, servicesHost=https://api.minecraftservices.com, profilesHost=https://api.mojang.com, name=PROD]
[17:25:30] [main/INFO]: Found new data pack carryon, loading it automatically
[17:25:30] [main/INFO]: Found new data pack chisel, loading it automatically
[17:25:30] [main/INFO]: Found new data pack ironchest, loading it automatically
[17:25:37] [main/INFO]: Loaded 1993 recipes
[17:25:37] [main/INFO]: Loaded 2098 advancements
[17:25:37] [ForkJoinPool.commonPool-worker-1/INFO]: Loaded 58 translation keys
[17:25:39] [main/INFO]: Applied 63 biome modifications to 63 of 65 new biomes in 27.35 ms
[17:25:39] [Server thread/INFO]: Loading XaeroLib common 2/2!
[17:25:39] [Server thread/INFO]: Loading XaeroLib server 2/2!
[17:25:39] [Server thread/INFO]: Starting minecraft server version 1.21.11
[17:25:39] [Server thread/INFO]: Loading properties
[17:25:39] [Server thread/INFO]: Default game type: SURVIVAL
[17:25:39] [Server thread/INFO]: Generating keypair
[17:25:40] [Server thread/INFO]: Starting Minecraft server on *:25565
[17:25:40] [Server thread/WARN]: **** SERVER IS RUNNING IN OFFLINE/INSECURE MODE!
[17:25:40] [Server thread/WARN]: The server will make no attempt to authenticate usernames. Beware.
[17:25:40] [Server thread/WARN]: While this makes the game possible to play without internet access, it also opens up the ability for hackers to connect with any username they choose.
[17:25:40] [Server thread/WARN]: To change this, set "online-mode" to "true" in the server.properties file.
[17:25:40] [Server thread/INFO]: Preparing level "world"
[17:25:43] [Server thread/INFO]: Loading 0 persistent chunks...
[17:25:43] [Server thread/INFO]: Preparing spawn area: 100%
[17:25:43] [Server thread/INFO]: Time elapsed: 17 ms
[17:25:43] [Server thread/INFO]: Done (2.824s)! For help, type "help"
[17:25:43] [Server thread/INFO]: Possible world ids: minecraft:overworld,minecraft:the_end,minecraft:the_nether
[17:25:43] [Server thread/INFO]: Configured `rtp_enabled_worlds` world ids: minecraft:overworld
[17:25:43] [Server thread/INFO]: All configured `rtp_enabled_worlds` world ids are valid.
[17:25:43] [Server thread/INFO]: Loading Xaero's Minimap - Stage 2/2 (Server)
[17:26:24] [Server thread/INFO]: alkeys (a705d6a9-583d-33ac-8ecf-59691f80d283) lost connection: Disconnected
[17:26:31] [Server thread/INFO]: alkeys[/127.51.148.55:33193] logged in with entity id 77 at (-8209.45254844076, 64.0, 2292.8383344037816)
[17:26:31] [Server thread/INFO]: [Essential Commands] Loading PlayerData for player with uuid 'a705d6a9-583d-33ac-8ecf-59691f80d283'.
[17:26:32] [Server thread/INFO]: alkeys joined the game
[17:26:32] [Server thread/INFO]: [Essential Commands] Loading PlayerProfile for player with uuid 'a705d6a9-583d-33ac-8ecf-59691f80d283'.
[17:26:33] [Server thread/INFO]: ArmandoMtrz[/127.230.163.113:34153] logged in with entity id 78 at (-8089.636438017874, 63.9375, 2375.045630515182)
[17:26:33] [Server thread/INFO]: [Essential Commands] Loading PlayerData for player with uuid '01437efa-ff8e-3a5b-b190-b0e07f4d0887'.
