[94mℹ 🔧 Ejecutando en modo background (sin terminal)[0m
[93m⚠ ℹ️  Playit está configurado para usar. [0m
[93m⚠     Si quieres ejecutarlo de forma independiente:[0m
[93m⚠     Terminal 1: ./start-playit.sh[0m
[93m⚠     Terminal 2: ./watch-playit.sh[0m
[93m⚠     El servidor se ejecutará sin intentar iniciar playit.[0m
[94mℹ [2026-04-30 17:57:12] Iniciando servidor (intento 1)[0m
[92m✔ Iniciando fabric 1.21.11[0m
[94mℹ 🔄 Servidor ejecutándose en background (escuchando forever)[0m
Starting net.fabricmc.loader.impl.game.minecraft.BundlerClassPathCapture
[17:57:14] [main/INFO]: Loading Minecraft 1.21.11 with Fabric Loader 0.19.2
[17:57:16] [main/WARN]: Warnings were found!
 - Mod 'Dynamic Lights' (dynamiclights) 1.9.2+mod recommends any version of midnightlib, which is missing!
	 - You should install any version of midnightlib for the optimal experience.
 - Mod 'Forge Config API Port' (forgeconfigapiport) 21.11.1 recommends any version of modmenu, which is missing!
	 - You should install any version of modmenu for the optimal experience.
[17:57:16] [main/INFO]: Loading 100 mods:
	- antixray 1.4.14
	   |-- com_moandjiezana_toml_toml4j 0.7.2
	   \-- fabric-permissions-api-v0 0.6.1
	- balm 21.11.9
	   \-- kuma_api 21.11.12
	- carryon 2.9.0
	- chisel 2.2.0+mc1.21.11
	- cloth-config 21.11.153
	   \-- cloth-basic-math 0.6.1
	- cryonicconfig 1.0.0+mc1.21.11
	- dynamiclights 1.9.2+mod
	- essential_commands 0.38.6-mc1.21.11
	   |-- ec-core 1.3.0-mc1.21.11
	   |-- fabric-permissions-api-v0 0.6.1
	   |-- org_yaml_snakeyaml 2.5
	   |-- placeholder-api 2.8.1+1.21.10
	   \-- playerabilitylib 1.15.0
	- fabric-api 0.141.3+1.21.11
	   |-- fabric-api-base 1.0.5+4ebb5c083e
	   |-- fabric-api-lookup-api-v1 1.6.114+20dc27073e
	   |-- fabric-biome-api-v1 17.1.1+4fc5413f3e
	   |-- fabric-block-api-v1 1.1.10+4ebb5c083e
	   |-- fabric-block-view-api-v2 1.0.39+4ebb5c083e
	   |-- fabric-command-api-v2 2.4.7+6b42a6003e
	   |-- fabric-content-registries-v0 10.2.14+4fc5413f3e
	   |-- fabric-convention-tags-v1 2.1.55+7f945d5b3e
	   |-- fabric-convention-tags-v2 2.17.3+8ef948ba3e
	   |-- fabric-crash-report-info-v1 0.3.23+4ebb5c083e
	   |-- fabric-data-attachment-api-v1 1.8.47+eed0806f3e
	   |-- fabric-data-generation-api-v1 23.4.0+69974c4e3e
	   |-- fabric-dimensions-v1 4.0.28+4fc5413f3e
	   |-- fabric-entity-events-v1 3.1.1+1d0ab4303e
	   |-- fabric-events-interaction-v0 4.1.0+3b89ecf63e
	   |-- fabric-game-rule-api-v1 2.0.3+4fc5413f3e
	   |-- fabric-item-api-v1 11.5.20+d0c46b9e3e
	   |-- fabric-item-group-api-v1 4.2.36+4fc5413f3e
	   |-- fabric-key-binding-api-v1 1.1.7+4fc5413f3e
	   |-- fabric-lifecycle-events-v1 2.6.15+4ebb5c083e
	   |-- fabric-loot-api-v2 3.0.73+3f89f5a53e
	   |-- fabric-loot-api-v3 2.0.20+78c8b4663e
	   |-- fabric-message-api-v1 6.1.12+4ebb5c083e
	   |-- fabric-model-loading-api-v1 6.0.15+4fc5413f3e
	   |-- fabric-networking-api-v1 5.1.5+ae1e07683e
	   |-- fabric-object-builder-api-v1 21.1.39+4fc5413f3e
	   |-- fabric-particles-v1 4.2.11+4fc5413f3e
	   |-- fabric-recipe-api-v1 8.2.3+4ebb5c083e
	   |-- fabric-registry-sync-v0 6.2.5+1718722b3e
	   |-- fabric-renderer-api-v1 8.0.3+f4ffd2e53e
	   |-- fabric-renderer-indigo 5.0.3+f4ffd2e53e
	   |-- fabric-rendering-fluids-v1 3.1.43+4ebb5c083e
	   |-- fabric-rendering-v1 16.2.10+0290ad933e
	   |-- fabric-resource-conditions-api-v1 5.0.35+4fc5413f3e
	   |-- fabric-resource-loader-v0 3.3.4+4fc5413f3e
	   |-- fabric-resource-loader-v1 1.0.10+78c8b4663e
	   |-- fabric-screen-api-v1 3.1.7+4ebb5c083e
	   |-- fabric-screen-handler-api-v1 1.3.161+4fc5413f3e
	   |-- fabric-serialization-api-v1 1.0.5+4ebb5c083e
	   |-- fabric-sound-api-v1 1.0.51+4fc5413f3e
	   |-- fabric-tag-api-v1 1.2.20+4fc5413f3e
	   |-- fabric-transfer-api-v1 6.0.25+4fc5413f3e
	   \-- fabric-transitive-access-wideners-v1 7.1.0+014c8cec3e
	- fabricloader 0.19.2
	   \-- mixinextras 0.5.4
	- fallingtree 1.21.11.3
	- ferritecore 8.2.0
	- forgeconfigapiport 21.11.1
	   |-- com_electronwill_night-config_core 3.8.3
	   \-- com_electronwill_night-config_toml 3.8.3
	- globalxp 1.12.2
	- hardcorerevival 21.11.5
	- ironchest 2.0.5
	   \-- libgui 15.1.0+1.21.11
	        |-- jankson 11.0.0+j1.2.3
	        |    \-- blue_endless_jankson 1.2.3
	        \-- libninepatch 1.2.0
	- java 25
	- krypton 0.2.10
	   \-- com_velocitypowered_velocity-native 3.4.0-SNAPSHOT
	- lithium 0.21.4+mc1.21.11
	- lootr 1.21.11-1.20.34.103
	- minecraft 1.21.11
	- nemos_woodcutter 1.21.11-1.14.1
	- polymer-bundled 0.15.2+1.21.11
	   |-- polymer-autohost 0.15.2+1.21.11
	   |-- polymer-blocks 0.15.2+1.21.11
	   |-- polymer-common 0.15.2+1.21.11
	   |    \-- packet_tweaker 0.6.0+1.21.10
	   |-- polymer-core 0.15.2+1.21.11
	   |    |-- polymer-networking 0.15.2+1.21.11
	   |    |    \-- polymer-common 0.15.2+1.21.11
	   |    |         \-- packet_tweaker 0.6.0+1.21.10
	   |    \-- polymer-registry-sync-manipulator 0.15.2+1.21.11
	   |-- polymer-resource-pack 0.15.2+1.21.11
	   |    \-- polymer-common 0.15.2+1.21.11
	   |         \-- packet_tweaker 0.6.0+1.21.10
	   |-- polymer-resource-pack-extras 0.15.2+1.21.11
	   |-- polymer-sound-patcher 0.15.2+1.21.11
	   \-- polymer-virtual-entity 0.15.2+1.21.11
	        \-- polymer-common 0.15.2+1.21.11
	             \-- packet_tweaker 0.6.0+1.21.10
	- servercore 1.5.15+1.21.11
	   |-- org_yaml_snakeyaml 2.5
	   |-- placeholder-api 2.8.1+1.21.10
	   |-- space_arim_dazzleconf_dazzleconf-core 1.3.0-M2
	   \-- space_arim_dazzleconf_dazzleconf-ext-snakeyaml 1.3.0-M2
	- skinrestorer 2.7.0+1.21.11-fabric
	   \-- org_mineskin_java-client 3.2.1-SNAPSHOT
	- travelersbackpack 10.11.9
	- universal-graves 3.10.2+1.21.11
	   |-- common-protection-api 1.0.0
	   |-- placeholder-api 2.8.1+1.21.10
	   |-- predicate-api 0.7.0+1.21.11
	   |-- server_translations_api 2.5.2+1.21.9-pre3
	   \-- sgui 1.11.0+1.21.9
	- waystones 21.11.9
	- xaerominimap 25.3.10
	   \-- xaerolib 1.1.0
[17:57:16] [main/WARN]: Found 1 non-fabric mod:
	- LuckPerms-Bukkit-5.5.17.jar
[17:57:17] [main/INFO]: SpongePowered MIXIN Subsystem Version=0.8.7 Source=file:/workspaces/elserversex/libraries/net/fabricmc/sponge-mixin/0.17.2+mixin.0.8.7/sponge-mixin-0.17.2+mixin.0.8.7.jar Service=Knot/Fabric Env=SERVER
[17:57:17] [main/INFO]: Compatibility level set to JAVA_17
[17:57:17] [main/INFO]: Compatibility level set to JAVA_21
[17:57:17] [main/WARN]: Reference map 'balm.refmap.json' for balm.mixins.json could not be read. If this is a development environment you can ignore this message
[17:57:17] [main/WARN]: Reference map 'balm.refmap.json' for balm.api.mixins.json could not be read. If this is a development environment you can ignore this message
[17:57:17] [main/WARN]: Reference map 'balm.refmap.json' for balm.fabric.mixins.json could not be read. If this is a development environment you can ignore this message
[17:57:17] [main/WARN]: Reference map 'carryon.refmap.json' for carryon.mixins.json could not be read. If this is a development environment you can ignore this message
[17:57:18] [main/WARN]: Reference map 'globalxp.refmap.json' for globalxp.mixins.json could not be read. If this is a development environment you can ignore this message
[17:57:18] [main/WARN]: Reference map 'hardcorerevival.refmap.json' for hardcorerevival.mixins.json could not be read. If this is a development environment you can ignore this message
[17:57:18] [main/WARN]: Reference map 'kuma_api.refmap.json' for kuma_api.mixins.json could not be read. If this is a development environment you can ignore this message
[17:57:18] [main/WARN]: Reference map 'kuma_api.refmap.json' for kuma_api.fabric.mixins.json could not be read. If this is a development environment you can ignore this message
[17:57:18] [main/INFO]: Loaded configuration file for Lithium: 171 options available, 0 override(s) found.
[17:57:18] [main/WARN]: Reference map 'nemos_woodcutter.refmap.json' for nemos_woodcutter.mixins.json could not be read. If this is a development environment you can ignore this message
[17:57:18] [main/WARN]: Reference map 'nemos_woodcutter.refmap.json' for nemos_woodcutter.fabric.mixins.json could not be read. If this is a development environment you can ignore this message
[17:57:18] [main/WARN]: Reference map 'skinrestorer.refmap.json' for skinrestorer.mixins.json could not be read. If this is a development environment you can ignore this message
[17:57:18] [main/WARN]: Reference map 'skinrestorer.refmap.json' for skinrestorer.fabric.mixins.json could not be read. If this is a development environment you can ignore this message
[17:57:18] [main/WARN]: Reference map 'waystones.refmap.json' for waystones.mixins.json could not be read. If this is a development environment you can ignore this message
[17:57:18] [main/WARN]: Reference map 'waystones.refmap.json' for waystones.fabric.mixins.json could not be read. If this is a development environment you can ignore this message
[17:57:18] [main/WARN]: Reference map 'xaerolib.refmap.json' for xaerolib.mixins.json could not be read. If this is a development environment you can ignore this message
[17:57:18] [main/WARN]: Reference map 'xaerominimap.refmap.json' for xaerohud.mixins.json could not be read. If this is a development environment you can ignore this message
[17:57:18] [main/WARN]: Reference map 'xaerominimap.refmap.json' for xaerohud.fabric.mixins.json could not be read. If this is a development environment you can ignore this message
[17:57:18] [main/WARN]: Reference map 'xaerominimap.refmap.json' for xaerominimap.mixins.json could not be read. If this is a development environment you can ignore this message
[17:57:20] [main/WARN]: Error loading class: com/simibubi/create/content/kinetics/base/BlockBreakingKineticBlockEntity (java.lang.ClassNotFoundException: com/simibubi/create/content/kinetics/base/BlockBreakingKineticBlockEntity)
[17:57:20] [main/INFO]: Initializing MixinExtras via com.llamalad7.mixinextras.service.MixinExtrasServiceImpl(version=0.5.4).
WARNING: A terminally deprecated method in sun.misc.Unsafe has been called
WARNING: sun.misc.Unsafe::objectFieldOffset has been called by org.joml.MemUtil$MemUtilUnsafe (file:/workspaces/elserversex/libraries/org/joml/joml/1.10.8/joml-1.10.8.jar)
WARNING: Please consider reporting this to the maintainers of class org.joml.MemUtil$MemUtilUnsafe
WARNING: sun.misc.Unsafe::objectFieldOffset will be removed in a future release
[17:57:37] [main/INFO]: Successfully initialized antixray for fabric
[17:57:38] [main/INFO]: [Dynamic Lights] Loaded Dynamic Lights by Tschipcraft successfully!
[17:57:38] [main/INFO]: [EssentialCommands]: Mod Load Initiated.
[17:57:39] [main/INFO]: [EssentialCommands]: Mod Load Complete.
[17:57:39] [ForkJoinPool.commonPool-worker-1/INFO]: Essential Commands is up to date!
[17:57:39] [main/INFO]: Compression will use libdeflate (Linux x86_64), encryption will use OpenSSL 3.x.x (Linux x86_64)
[17:57:40] [main/INFO]: Thank you for using Nemo's Woodcutter!
[17:57:40] [main/INFO]: Registering creative mode tabs
[17:57:40] [main/INFO]: Registering recipe serializer
[17:57:40] [main/INFO]: Register recipe types
[17:57:40] [main/INFO]: Registering recipe book categories
[17:57:40] [main/INFO]: Registering recipe displays
[17:57:40] [main/INFO]: Registering menu types
[17:57:40] [main/INFO]: [ServerCore] Loaded V1.5.15+1.21.11!
Apr 30, 2026 5:57:40 PM org.mineskin.ClientBuilder build
WARNING: Creating MineSkinClient without API key - Please get an API key from https://account.mineskin.org/keys
[17:57:41] [main/INFO]: Registered the FluidEffect with Unique ID of minecraft:water for Water (Fluid Amount Required: 81000) with the ID 0
[17:57:41] [main/INFO]: Registered the FluidEffect with Unique ID of minecraft:lava for Lava (Fluid Amount Required: 81000) with the ID 1
[17:57:41] [main/INFO]: Registered the FluidEffect with Unique ID of travelersbackpack:potion for block.travelersbackpack.potion_still (Fluid Amount Required: 27000) with the ID 2
[17:57:41] [main/INFO]: Registered the FluidEffect with Unique ID of minecraft:milk for Air (Fluid Amount Required: 81000) with the ID 3
[17:57:41] [main/INFO]: Krypton is now accelerating your Minecraft server's networking stack 🚀
[17:57:41] [main/INFO]: Registering common data for channel xaerolib:main!
[17:57:41] [main/INFO]: Loading primary common config for channel xaerolib:main!
[17:57:41] [main/INFO]: Loading server config profiles for channel xaerolib:main!
[17:57:41] [main/INFO]: Loading XaeroLib common 1/2!
[17:57:41] [main/INFO]: Loading XaeroLib server 1/2!
[17:57:41] [main/INFO]: Registering common data for channel xaerominimap:main!
[17:57:41] [main/INFO]: Loading primary common config for channel xaerominimap:main!
[17:57:41] [main/INFO]: Loading server config profiles for channel xaerominimap:main!
[17:57:41] [main/INFO]: Loading Xaero's Minimap - Stage 1/2 (Server)
[17:57:42] [main/INFO]: Environment: Environment[sessionHost=https://sessionserver.mojang.com, servicesHost=https://api.minecraftservices.com, profilesHost=https://api.mojang.com, name=PROD]
[17:57:46] [main/INFO]: Loaded 1993 recipes
[17:57:46] [main/INFO]: Loaded 2098 advancements
[17:57:46] [ForkJoinPool.commonPool-worker-1/INFO]: Loaded 58 translation keys
[17:57:47] [main/INFO]: Applied 63 biome modifications to 63 of 65 new biomes in 18.41 ms
[17:57:47] [Server thread/INFO]: Loading XaeroLib common 2/2!
[17:57:47] [Server thread/INFO]: Loading XaeroLib server 2/2!
[17:57:47] [Server thread/INFO]: Starting minecraft server version 1.21.11
[17:57:47] [Server thread/INFO]: Loading properties
[17:57:47] [Server thread/INFO]: Default game type: SURVIVAL
[17:57:47] [Server thread/INFO]: Generating keypair
[17:57:47] [Server thread/INFO]: Starting Minecraft server on *:25565
[17:57:48] [Server thread/WARN]: **** SERVER IS RUNNING IN OFFLINE/INSECURE MODE!
[17:57:48] [Server thread/WARN]: The server will make no attempt to authenticate usernames. Beware.
[17:57:48] [Server thread/WARN]: While this makes the game possible to play without internet access, it also opens up the ability for hackers to connect with any username they choose.
[17:57:48] [Server thread/WARN]: To change this, set "online-mode" to "true" in the server.properties file.
[17:57:48] [Server thread/INFO]: Preparing level "world"
[17:57:49] [Server thread/INFO]: Loading 0 persistent chunks...
[17:57:49] [Server thread/INFO]: Preparing spawn area: 100%
[17:57:49] [Server thread/INFO]: Time elapsed: 13 ms
[17:57:49] [Server thread/INFO]: Done (1.483s)! For help, type "help"
[17:57:49] [Server thread/INFO]: Possible world ids: minecraft:overworld,minecraft:the_end,minecraft:the_nether
[17:57:49] [Server thread/INFO]: Configured `rtp_enabled_worlds` world ids: minecraft:overworld
[17:57:49] [Server thread/INFO]: All configured `rtp_enabled_worlds` world ids are valid.
[17:57:49] [Server thread/INFO]: Loading Xaero's Minimap - Stage 2/2 (Server)
[17:58:07] [Server thread/INFO]: alkeys[/127.51.148.55:48591] logged in with entity id 103 at (-8206.554440759255, 64.0, 2294.290203141391)
[17:58:07] [Server thread/INFO]: [Essential Commands] Loading PlayerData for player with uuid 'a705d6a9-583d-33ac-8ecf-59691f80d283'.
[17:58:07] [Server thread/INFO]: Connection closed during protocol change
[17:58:07] [Server thread/INFO]: alkeys joined the game
[17:58:07] [Server thread/INFO]: [Essential Commands] Loading PlayerProfile for player with uuid 'a705d6a9-583d-33ac-8ecf-59691f80d283'.
[17:58:08] [Server thread/INFO]: bryan13[/127.109.75.12:37645] logged in with entity id 104 at (-8088.300000011921, -55.0, 2130.972450568393)
[17:58:08] [Server thread/INFO]: [Essential Commands] Loading PlayerData for player with uuid 'f58785a7-6f31-3493-86e0-bef8c4556536'.
[17:58:08] [Server thread/INFO]: bryan13 joined the game
[17:58:08] [Server thread/INFO]: [Essential Commands] Loading PlayerProfile for player with uuid 'f58785a7-6f31-3493-86e0-bef8c4556536'.
[17:58:09] [Server thread/INFO]: alkeys lost connection: Disconnected
[17:58:09] [Server thread/INFO]: alkeys left the game
[17:58:09] [Server thread/WARN]: Can't keep up! Is the server overloaded? Running 2748ms or 54 ticks behind
[17:58:17] [Server thread/INFO]: ArmandoMtrz[/127.230.163.113:38631] logged in with entity id 291 at (-8098.662215562649, -5.480000019073486, 2260.699999988079)
[17:58:17] [Server thread/INFO]: [Essential Commands] Loading PlayerData for player with uuid '01437efa-ff8e-3a5b-b190-b0e07f4d0887'.
[17:58:17] [Server thread/INFO]: ArmandoMtrz joined the game
[17:58:17] [Server thread/INFO]: [Essential Commands] Loading PlayerProfile for player with uuid '01437efa-ff8e-3a5b-b190-b0e07f4d0887'.
[17:58:59] [Server thread/INFO]: [Not Secure] <bryan13> xd sin pico apareci y con lod mismos diamantes xd
[17:59:10] [Server thread/INFO]: [Not Secure] <ArmandoMtrz> yo apareci mas atras
[17:59:22] [Server thread/INFO]: [Not Secure] <bryan13> igual y sin unas cosas xd
[17:59:24] [Server thread/INFO]: alkeys[/127.51.148.55:50475] logged in with entity id 924 at (-8206.554440759255, 64.0, 2294.290203141391)
[17:59:24] [Server thread/INFO]: [Essential Commands] Loading PlayerData for player with uuid 'a705d6a9-583d-33ac-8ecf-59691f80d283'.
[17:59:24] [Server thread/INFO]: alkeys joined the game
[17:59:24] [Server thread/INFO]: [Essential Commands] Loading PlayerProfile for player with uuid 'a705d6a9-583d-33ac-8ecf-59691f80d283'.
[17:59:35] [Server thread/INFO]: [Not Secure] <ArmandoMtrz> encontre los diamantes de nuevo y no esta la bruja jsjsjs
[17:59:41] [Server thread/INFO]: [Not Secure] <alkeys> ajjaa
[18:00:02] [Server thread/INFO]: [Not Secure] <bryan13> mannn por poco muero creaper y esqueleto xd
[18:00:39] [Server thread/INFO]: [Not Secure] <ArmandoMtrz> man 7 diamantes eran vale queso si los perdia xd
[18:01:20] [Server thread/INFO]: [Not Secure] <bryan13> bien virgo xd
[18:01:45] [Server thread/INFO]: ArmandoMtrz was slain by Zombie
[18:01:51] [Server thread/INFO]: [Not Secure] <alkeys> a
[18:01:52] [Server thread/INFO]: [Not Secure] <alkeys> jajajaa
[18:01:53] [Server thread/INFO]: ArmandoMtrz was not rescued in time
[18:01:53] [Server thread/INFO]: Created new backpack backup file for ArmandoMtrz with unique ID travelersbackpack.fox_30.04.2026-18.01.53.dat
[18:01:57] [Server thread/INFO]: [Not Secure] <bryan13> xd
[18:01:59] [Server thread/INFO]: [Not Secure] <alkeys> vale madre
[18:02:00] [Server thread/INFO]: [Not Secure] <alkeys> jaja
[18:02:03] [Server thread/INFO]: [Not Secure] <ArmandoMtrz> man
[18:02:10] [Server thread/INFO]: [Not Secure] <ArmandoMtrz> unos niños me mataron xd
[18:02:25] [Server thread/INFO]: [Not Secure] <bryan13> esos papean
[18:02:36] [Server thread/INFO]: [Not Secure] <alkeys> esas madre te joden la vida y incluso en la vida real
[18:02:37] [Server thread/INFO]: [Not Secure] <alkeys> jaja
[18:02:46] [Server thread/INFO]: [Not Secure] <ArmandoMtrz> JAJAJAJ A
[18:02:53] [Server thread/INFO]: [Not Secure] <ArmandoMtrz> se vuelven canon
[18:03:16] [Server thread/INFO]: [Not Secure] <ArmandoMtrz> tengo 13 min para encontrar mi cuerpo si no se borra todo
[18:03:23] [Server thread/INFO]: [Not Secure] <alkeys> a
[18:03:23] [Server thread/INFO]: [Not Secure] <alkeys> a
[18:03:28] [Server thread/INFO]: [Not Secure] <alkeys> como que 13
[18:03:32] [Server thread/INFO]: [Not Secure] <alkeys> te dijo
[18:03:34] [Server thread/INFO]: [Not Secure] <bryan13> y eso
[18:03:38] [Server thread/INFO]: [Not Secure] <ArmandoMtrz> eso dice la brujula
[18:03:49] [Server thread/INFO]: [Not Secure] <bryan13> madre tiene tiempo tons xd
[18:03:56] [Server thread/INFO]: [Not Secure] <ArmandoMtrz> asie s
[18:04:15] [Server thread/INFO]: [Not Secure] <ArmandoMtrz> tcreo que perdere mis cosas xd
[18:04:41] [Server thread/INFO]: [Not Secure] <bryan13> usa un tp xd de los 3 que tenemos xd
[18:04:53] [Server thread/INFO]: [Not Secure] <ArmandoMtrz> necesito experiencia para eso xd
[18:04:59] [Server thread/INFO]: [Not Secure] <ArmandoMtrz> o de cual mencionas
[18:05:06] [Server thread/INFO]: [Not Secure] <alkeys> no esta ese mod
[18:05:09] [Server thread/INFO]: [Not Secure] <alkeys> de tp
[18:05:20] [Server thread/INFO]: [alkeys: Set ArmandoMtrz's game mode to Spectator Mode]
[18:05:26] [Server thread/INFO]: [Not Secure] <alkeys> me avisas cuando llegues
[18:05:49] [Server thread/INFO]: [Not Secure] <ArmandoMtrz> ya llegue
[18:05:49] [Server thread/INFO]: [Not Secure] <alkeys> alo
[18:05:52] [Server thread/INFO]: [Not Secure] <alkeys> ok
[18:05:59] [Server thread/INFO]: [alkeys: Set ArmandoMtrz's game mode to Survival Mode]
[18:06:04] [Server thread/INFO]: [Not Secure] <bryan13> xd
[18:06:10] [Server thread/INFO]: [Not Secure] <alkeys> jaaj ese men
[18:06:24] [Server thread/INFO]: [Not Secure] <alkeys> metere ese mod para los tp
[18:06:31] [Server thread/INFO]: [Not Secure] <ArmandoMtrz> metelo porfa
[18:06:33] [Server thread/INFO]: [Not Secure] <ArmandoMtrz> pero miura
[18:06:42] [Server thread/INFO]: [Not Secure] <ArmandoMtrz> si pone tiempo ya vas a ver
[18:06:52] [Server thread/INFO]: [Not Secure] <bryan13> xd
[18:07:01] [Server thread/INFO]: [Not Secure] <ArmandoMtrz> 10 min tenia aun cuando llegue xd
[18:13:50] [Server thread/INFO]: [Not Secure] <bryan13> zzzzz
[18:14:03] [Server thread/INFO]: [Not Secure] <alkeys> zzzz
[18:15:10] [Server thread/INFO]: bryan13 died
[18:15:15] [Server thread/INFO]: [Not Secure] <alkeys> a
[18:15:18] [Server thread/INFO]: [Not Secure] <ArmandoMtrz> a
[18:15:26] [Server thread/INFO]: [Not Secure] <alkeys> voy
[18:15:49] [Server thread/INFO]: [Not Secure] <alkeys> ajajajaa
[18:15:54] [Server thread/INFO]: [Not Secure] <ArmandoMtrz> vale queso xd
[18:15:55] [Server thread/INFO]: [Not Secure] <alkeys> jaja
[18:16:01] [Server thread/INFO]: [Not Secure] <alkeys> vale madre
[18:16:13] [Server thread/INFO]: [Not Secure] <alkeys> un criper lo mato y casi lo mata otra vez
[18:16:17] [Server thread/INFO]: [Not Secure] <ArmandoMtrz> jajajaj a
[18:17:59] [Server thread/INFO]: [Not Secure] <ArmandoMtrz> feo caso me cai en un hoyo xd
[18:18:19] [Server thread/INFO]: [Not Secure] <alkeys> jaja
[18:24:29] [Server thread/INFO]: [Not Secure] <alkeys> xd
[18:25:34] [Server thread/INFO]: [Not Secure] <bryan13> zzz
[18:25:47] [Server thread/INFO]: [Not Secure] <alkeys> me pones algo terrible no puedo
[18:26:09] [Server thread/INFO]: [Not Secure] <ArmandoMtrz> no puedo estoy rodeado de mounstros en una cueva xd
[18:26:22] [Server thread/INFO]: [Not Secure] <alkeys> zzz
[18:26:50] [Server thread/INFO]: [Not Secure] <alkeys> madre que abunda el hiero aqui aja
[18:27:06] [Server thread/INFO]: [Not Secure] <ArmandoMtrz> donde estoy es el oro el que ha abundado
[18:32:18] [Server thread/INFO]: [Not Secure] <alkeys> español detecte
[18:32:23] [Server thread/INFO]: [Not Secure] <ArmandoMtrz> a
[18:32:33] [Server thread/INFO]: [Not Secure] <alkeys> jajajaa
[18:32:41] [Server thread/INFO]: [Not Secure] <bryan13> xd
[18:34:09] [Server thread/INFO]: [Not Secure] <alkeys> ya siento un poco de lag pro bryan13
[18:34:10] [Server thread/INFO]: [Not Secure] <alkeys> kaka
[18:34:11] [Server thread/INFO]: [Not Secure] <alkeys> ajja
[18:34:20] [Server thread/INFO]: [Not Secure] <ArmandoMtrz> jajajaja
[18:34:20] [Server thread/INFO]: [Not Secure] <bryan13> hay voy ya xd
[18:34:42] [Server thread/INFO]: [Not Secure] <alkeys> ese men si no esta reproducion aldeanos and explorando ajaj
[18:35:05] [Server thread/INFO]: [Not Secure] <bryan13> que vine por el tronco ese
[18:35:20] [Server thread/INFO]: [Not Secure] <ArmandoMtrz> a awueno
[18:38:05] [Server thread/INFO]: [Not Secure] <bryan13> zzz
[18:38:11] [Server thread/INFO]: [Not Secure] <alkeys> hyo si no puedo
[18:38:19] [Server thread/INFO]: [Not Secure] <alkeys> vas ArmandoMtrz
[18:38:27] [Server thread/INFO]: [Not Secure] <ArmandoMtrz> hay moubnstros cerca
[18:38:58] [Server thread/INFO]: [Not Secure] <alkeys> zzzzzzzzz
[18:39:10] [Server thread/INFO]: [Not Secure] <alkeys> me toco hacer otro agujero mas grande aajaj qe feo c escucha
[18:39:14] [Server thread/INFO]: [Not Secure] <alkeys> zzzzzzzzzzzzzzzzzzzzzzzz
[18:39:15] [Server thread/INFO]: [Not Secure] <ArmandoMtrz> jajajaja
[18:39:18] [Server thread/INFO]: [Not Secure] <ArmandoMtrz> ya estaba usado
[18:39:21] [Server thread/INFO]: [Not Secure] <ArmandoMtrz> txd
[18:39:26] [Server thread/INFO]: [Not Secure] <alkeys> no io lo espandi
[18:39:27] [Server thread/INFO]: [Not Secure] <alkeys> tjaja
[18:39:32] [Server thread/INFO]: [Not Secure] <bryan13> madre vergo de esqueletos de cobre
[18:39:33] [Server thread/INFO]: [Not Secure] <ArmandoMtrz> que rico repitio xd
[18:39:40] [Server thread/INFO]: [Not Secure] <alkeys> ajja
[18:39:47] [Server thread/INFO]: [Not Secure] <ArmandoMtrz> man que vergo de entidades en las cuevas
[18:41:19] [Server thread/INFO]: [Not Secure] <ArmandoMtrz> que bugaso
[18:41:21] [Server thread/INFO]: [Not Secure] <alkeys> see
[18:41:31] [Server thread/INFO]: [Not Secure] <ArmandoMtrz> salio netherita de neuvo xd
[18:41:38] [Server thread/INFO]: [Not Secure] <alkeys> jaja aprobecha
[18:41:48] [Server thread/INFO]: [Not Secure] <ArmandoMtrz> aprovecha el bug man xd
[18:42:54] [Server thread/INFO]: [Not Secure] <bryan13> no encontre el bioma ese me volvere xd
[18:42:58] [Server thread/INFO]: [Not Secure] <alkeys> jajaa
[18:43:16] [Server thread/INFO]: [Not Secure] <bryan13> regrese xd
[18:43:17] [Server thread/INFO]: [Not Secure] <alkeys> ArmandoMtrz ahi esta tu repuesta del bugaso
[18:43:23] [Server thread/INFO]: [Not Secure] <ArmandoMtrz> jajajajajaja
[18:43:25] [Server thread/INFO]: [Not Secure] <ArmandoMtrz> tfeo caso xd
[18:43:37] [Server thread/INFO]: [Not Secure] <alkeys> a cuando bloques andas bryan13
[18:43:45] [Server thread/INFO]: [Not Secure] <bryan13> 6500
[18:43:48] [Server thread/INFO]: [Not Secure] <alkeys> madre
[18:44:18] [Server thread/INFO]: [Not Secure] <bryan13> polvo de hueso quien tiene
[18:44:25] [Server thread/INFO]: [Not Secure] <alkeys> io
[18:44:27] [Server thread/INFO]: [Not Secure] <ArmandoMtrz> nel no tengo
[18:44:30] [Server thread/INFO]: [Not Secure] <alkeys> en la casa
[18:44:30] [Server thread/INFO]: [Not Secure] <bryan13> pasame
[18:44:31] [Server thread/INFO]: [Not Secure] <alkeys> busca
[18:44:34] [Server thread/INFO]: [Not Secure] <ArmandoMtrz> esta
[18:44:36] [Server thread/INFO]: [Not Secure] <alkeys> ahi hay uesos
[18:45:55] [Server thread/INFO]: [Not Secure] <alkeys> madre que cuesta encontrar diamantes
[18:46:05] [Server thread/INFO]: [Not Secure] <ArmandoMtrz> man donde podes hallar son en cuevas naturales
[18:46:12] [Server thread/INFO]: [Not Secure] <ArmandoMtrz> en las capas especficas
[18:46:23] [Server thread/INFO]: [Not Secure] <ArmandoMtrz> yo ahi e encotrado ahorita
[18:47:33] [Server thread/INFO]: [Not Secure] <bryan13> que mataron los aldeanos xd
[18:47:38] [Server thread/INFO]: [Not Secure] <ArmandoMtrz> ta
[18:47:43] [Server thread/INFO]: [Not Secure] <alkeys> no
[18:47:47] [Server thread/INFO]: [Not Secure] <ArmandoMtrz> nel amn
[18:47:49] [Server thread/INFO]: [Not Secure] <ArmandoMtrz> man
[18:47:58] [Server thread/INFO]: [Not Secure] <bryan13> ninguno hay xd
[18:48:01] [Server thread/INFO]: [Not Secure] <ArmandoMtrz> a
[18:48:07] [Server thread/INFO]: [Not Secure] <alkeys> jaja
[18:48:10] [Server thread/INFO]: [Not Secure] <bryan13> xd ya encontre uno
[18:48:24] [Server thread/INFO]: [Not Secure] <bryan13> eran varios y solo 1 hay
[18:49:05] [Server thread/INFO]: [Not Secure] <bryan13> xd en un ollo estan
[18:49:11] [Server thread/INFO]: [Not Secure] <ArmandoMtrz> que rico
[18:49:19] [Server thread/INFO]: [Not Secure] <alkeys> ajaja
[18:49:23] [Server thread/INFO]: [Not Secure] <ArmandoMtrz> jajajaja
[18:49:27] [Server thread/INFO]: [Not Secure] <ArmandoMtrz> son picaros ya vio
[18:49:36] [Server thread/INFO]: [Not Secure] <alkeys> jajaa
[18:49:43] [Server thread/INFO]: [Not Secure] <bryan13> que vayan a la cama xd
[18:49:59] [Server thread/INFO]: [Not Secure] <alkeys> que estupidesde estoy leyendio aajaj
[18:50:05] [Server thread/INFO]: [Not Secure] <alkeys> c maman
[18:50:19] [Server thread/INFO]: [Not Secure] <ArmandoMtrz> jajajaja
[18:50:32] [Server thread/INFO]: [Not Secure] <ArmandoMtrz> bueno ya tengo medio stack de diamantes xd
[18:51:42] [Server thread/INFO]: [Not Secure] <ArmandoMtrz> encontre un bloque de hierro en bruto
[18:51:46] [Server thread/INFO]: [Not Secure] <alkeys> x2
[18:52:18] [Server thread/INFO]: [Not Secure] <ArmandoMtrz> tque raro hayarlos asi xd
[18:52:38] [Server thread/INFO]: [Not Secure] <ArmandoMtrz> por un momento pense que era bug xd
[18:52:43] [Server thread/INFO]: [Not Secure] <alkeys> a no
[18:54:46] [Server thread/INFO]: [Not Secure] <bryan13> zzzzzzzzzzz
[18:54:53] [Server thread/INFO]: [Not Secure] <bryan13> pijo de zombies
[18:54:54] [Server thread/INFO]: [Not Secure] <alkeys> podes armando
[18:55:09] [Server thread/INFO]: [Not Secure] <alkeys> <<<<<<<<<<
[18:55:18] [Server thread/INFO]: [Not Secure] <alkeys> <<<<<<<<<<<<
[18:55:19] [Server thread/INFO]: [Not Secure] <ArmandoMtrz> ya voy
[18:55:24] [Server thread/INFO]: [Not Secure] <alkeys> duerman pues
[18:55:37] [Server thread/INFO]: [Not Secure] <ArmandoMtrz> es que me quite la mochila sin querer
[18:55:42] [Server thread/INFO]: bryan13 was slain by Zombie
[18:55:45] [Server thread/INFO]: [Not Secure] <ArmandoMtrz> a
[18:55:45] [Server thread/INFO]: [Not Secure] <alkeys> noooooooooooooo
[18:55:50] [Server thread/INFO]: [Not Secure] <ArmandoMtrz> JAJAJAJAJAJA
[18:56:13] [Server thread/INFO]: [Not Secure] <alkeys> espero que este cerca
[18:56:18] [Server thread/INFO]: [alkeys: Revived bryan13]
[18:56:19] [Server thread/INFO]: [Not Secure] <ArmandoMtrz> manifestemos
[18:56:32] [Server thread/INFO]: [Not Secure] <bryan13> no se que paso xd
[18:56:36] [Server thread/INFO]: [Not Secure] <alkeys> a
[18:56:37] [Server thread/INFO]: [Not Secure] <alkeys> por
[18:56:55] [Server thread/INFO]: [Not Secure] <alkeys> jaa
[18:57:08] [Server thread/INFO]: [Not Secure] <bryan13> xd
[18:57:14] [Server thread/INFO]: [Not Secure] <ArmandoMtrz> jajaja
[18:57:33] [Server thread/INFO]: bryan13 lost connection: Disconnected
[18:57:33] [Server thread/INFO]: bryan13 left the game
[18:57:35] [Server thread/INFO]: [Not Secure] <alkeys> a
[18:57:36] [Server thread/INFO]: [Not Secure] <ArmandoMtrz> a
[18:59:44] [Server thread/INFO]: [Not Secure] <ArmandoMtrz> llegue a mi casita xd
[18:59:47] [Server thread/INFO]: [Not Secure] <alkeys> xd
[18:59:51] [Server thread/INFO]: [Not Secure] <alkeys> cual casa
[18:59:52] [Server thread/INFO]: [Not Secure] <alkeys> jaaj
[19:00:04] [Server thread/INFO]: [Not Secure] <ArmandoMtrz> buena pegunta doroty xd
[19:00:07] [Server thread/INFO]: [Not Secure] <alkeys> aajajaja
[19:02:28] [Server thread/INFO]: alkeys lost connection: Disconnected
[19:02:28] [Server thread/INFO]: alkeys left the game
[19:02:31] [Server thread/INFO]: [Not Secure] <ArmandoMtrz> a
[19:02:33] [Server thread/INFO]: alkeys[/127.51.148.55:56759] logged in with entity id 49800 at (-8282.300000011921, -59.0, 2092.8607477745195)
[19:02:33] [Server thread/INFO]: [Essential Commands] Loading PlayerData for player with uuid 'a705d6a9-583d-33ac-8ecf-59691f80d283'.
[19:02:33] [Server thread/INFO]: alkeys joined the game
[19:02:33] [Server thread/INFO]: [Essential Commands] Loading PlayerProfile for player with uuid 'a705d6a9-583d-33ac-8ecf-59691f80d283'.
[19:02:36] [Server thread/INFO]: [Not Secure] <alkeys> jajaja
[19:02:50] [Server thread/INFO]: [Not Secure] <ArmandoMtrz> kakaka
[19:03:05] [Server thread/INFO]: [Not Secure] <alkeys> me sali sin querer
[19:03:13] [Server thread/INFO]: [Not Secure] <ArmandoMtrz> tpense que se te fue la señar
[19:03:20] [Server thread/INFO]: [Not Secure] <ArmandoMtrz> viste lo que mato a bryan xd
[93m⚠ ⏳ Auto-restart en 10 segundos (reinicio #1)[0m
[94mℹ [2026-04-30 19:05:41] Iniciando servidor (intento 2)[0m
[92m✔ Iniciando fabric 1.21.11[0m
[94mℹ 🔄 Servidor ejecutándose en background (escuchando forever)[0m
Starting net.fabricmc.loader.impl.game.minecraft.BundlerClassPathCapture
[19:05:46] [main/INFO]: Loading Minecraft 1.21.11 with Fabric Loader 0.19.2
[19:05:48] [main/WARN]: Warnings were found!
 - Mod 'Dynamic Lights' (dynamiclights) 1.9.2+mod recommends any version of midnightlib, which is missing!
	 - You should install any version of midnightlib for the optimal experience.
 - Mod 'Forge Config API Port' (forgeconfigapiport) 21.11.1 recommends any version of modmenu, which is missing!
	 - You should install any version of modmenu for the optimal experience.
[19:05:48] [main/INFO]: Loading 100 mods:
	- antixray 1.4.14
	   |-- com_moandjiezana_toml_toml4j 0.7.2
	   \-- fabric-permissions-api-v0 0.6.1
	- balm 21.11.9
	   \-- kuma_api 21.11.12
	- carryon 2.9.0
	- chisel 2.2.0+mc1.21.11
	- cloth-config 21.11.153
	   \-- cloth-basic-math 0.6.1
	- cryonicconfig 1.0.0+mc1.21.11
	- dynamiclights 1.9.2+mod
	- essential_commands 0.38.6-mc1.21.11
	   |-- ec-core 1.3.0-mc1.21.11
	   |-- fabric-permissions-api-v0 0.6.1
	   |-- org_yaml_snakeyaml 2.5
	   |-- placeholder-api 2.8.1+1.21.10
	   \-- playerabilitylib 1.15.0
	- fabric-api 0.141.3+1.21.11
	   |-- fabric-api-base 1.0.5+4ebb5c083e
	   |-- fabric-api-lookup-api-v1 1.6.114+20dc27073e
	   |-- fabric-biome-api-v1 17.1.1+4fc5413f3e
	   |-- fabric-block-api-v1 1.1.10+4ebb5c083e
	   |-- fabric-block-view-api-v2 1.0.39+4ebb5c083e
	   |-- fabric-command-api-v2 2.4.7+6b42a6003e
	   |-- fabric-content-registries-v0 10.2.14+4fc5413f3e
	   |-- fabric-convention-tags-v1 2.1.55+7f945d5b3e
	   |-- fabric-convention-tags-v2 2.17.3+8ef948ba3e
	   |-- fabric-crash-report-info-v1 0.3.23+4ebb5c083e
	   |-- fabric-data-attachment-api-v1 1.8.47+eed0806f3e
	   |-- fabric-data-generation-api-v1 23.4.0+69974c4e3e
	   |-- fabric-dimensions-v1 4.0.28+4fc5413f3e
	   |-- fabric-entity-events-v1 3.1.1+1d0ab4303e
	   |-- fabric-events-interaction-v0 4.1.0+3b89ecf63e
	   |-- fabric-game-rule-api-v1 2.0.3+4fc5413f3e
	   |-- fabric-item-api-v1 11.5.20+d0c46b9e3e
	   |-- fabric-item-group-api-v1 4.2.36+4fc5413f3e
	   |-- fabric-key-binding-api-v1 1.1.7+4fc5413f3e
	   |-- fabric-lifecycle-events-v1 2.6.15+4ebb5c083e
	   |-- fabric-loot-api-v2 3.0.73+3f89f5a53e
	   |-- fabric-loot-api-v3 2.0.20+78c8b4663e
	   |-- fabric-message-api-v1 6.1.12+4ebb5c083e
	   |-- fabric-model-loading-api-v1 6.0.15+4fc5413f3e
	   |-- fabric-networking-api-v1 5.1.5+ae1e07683e
	   |-- fabric-object-builder-api-v1 21.1.39+4fc5413f3e
	   |-- fabric-particles-v1 4.2.11+4fc5413f3e
	   |-- fabric-recipe-api-v1 8.2.3+4ebb5c083e
	   |-- fabric-registry-sync-v0 6.2.5+1718722b3e
	   |-- fabric-renderer-api-v1 8.0.3+f4ffd2e53e
	   |-- fabric-renderer-indigo 5.0.3+f4ffd2e53e
	   |-- fabric-rendering-fluids-v1 3.1.43+4ebb5c083e
	   |-- fabric-rendering-v1 16.2.10+0290ad933e
	   |-- fabric-resource-conditions-api-v1 5.0.35+4fc5413f3e
	   |-- fabric-resource-loader-v0 3.3.4+4fc5413f3e
	   |-- fabric-resource-loader-v1 1.0.10+78c8b4663e
	   |-- fabric-screen-api-v1 3.1.7+4ebb5c083e
	   |-- fabric-screen-handler-api-v1 1.3.161+4fc5413f3e
	   |-- fabric-serialization-api-v1 1.0.5+4ebb5c083e
	   |-- fabric-sound-api-v1 1.0.51+4fc5413f3e
	   |-- fabric-tag-api-v1 1.2.20+4fc5413f3e
	   |-- fabric-transfer-api-v1 6.0.25+4fc5413f3e
	   \-- fabric-transitive-access-wideners-v1 7.1.0+014c8cec3e
	- fabricloader 0.19.2
	   \-- mixinextras 0.5.4
	- fallingtree 1.21.11.3
	- ferritecore 8.2.0
	- forgeconfigapiport 21.11.1
	   |-- com_electronwill_night-config_core 3.8.3
	   \-- com_electronwill_night-config_toml 3.8.3
	- globalxp 1.12.2
	- hardcorerevival 21.11.5
	- ironchest 2.0.5
	   \-- libgui 15.1.0+1.21.11
	        |-- jankson 11.0.0+j1.2.3
	        |    \-- blue_endless_jankson 1.2.3
	        \-- libninepatch 1.2.0
	- java 25
	- krypton 0.2.10
	   \-- com_velocitypowered_velocity-native 3.4.0-SNAPSHOT
	- lithium 0.21.4+mc1.21.11
	- lootr 1.21.11-1.20.34.103
	- minecraft 1.21.11
	- nemos_woodcutter 1.21.11-1.14.1
	- polymer-bundled 0.15.2+1.21.11
	   |-- polymer-autohost 0.15.2+1.21.11
	   |-- polymer-blocks 0.15.2+1.21.11
	   |-- polymer-common 0.15.2+1.21.11
	   |    \-- packet_tweaker 0.6.0+1.21.10
	   |-- polymer-core 0.15.2+1.21.11
	   |    |-- polymer-networking 0.15.2+1.21.11
	   |    |    \-- polymer-common 0.15.2+1.21.11
	   |    |         \-- packet_tweaker 0.6.0+1.21.10
	   |    \-- polymer-registry-sync-manipulator 0.15.2+1.21.11
	   |-- polymer-resource-pack 0.15.2+1.21.11
	   |    \-- polymer-common 0.15.2+1.21.11
	   |         \-- packet_tweaker 0.6.0+1.21.10
	   |-- polymer-resource-pack-extras 0.15.2+1.21.11
	   |-- polymer-sound-patcher 0.15.2+1.21.11
	   \-- polymer-virtual-entity 0.15.2+1.21.11
	        \-- polymer-common 0.15.2+1.21.11
	             \-- packet_tweaker 0.6.0+1.21.10
	- servercore 1.5.15+1.21.11
	   |-- org_yaml_snakeyaml 2.5
	   |-- placeholder-api 2.8.1+1.21.10
	   |-- space_arim_dazzleconf_dazzleconf-core 1.3.0-M2
	   \-- space_arim_dazzleconf_dazzleconf-ext-snakeyaml 1.3.0-M2
	- skinrestorer 2.7.0+1.21.11-fabric
	   \-- org_mineskin_java-client 3.2.1-SNAPSHOT
	- travelersbackpack 10.11.9
	- universal-graves 3.10.2+1.21.11
	   |-- common-protection-api 1.0.0
	   |-- placeholder-api 2.8.1+1.21.10
	   |-- predicate-api 0.7.0+1.21.11
	   |-- server_translations_api 2.5.2+1.21.9-pre3
	   \-- sgui 1.11.0+1.21.9
	- waystones 21.11.9
	- xaerominimap 25.3.10
	   \-- xaerolib 1.1.0
[19:05:48] [main/WARN]: Found 1 non-fabric mod:
	- LuckPerms-Bukkit-5.5.17.jar
[19:05:49] [main/INFO]: SpongePowered MIXIN Subsystem Version=0.8.7 Source=file:/workspaces/elserversex/libraries/net/fabricmc/sponge-mixin/0.17.2+mixin.0.8.7/sponge-mixin-0.17.2+mixin.0.8.7.jar Service=Knot/Fabric Env=SERVER
[19:05:49] [main/INFO]: Compatibility level set to JAVA_17
[19:05:49] [main/INFO]: Compatibility level set to JAVA_21
[19:05:49] [main/WARN]: Reference map 'balm.refmap.json' for balm.mixins.json could not be read. If this is a development environment you can ignore this message
[19:05:49] [main/WARN]: Reference map 'balm.refmap.json' for balm.api.mixins.json could not be read. If this is a development environment you can ignore this message
[19:05:49] [main/WARN]: Reference map 'balm.refmap.json' for balm.fabric.mixins.json could not be read. If this is a development environment you can ignore this message
[19:05:50] [main/WARN]: Reference map 'carryon.refmap.json' for carryon.mixins.json could not be read. If this is a development environment you can ignore this message
[19:05:50] [main/WARN]: Reference map 'globalxp.refmap.json' for globalxp.mixins.json could not be read. If this is a development environment you can ignore this message
[19:05:50] [main/WARN]: Reference map 'hardcorerevival.refmap.json' for hardcorerevival.mixins.json could not be read. If this is a development environment you can ignore this message
[19:05:50] [main/WARN]: Reference map 'kuma_api.refmap.json' for kuma_api.mixins.json could not be read. If this is a development environment you can ignore this message
[19:05:50] [main/WARN]: Reference map 'kuma_api.refmap.json' for kuma_api.fabric.mixins.json could not be read. If this is a development environment you can ignore this message
[19:05:50] [main/INFO]: Loaded configuration file for Lithium: 171 options available, 0 override(s) found.
[19:05:50] [main/WARN]: Reference map 'nemos_woodcutter.refmap.json' for nemos_woodcutter.mixins.json could not be read. If this is a development environment you can ignore this message
[19:05:50] [main/WARN]: Reference map 'nemos_woodcutter.refmap.json' for nemos_woodcutter.fabric.mixins.json could not be read. If this is a development environment you can ignore this message
[19:05:51] [main/WARN]: Reference map 'skinrestorer.refmap.json' for skinrestorer.mixins.json could not be read. If this is a development environment you can ignore this message
[19:05:51] [main/WARN]: Reference map 'skinrestorer.refmap.json' for skinrestorer.fabric.mixins.json could not be read. If this is a development environment you can ignore this message
[19:05:51] [main/WARN]: Reference map 'waystones.refmap.json' for waystones.mixins.json could not be read. If this is a development environment you can ignore this message
[19:05:51] [main/WARN]: Reference map 'waystones.refmap.json' for waystones.fabric.mixins.json could not be read. If this is a development environment you can ignore this message
[19:05:51] [main/WARN]: Reference map 'xaerolib.refmap.json' for xaerolib.mixins.json could not be read. If this is a development environment you can ignore this message
[19:05:51] [main/WARN]: Reference map 'xaerominimap.refmap.json' for xaerohud.mixins.json could not be read. If this is a development environment you can ignore this message
[19:05:51] [main/WARN]: Reference map 'xaerominimap.refmap.json' for xaerohud.fabric.mixins.json could not be read. If this is a development environment you can ignore this message
[19:05:51] [main/WARN]: Reference map 'xaerominimap.refmap.json' for xaerominimap.mixins.json could not be read. If this is a development environment you can ignore this message
[19:05:54] [main/WARN]: Error loading class: com/simibubi/create/content/kinetics/base/BlockBreakingKineticBlockEntity (java.lang.ClassNotFoundException: com/simibubi/create/content/kinetics/base/BlockBreakingKineticBlockEntity)
[19:05:54] [main/INFO]: Initializing MixinExtras via com.llamalad7.mixinextras.service.MixinExtrasServiceImpl(version=0.5.4).
WARNING: A terminally deprecated method in sun.misc.Unsafe has been called
WARNING: sun.misc.Unsafe::objectFieldOffset has been called by org.joml.MemUtil$MemUtilUnsafe (file:/workspaces/elserversex/libraries/org/joml/joml/1.10.8/joml-1.10.8.jar)
WARNING: Please consider reporting this to the maintainers of class org.joml.MemUtil$MemUtilUnsafe
WARNING: sun.misc.Unsafe::objectFieldOffset will be removed in a future release
[19:06:27] [main/INFO]: Successfully initialized antixray for fabric
[19:06:28] [main/INFO]: [Dynamic Lights] Loaded Dynamic Lights by Tschipcraft successfully!
[19:06:29] [main/INFO]: [EssentialCommands]: Mod Load Initiated.
[19:06:30] [main/INFO]: [EssentialCommands]: Mod Load Complete.
[19:06:31] [main/INFO]: Compression will use libdeflate (Linux x86_64), encryption will use OpenSSL 3.x.x (Linux x86_64)
[19:06:32] [ForkJoinPool.commonPool-worker-1/INFO]: Essential Commands is up to date!
[19:06:32] [main/INFO]: Thank you for using Nemo's Woodcutter!
[19:06:32] [main/INFO]: Registering creative mode tabs
[19:06:32] [main/INFO]: Registering recipe serializer
[19:06:32] [main/INFO]: Register recipe types
[19:06:32] [main/INFO]: Registering recipe book categories
[19:06:32] [main/INFO]: Registering recipe displays
[19:06:32] [main/INFO]: Registering menu types
[19:06:33] [main/INFO]: [ServerCore] Loaded V1.5.15+1.21.11!
Apr 30, 2026 7:06:33 PM org.mineskin.ClientBuilder build
WARNING: Creating MineSkinClient without API key - Please get an API key from https://account.mineskin.org/keys
[19:06:35] [main/INFO]: Registered the FluidEffect with Unique ID of minecraft:water for Water (Fluid Amount Required: 81000) with the ID 0
[19:06:35] [main/INFO]: Registered the FluidEffect with Unique ID of minecraft:lava for Lava (Fluid Amount Required: 81000) with the ID 1
[19:06:35] [main/INFO]: Registered the FluidEffect with Unique ID of travelersbackpack:potion for block.travelersbackpack.potion_still (Fluid Amount Required: 27000) with the ID 2
[19:06:35] [main/INFO]: Registered the FluidEffect with Unique ID of minecraft:milk for Air (Fluid Amount Required: 81000) with the ID 3
[19:06:36] [main/INFO]: Krypton is now accelerating your Minecraft server's networking stack 🚀
[19:06:36] [main/INFO]: Registering common data for channel xaerolib:main!
[19:06:36] [main/INFO]: Loading primary common config for channel xaerolib:main!
[19:06:36] [main/INFO]: Loading server config profiles for channel xaerolib:main!
[19:06:36] [main/INFO]: Loading XaeroLib common 1/2!
[19:06:36] [main/INFO]: Loading XaeroLib server 1/2!
[19:06:36] [main/INFO]: Registering common data for channel xaerominimap:main!
[19:06:36] [main/INFO]: Loading primary common config for channel xaerominimap:main!
[19:06:36] [main/INFO]: Loading server config profiles for channel xaerominimap:main!
[19:06:36] [main/INFO]: Loading Xaero's Minimap - Stage 1/2 (Server)
[19:06:37] [main/INFO]: Environment: Environment[sessionHost=https://sessionserver.mojang.com, servicesHost=https://api.minecraftservices.com, profilesHost=https://api.mojang.com, name=PROD]
[19:06:52] [main/INFO]: Loaded 1993 recipes
[19:06:52] [main/INFO]: Loaded 2098 advancements
[19:06:52] [ForkJoinPool.commonPool-worker-1/INFO]: Loaded 58 translation keys
[19:06:55] [main/INFO]: Applied 63 biome modifications to 63 of 65 new biomes in 138.3 ms
[19:06:57] [Server thread/INFO]: Loading XaeroLib common 2/2!
[19:06:57] [Server thread/INFO]: Loading XaeroLib server 2/2!
[19:06:57] [Server thread/INFO]: Starting minecraft server version 1.21.11
[19:06:57] [Server thread/INFO]: Loading properties
[19:06:57] [Server thread/INFO]: Default game type: SURVIVAL
[19:06:57] [Server thread/INFO]: Generating keypair
[19:06:57] [Server thread/INFO]: Starting Minecraft server on *:25565
[19:06:58] [Server thread/WARN]: **** SERVER IS RUNNING IN OFFLINE/INSECURE MODE!
[19:06:58] [Server thread/WARN]: The server will make no attempt to authenticate usernames. Beware.
[19:06:58] [Server thread/WARN]: While this makes the game possible to play without internet access, it also opens up the ability for hackers to connect with any username they choose.
[19:06:58] [Server thread/WARN]: To change this, set "online-mode" to "true" in the server.properties file.
[19:06:58] [Server thread/INFO]: Preparing level "world"
[19:07:04] [Server thread/INFO]: Loading 0 persistent chunks...
[19:07:04] [Server thread/INFO]: Preparing spawn area: 100%
[19:07:04] [Server thread/INFO]: Time elapsed: 21 ms
[19:07:04] [Server thread/INFO]: Done (5.589s)! For help, type "help"
[19:07:04] [Server thread/INFO]: Possible world ids: minecraft:overworld,minecraft:the_end,minecraft:the_nether
[19:07:04] [Server thread/INFO]: Configured `rtp_enabled_worlds` world ids: minecraft:overworld
[19:07:04] [Server thread/INFO]: All configured `rtp_enabled_worlds` world ids are valid.
[19:07:04] [Server thread/INFO]: Loading Xaero's Minimap - Stage 2/2 (Server)
[19:07:33] [Server thread/INFO]: alkeys[/127.51.148.55:60749] logged in with entity id 45 at (-8198.152259935807, 64.0, 2295.318928828383)
[19:07:33] [Server thread/INFO]: [Essential Commands] Loading PlayerData for player with uuid 'a705d6a9-583d-33ac-8ecf-59691f80d283'.
[19:07:34] [Server thread/INFO]: alkeys joined the game
[19:07:34] [Server thread/INFO]: [Essential Commands] Loading PlayerProfile for player with uuid 'a705d6a9-583d-33ac-8ecf-59691f80d283'.
[19:07:35] [Server thread/WARN]: Can't keep up! Is the server overloaded? Running 2912ms or 58 ticks behind
[19:08:04] [Server thread/WARN]: Can't keep up! Is the server overloaded? Running 14003ms or 280 ticks behind
[93m⚠ ⏳ Auto-restart en 10 segundos (reinicio #2)[0m
[94mℹ [2026-04-30 19:08:53] Iniciando servidor (intento 3)[0m
[92m✔ Iniciando fabric 1.21.11[0m
[94mℹ 🔄 Servidor ejecutándose en background (escuchando forever)[0m
Starting net.fabricmc.loader.impl.game.minecraft.BundlerClassPathCapture
[19:08:57] [main/INFO]: Loading Minecraft 1.21.11 with Fabric Loader 0.19.2
[19:08:58] [main/WARN]: Warnings were found!
 - Mod 'Dynamic Lights' (dynamiclights) 1.9.2+mod recommends any version of midnightlib, which is missing!
	 - You should install any version of midnightlib for the optimal experience.
 - Mod 'Forge Config API Port' (forgeconfigapiport) 21.11.1 recommends any version of modmenu, which is missing!
	 - You should install any version of modmenu for the optimal experience.
[19:08:58] [main/INFO]: Loading 100 mods:
	- antixray 1.4.14
	   |-- com_moandjiezana_toml_toml4j 0.7.2
	   \-- fabric-permissions-api-v0 0.6.1
	- balm 21.11.9
	   \-- kuma_api 21.11.12
	- carryon 2.9.0
	- chisel 2.2.0+mc1.21.11
	- cloth-config 21.11.153
	   \-- cloth-basic-math 0.6.1
	- cryonicconfig 1.0.0+mc1.21.11
	- dynamiclights 1.9.2+mod
	- essential_commands 0.38.6-mc1.21.11
	   |-- ec-core 1.3.0-mc1.21.11
	   |-- fabric-permissions-api-v0 0.6.1
	   |-- org_yaml_snakeyaml 2.5
	   |-- placeholder-api 2.8.1+1.21.10
	   \-- playerabilitylib 1.15.0
	- fabric-api 0.141.3+1.21.11
	   |-- fabric-api-base 1.0.5+4ebb5c083e
	   |-- fabric-api-lookup-api-v1 1.6.114+20dc27073e
	   |-- fabric-biome-api-v1 17.1.1+4fc5413f3e
	   |-- fabric-block-api-v1 1.1.10+4ebb5c083e
	   |-- fabric-block-view-api-v2 1.0.39+4ebb5c083e
	   |-- fabric-command-api-v2 2.4.7+6b42a6003e
	   |-- fabric-content-registries-v0 10.2.14+4fc5413f3e
	   |-- fabric-convention-tags-v1 2.1.55+7f945d5b3e
	   |-- fabric-convention-tags-v2 2.17.3+8ef948ba3e
	   |-- fabric-crash-report-info-v1 0.3.23+4ebb5c083e
	   |-- fabric-data-attachment-api-v1 1.8.47+eed0806f3e
	   |-- fabric-data-generation-api-v1 23.4.0+69974c4e3e
	   |-- fabric-dimensions-v1 4.0.28+4fc5413f3e
	   |-- fabric-entity-events-v1 3.1.1+1d0ab4303e
	   |-- fabric-events-interaction-v0 4.1.0+3b89ecf63e
	   |-- fabric-game-rule-api-v1 2.0.3+4fc5413f3e
	   |-- fabric-item-api-v1 11.5.20+d0c46b9e3e
	   |-- fabric-item-group-api-v1 4.2.36+4fc5413f3e
	   |-- fabric-key-binding-api-v1 1.1.7+4fc5413f3e
	   |-- fabric-lifecycle-events-v1 2.6.15+4ebb5c083e
	   |-- fabric-loot-api-v2 3.0.73+3f89f5a53e
	   |-- fabric-loot-api-v3 2.0.20+78c8b4663e
	   |-- fabric-message-api-v1 6.1.12+4ebb5c083e
	   |-- fabric-model-loading-api-v1 6.0.15+4fc5413f3e
	   |-- fabric-networking-api-v1 5.1.5+ae1e07683e
	   |-- fabric-object-builder-api-v1 21.1.39+4fc5413f3e
	   |-- fabric-particles-v1 4.2.11+4fc5413f3e
	   |-- fabric-recipe-api-v1 8.2.3+4ebb5c083e
	   |-- fabric-registry-sync-v0 6.2.5+1718722b3e
	   |-- fabric-renderer-api-v1 8.0.3+f4ffd2e53e
	   |-- fabric-renderer-indigo 5.0.3+f4ffd2e53e
	   |-- fabric-rendering-fluids-v1 3.1.43+4ebb5c083e
	   |-- fabric-rendering-v1 16.2.10+0290ad933e
	   |-- fabric-resource-conditions-api-v1 5.0.35+4fc5413f3e
	   |-- fabric-resource-loader-v0 3.3.4+4fc5413f3e
	   |-- fabric-resource-loader-v1 1.0.10+78c8b4663e
	   |-- fabric-screen-api-v1 3.1.7+4ebb5c083e
	   |-- fabric-screen-handler-api-v1 1.3.161+4fc5413f3e
	   |-- fabric-serialization-api-v1 1.0.5+4ebb5c083e
	   |-- fabric-sound-api-v1 1.0.51+4fc5413f3e
	   |-- fabric-tag-api-v1 1.2.20+4fc5413f3e
	   |-- fabric-transfer-api-v1 6.0.25+4fc5413f3e
	   \-- fabric-transitive-access-wideners-v1 7.1.0+014c8cec3e
	- fabricloader 0.19.2
	   \-- mixinextras 0.5.4
	- fallingtree 1.21.11.3
	- ferritecore 8.2.0
	- forgeconfigapiport 21.11.1
	   |-- com_electronwill_night-config_core 3.8.3
	   \-- com_electronwill_night-config_toml 3.8.3
	- globalxp 1.12.2
	- hardcorerevival 21.11.5
	- ironchest 2.0.5
	   \-- libgui 15.1.0+1.21.11
	        |-- jankson 11.0.0+j1.2.3
	        |    \-- blue_endless_jankson 1.2.3
	        \-- libninepatch 1.2.0
	- java 25
	- krypton 0.2.10
	   \-- com_velocitypowered_velocity-native 3.4.0-SNAPSHOT
	- lithium 0.21.4+mc1.21.11
	- lootr 1.21.11-1.20.34.103
	- minecraft 1.21.11
	- nemos_woodcutter 1.21.11-1.14.1
	- polymer-bundled 0.15.2+1.21.11
	   |-- polymer-autohost 0.15.2+1.21.11
	   |-- polymer-blocks 0.15.2+1.21.11
	   |-- polymer-common 0.15.2+1.21.11
	   |    \-- packet_tweaker 0.6.0+1.21.10
	   |-- polymer-core 0.15.2+1.21.11
	   |    |-- polymer-networking 0.15.2+1.21.11
	   |    |    \-- polymer-common 0.15.2+1.21.11
	   |    |         \-- packet_tweaker 0.6.0+1.21.10
	   |    \-- polymer-registry-sync-manipulator 0.15.2+1.21.11
	   |-- polymer-resource-pack 0.15.2+1.21.11
	   |    \-- polymer-common 0.15.2+1.21.11
	   |         \-- packet_tweaker 0.6.0+1.21.10
	   |-- polymer-resource-pack-extras 0.15.2+1.21.11
	   |-- polymer-sound-patcher 0.15.2+1.21.11
	   \-- polymer-virtual-entity 0.15.2+1.21.11
	        \-- polymer-common 0.15.2+1.21.11
	             \-- packet_tweaker 0.6.0+1.21.10
	- servercore 1.5.15+1.21.11
	   |-- org_yaml_snakeyaml 2.5
	   |-- placeholder-api 2.8.1+1.21.10
	   |-- space_arim_dazzleconf_dazzleconf-core 1.3.0-M2
	   \-- space_arim_dazzleconf_dazzleconf-ext-snakeyaml 1.3.0-M2
	- skinrestorer 2.7.0+1.21.11-fabric
	   \-- org_mineskin_java-client 3.2.1-SNAPSHOT
	- travelersbackpack 10.11.9
	- universal-graves 3.10.2+1.21.11
	   |-- common-protection-api 1.0.0
	   |-- placeholder-api 2.8.1+1.21.10
	   |-- predicate-api 0.7.0+1.21.11
	   |-- server_translations_api 2.5.2+1.21.9-pre3
	   \-- sgui 1.11.0+1.21.9
	- waystones 21.11.9
	- xaerominimap 25.3.10
	   \-- xaerolib 1.1.0
[19:08:58] [main/WARN]: Found 1 non-fabric mod:
	- LuckPerms-Bukkit-5.5.17.jar
[19:08:59] [main/INFO]: SpongePowered MIXIN Subsystem Version=0.8.7 Source=file:/workspaces/elserversex/libraries/net/fabricmc/sponge-mixin/0.17.2+mixin.0.8.7/sponge-mixin-0.17.2+mixin.0.8.7.jar Service=Knot/Fabric Env=SERVER
[19:08:59] [main/INFO]: Compatibility level set to JAVA_17
[19:08:59] [main/INFO]: Compatibility level set to JAVA_21
[19:08:59] [main/WARN]: Reference map 'balm.refmap.json' for balm.mixins.json could not be read. If this is a development environment you can ignore this message
[19:08:59] [main/WARN]: Reference map 'balm.refmap.json' for balm.api.mixins.json could not be read. If this is a development environment you can ignore this message
[19:08:59] [main/WARN]: Reference map 'balm.refmap.json' for balm.fabric.mixins.json could not be read. If this is a development environment you can ignore this message
[19:09:00] [main/WARN]: Reference map 'carryon.refmap.json' for carryon.mixins.json could not be read. If this is a development environment you can ignore this message
[19:09:00] [main/WARN]: Reference map 'globalxp.refmap.json' for globalxp.mixins.json could not be read. If this is a development environment you can ignore this message
[19:09:00] [main/WARN]: Reference map 'hardcorerevival.refmap.json' for hardcorerevival.mixins.json could not be read. If this is a development environment you can ignore this message
[19:09:00] [main/WARN]: Reference map 'kuma_api.refmap.json' for kuma_api.mixins.json could not be read. If this is a development environment you can ignore this message
[19:09:00] [main/WARN]: Reference map 'kuma_api.refmap.json' for kuma_api.fabric.mixins.json could not be read. If this is a development environment you can ignore this message
[19:09:00] [main/INFO]: Loaded configuration file for Lithium: 171 options available, 0 override(s) found.
[19:09:00] [main/WARN]: Reference map 'nemos_woodcutter.refmap.json' for nemos_woodcutter.mixins.json could not be read. If this is a development environment you can ignore this message
[19:09:00] [main/WARN]: Reference map 'nemos_woodcutter.refmap.json' for nemos_woodcutter.fabric.mixins.json could not be read. If this is a development environment you can ignore this message
[19:09:00] [main/WARN]: Reference map 'skinrestorer.refmap.json' for skinrestorer.mixins.json could not be read. If this is a development environment you can ignore this message
[19:09:00] [main/WARN]: Reference map 'skinrestorer.refmap.json' for skinrestorer.fabric.mixins.json could not be read. If this is a development environment you can ignore this message
[19:09:00] [main/WARN]: Reference map 'waystones.refmap.json' for waystones.mixins.json could not be read. If this is a development environment you can ignore this message
[19:09:00] [main/WARN]: Reference map 'waystones.refmap.json' for waystones.fabric.mixins.json could not be read. If this is a development environment you can ignore this message
[19:09:00] [main/WARN]: Reference map 'xaerolib.refmap.json' for xaerolib.mixins.json could not be read. If this is a development environment you can ignore this message
[19:09:00] [main/WARN]: Reference map 'xaerominimap.refmap.json' for xaerohud.mixins.json could not be read. If this is a development environment you can ignore this message
[19:09:00] [main/WARN]: Reference map 'xaerominimap.refmap.json' for xaerohud.fabric.mixins.json could not be read. If this is a development environment you can ignore this message
[19:09:00] [main/WARN]: Reference map 'xaerominimap.refmap.json' for xaerominimap.mixins.json could not be read. If this is a development environment you can ignore this message
[19:09:03] [main/WARN]: Error loading class: com/simibubi/create/content/kinetics/base/BlockBreakingKineticBlockEntity (java.lang.ClassNotFoundException: com/simibubi/create/content/kinetics/base/BlockBreakingKineticBlockEntity)
[19:09:04] [main/INFO]: Initializing MixinExtras via com.llamalad7.mixinextras.service.MixinExtrasServiceImpl(version=0.5.4).
WARNING: A terminally deprecated method in sun.misc.Unsafe has been called
WARNING: sun.misc.Unsafe::objectFieldOffset has been called by org.joml.MemUtil$MemUtilUnsafe (file:/workspaces/elserversex/libraries/org/joml/joml/1.10.8/joml-1.10.8.jar)
WARNING: Please consider reporting this to the maintainers of class org.joml.MemUtil$MemUtilUnsafe
WARNING: sun.misc.Unsafe::objectFieldOffset will be removed in a future release
[19:09:35] [main/INFO]: Successfully initialized antixray for fabric
[19:09:36] [main/INFO]: [Dynamic Lights] Loaded Dynamic Lights by Tschipcraft successfully!
[19:09:36] [main/INFO]: [EssentialCommands]: Mod Load Initiated.
[19:09:37] [main/INFO]: [EssentialCommands]: Mod Load Complete.
[19:09:39] [main/INFO]: Compression will use libdeflate (Linux x86_64), encryption will use OpenSSL 3.x.x (Linux x86_64)
[19:09:39] [ForkJoinPool.commonPool-worker-1/INFO]: Essential Commands is up to date!
[19:09:39] [main/INFO]: Thank you for using Nemo's Woodcutter!
[19:09:39] [main/INFO]: Registering creative mode tabs
[19:09:39] [main/INFO]: Registering recipe serializer
[19:09:39] [main/INFO]: Register recipe types
[19:09:39] [main/INFO]: Registering recipe book categories
[19:09:39] [main/INFO]: Registering recipe displays
[19:09:39] [main/INFO]: Registering menu types
[19:09:40] [main/INFO]: [ServerCore] Loaded V1.5.15+1.21.11!
Apr 30, 2026 7:09:40 PM org.mineskin.ClientBuilder build
WARNING: Creating MineSkinClient without API key - Please get an API key from https://account.mineskin.org/keys
[19:09:41] [main/INFO]: Registered the FluidEffect with Unique ID of minecraft:water for Water (Fluid Amount Required: 81000) with the ID 0
[19:09:41] [main/INFO]: Registered the FluidEffect with Unique ID of minecraft:lava for Lava (Fluid Amount Required: 81000) with the ID 1
[19:09:41] [main/INFO]: Registered the FluidEffect with Unique ID of travelersbackpack:potion for block.travelersbackpack.potion_still (Fluid Amount Required: 27000) with the ID 2
[19:09:41] [main/INFO]: Registered the FluidEffect with Unique ID of minecraft:milk for Air (Fluid Amount Required: 81000) with the ID 3
[19:09:42] [main/INFO]: Krypton is now accelerating your Minecraft server's networking stack 🚀
[19:09:42] [main/INFO]: Registering common data for channel xaerolib:main!
[19:09:42] [main/INFO]: Loading primary common config for channel xaerolib:main!
[19:09:42] [main/INFO]: Loading server config profiles for channel xaerolib:main!
[19:09:42] [main/INFO]: Loading XaeroLib common 1/2!
[19:09:42] [main/INFO]: Loading XaeroLib server 1/2!
[19:09:43] [main/INFO]: Registering common data for channel xaerominimap:main!
[19:09:43] [main/INFO]: Loading primary common config for channel xaerominimap:main!
[19:09:43] [main/INFO]: Loading server config profiles for channel xaerominimap:main!
[19:09:43] [main/INFO]: Loading Xaero's Minimap - Stage 1/2 (Server)
[19:09:43] [main/INFO]: Environment: Environment[sessionHost=https://sessionserver.mojang.com, servicesHost=https://api.minecraftservices.com, profilesHost=https://api.mojang.com, name=PROD]
[19:09:44] [main/ERROR]: Failed to start the minecraft server
net.minecraft.class_5125$class_5126: /workspaces/elserversex/./world/session.lock: already locked (possibly by other Minecraft instance?)
	at knot//net.minecraft.class_5125$class_5126.method_26805(class_5125.java:93)
	at knot//net.minecraft.class_5125.method_26803(class_5125.java:39)
	at knot//net.minecraft.class_32$class_5143.<init>(class_32.java:369)
	at knot//net.minecraft.class_32.method_52236(class_32.java:348)
	at knot//net.minecraft.server.Main.main(Main.java:138)
	at net.fabricmc.loader.impl.game.minecraft.MinecraftGameProvider.launch(MinecraftGameProvider.java:514)
	at net.fabricmc.loader.impl.launch.knot.Knot.launch(Knot.java:72)
	at net.fabricmc.loader.impl.launch.knot.KnotServer.main(KnotServer.java:23)
	at net.fabricmc.loader.impl.launch.server.FabricServerLauncher.main(FabricServerLauncher.java:69)
	at net.fabricmc.installer.ServerLauncher.main(ServerLauncher.java:69)
[93m⚠ ⏳ Auto-restart en 10 segundos (reinicio #3)[0m
[94mℹ [2026-04-30 19:09:54] Iniciando servidor (intento 4)[0m
[92m✔ Iniciando fabric 1.21.11[0m
[94mℹ 🔄 Servidor ejecutándose en background (escuchando forever)[0m
Starting net.fabricmc.loader.impl.game.minecraft.BundlerClassPathCapture
[19:09:57] [main/INFO]: Loading Minecraft 1.21.11 with Fabric Loader 0.19.2
[19:09:58] [main/WARN]: Warnings were found!
 - Mod 'Dynamic Lights' (dynamiclights) 1.9.2+mod recommends any version of midnightlib, which is missing!
	 - You should install any version of midnightlib for the optimal experience.
 - Mod 'Forge Config API Port' (forgeconfigapiport) 21.11.1 recommends any version of modmenu, which is missing!
	 - You should install any version of modmenu for the optimal experience.
[19:09:58] [main/INFO]: Loading 100 mods:
	- antixray 1.4.14
	   |-- com_moandjiezana_toml_toml4j 0.7.2
	   \-- fabric-permissions-api-v0 0.6.1
	- balm 21.11.9
	   \-- kuma_api 21.11.12
	- carryon 2.9.0
	- chisel 2.2.0+mc1.21.11
	- cloth-config 21.11.153
	   \-- cloth-basic-math 0.6.1
	- cryonicconfig 1.0.0+mc1.21.11
	- dynamiclights 1.9.2+mod
	- essential_commands 0.38.6-mc1.21.11
	   |-- ec-core 1.3.0-mc1.21.11
	   |-- fabric-permissions-api-v0 0.6.1
	   |-- org_yaml_snakeyaml 2.5
	   |-- placeholder-api 2.8.1+1.21.10
	   \-- playerabilitylib 1.15.0
	- fabric-api 0.141.3+1.21.11
	   |-- fabric-api-base 1.0.5+4ebb5c083e
	   |-- fabric-api-lookup-api-v1 1.6.114+20dc27073e
	   |-- fabric-biome-api-v1 17.1.1+4fc5413f3e
	   |-- fabric-block-api-v1 1.1.10+4ebb5c083e
	   |-- fabric-block-view-api-v2 1.0.39+4ebb5c083e
	   |-- fabric-command-api-v2 2.4.7+6b42a6003e
	   |-- fabric-content-registries-v0 10.2.14+4fc5413f3e
	   |-- fabric-convention-tags-v1 2.1.55+7f945d5b3e
	   |-- fabric-convention-tags-v2 2.17.3+8ef948ba3e
	   |-- fabric-crash-report-info-v1 0.3.23+4ebb5c083e
	   |-- fabric-data-attachment-api-v1 1.8.47+eed0806f3e
	   |-- fabric-data-generation-api-v1 23.4.0+69974c4e3e
	   |-- fabric-dimensions-v1 4.0.28+4fc5413f3e
	   |-- fabric-entity-events-v1 3.1.1+1d0ab4303e
	   |-- fabric-events-interaction-v0 4.1.0+3b89ecf63e
	   |-- fabric-game-rule-api-v1 2.0.3+4fc5413f3e
	   |-- fabric-item-api-v1 11.5.20+d0c46b9e3e
	   |-- fabric-item-group-api-v1 4.2.36+4fc5413f3e
	   |-- fabric-key-binding-api-v1 1.1.7+4fc5413f3e
	   |-- fabric-lifecycle-events-v1 2.6.15+4ebb5c083e
	   |-- fabric-loot-api-v2 3.0.73+3f89f5a53e
	   |-- fabric-loot-api-v3 2.0.20+78c8b4663e
	   |-- fabric-message-api-v1 6.1.12+4ebb5c083e
	   |-- fabric-model-loading-api-v1 6.0.15+4fc5413f3e
	   |-- fabric-networking-api-v1 5.1.5+ae1e07683e
	   |-- fabric-object-builder-api-v1 21.1.39+4fc5413f3e
	   |-- fabric-particles-v1 4.2.11+4fc5413f3e
	   |-- fabric-recipe-api-v1 8.2.3+4ebb5c083e
	   |-- fabric-registry-sync-v0 6.2.5+1718722b3e
	   |-- fabric-renderer-api-v1 8.0.3+f4ffd2e53e
	   |-- fabric-renderer-indigo 5.0.3+f4ffd2e53e
	   |-- fabric-rendering-fluids-v1 3.1.43+4ebb5c083e
	   |-- fabric-rendering-v1 16.2.10+0290ad933e
	   |-- fabric-resource-conditions-api-v1 5.0.35+4fc5413f3e
	   |-- fabric-resource-loader-v0 3.3.4+4fc5413f3e
	   |-- fabric-resource-loader-v1 1.0.10+78c8b4663e
	   |-- fabric-screen-api-v1 3.1.7+4ebb5c083e
	   |-- fabric-screen-handler-api-v1 1.3.161+4fc5413f3e
	   |-- fabric-serialization-api-v1 1.0.5+4ebb5c083e
	   |-- fabric-sound-api-v1 1.0.51+4fc5413f3e
	   |-- fabric-tag-api-v1 1.2.20+4fc5413f3e
	   |-- fabric-transfer-api-v1 6.0.25+4fc5413f3e
	   \-- fabric-transitive-access-wideners-v1 7.1.0+014c8cec3e
	- fabricloader 0.19.2
	   \-- mixinextras 0.5.4
	- fallingtree 1.21.11.3
	- ferritecore 8.2.0
	- forgeconfigapiport 21.11.1
	   |-- com_electronwill_night-config_core 3.8.3
	   \-- com_electronwill_night-config_toml 3.8.3
	- globalxp 1.12.2
	- hardcorerevival 21.11.5
	- ironchest 2.0.5
	   \-- libgui 15.1.0+1.21.11
	        |-- jankson 11.0.0+j1.2.3
	        |    \-- blue_endless_jankson 1.2.3
	        \-- libninepatch 1.2.0
	- java 25
	- krypton 0.2.10
	   \-- com_velocitypowered_velocity-native 3.4.0-SNAPSHOT
	- lithium 0.21.4+mc1.21.11
	- lootr 1.21.11-1.20.34.103
	- minecraft 1.21.11
	- nemos_woodcutter 1.21.11-1.14.1
	- polymer-bundled 0.15.2+1.21.11
	   |-- polymer-autohost 0.15.2+1.21.11
	   |-- polymer-blocks 0.15.2+1.21.11
	   |-- polymer-common 0.15.2+1.21.11
	   |    \-- packet_tweaker 0.6.0+1.21.10
	   |-- polymer-core 0.15.2+1.21.11
	   |    |-- polymer-networking 0.15.2+1.21.11
	   |    |    \-- polymer-common 0.15.2+1.21.11
	   |    |         \-- packet_tweaker 0.6.0+1.21.10
	   |    \-- polymer-registry-sync-manipulator 0.15.2+1.21.11
	   |-- polymer-resource-pack 0.15.2+1.21.11
	   |    \-- polymer-common 0.15.2+1.21.11
	   |         \-- packet_tweaker 0.6.0+1.21.10
	   |-- polymer-resource-pack-extras 0.15.2+1.21.11
	   |-- polymer-sound-patcher 0.15.2+1.21.11
	   \-- polymer-virtual-entity 0.15.2+1.21.11
	        \-- polymer-common 0.15.2+1.21.11
	             \-- packet_tweaker 0.6.0+1.21.10
	- servercore 1.5.15+1.21.11
	   |-- org_yaml_snakeyaml 2.5
	   |-- placeholder-api 2.8.1+1.21.10
	   |-- space_arim_dazzleconf_dazzleconf-core 1.3.0-M2
	   \-- space_arim_dazzleconf_dazzleconf-ext-snakeyaml 1.3.0-M2
	- skinrestorer 2.7.0+1.21.11-fabric
	   \-- org_mineskin_java-client 3.2.1-SNAPSHOT
	- travelersbackpack 10.11.9
	- universal-graves 3.10.2+1.21.11
	   |-- common-protection-api 1.0.0
	   |-- placeholder-api 2.8.1+1.21.10
	   |-- predicate-api 0.7.0+1.21.11
	   |-- server_translations_api 2.5.2+1.21.9-pre3
	   \-- sgui 1.11.0+1.21.9
	- waystones 21.11.9
	- xaerominimap 25.3.10
	   \-- xaerolib 1.1.0
[19:09:58] [main/WARN]: Found 1 non-fabric mod:
	- LuckPerms-Bukkit-5.5.17.jar
[19:09:58] [main/INFO]: SpongePowered MIXIN Subsystem Version=0.8.7 Source=file:/workspaces/elserversex/libraries/net/fabricmc/sponge-mixin/0.17.2+mixin.0.8.7/sponge-mixin-0.17.2+mixin.0.8.7.jar Service=Knot/Fabric Env=SERVER
[19:09:59] [main/INFO]: Compatibility level set to JAVA_17
[19:09:59] [main/INFO]: Compatibility level set to JAVA_21
[19:09:59] [main/WARN]: Reference map 'balm.refmap.json' for balm.mixins.json could not be read. If this is a development environment you can ignore this message
[19:09:59] [main/WARN]: Reference map 'balm.refmap.json' for balm.api.mixins.json could not be read. If this is a development environment you can ignore this message
[19:09:59] [main/WARN]: Reference map 'balm.refmap.json' for balm.fabric.mixins.json could not be read. If this is a development environment you can ignore this message
[19:09:59] [main/WARN]: Reference map 'carryon.refmap.json' for carryon.mixins.json could not be read. If this is a development environment you can ignore this message
[19:09:59] [main/WARN]: Reference map 'globalxp.refmap.json' for globalxp.mixins.json could not be read. If this is a development environment you can ignore this message
[19:09:59] [main/WARN]: Reference map 'hardcorerevival.refmap.json' for hardcorerevival.mixins.json could not be read. If this is a development environment you can ignore this message
[19:09:59] [main/WARN]: Reference map 'kuma_api.refmap.json' for kuma_api.mixins.json could not be read. If this is a development environment you can ignore this message
[19:09:59] [main/WARN]: Reference map 'kuma_api.refmap.json' for kuma_api.fabric.mixins.json could not be read. If this is a development environment you can ignore this message
[19:09:59] [main/INFO]: Loaded configuration file for Lithium: 171 options available, 0 override(s) found.
[19:09:59] [main/WARN]: Reference map 'nemos_woodcutter.refmap.json' for nemos_woodcutter.mixins.json could not be read. If this is a development environment you can ignore this message
[19:09:59] [main/WARN]: Reference map 'nemos_woodcutter.refmap.json' for nemos_woodcutter.fabric.mixins.json could not be read. If this is a development environment you can ignore this message
[19:10:00] [main/WARN]: Reference map 'skinrestorer.refmap.json' for skinrestorer.mixins.json could not be read. If this is a development environment you can ignore this message
[19:10:00] [main/WARN]: Reference map 'skinrestorer.refmap.json' for skinrestorer.fabric.mixins.json could not be read. If this is a development environment you can ignore this message
[19:10:00] [main/WARN]: Reference map 'waystones.refmap.json' for waystones.mixins.json could not be read. If this is a development environment you can ignore this message
[19:10:00] [main/WARN]: Reference map 'waystones.refmap.json' for waystones.fabric.mixins.json could not be read. If this is a development environment you can ignore this message
[19:10:00] [main/WARN]: Reference map 'xaerolib.refmap.json' for xaerolib.mixins.json could not be read. If this is a development environment you can ignore this message
[19:10:00] [main/WARN]: Reference map 'xaerominimap.refmap.json' for xaerohud.mixins.json could not be read. If this is a development environment you can ignore this message
[19:10:00] [main/WARN]: Reference map 'xaerominimap.refmap.json' for xaerohud.fabric.mixins.json could not be read. If this is a development environment you can ignore this message
[19:10:00] [main/WARN]: Reference map 'xaerominimap.refmap.json' for xaerominimap.mixins.json could not be read. If this is a development environment you can ignore this message
[19:10:02] [main/WARN]: Error loading class: com/simibubi/create/content/kinetics/base/BlockBreakingKineticBlockEntity (java.lang.ClassNotFoundException: com/simibubi/create/content/kinetics/base/BlockBreakingKineticBlockEntity)
[19:10:02] [main/INFO]: Initializing MixinExtras via com.llamalad7.mixinextras.service.MixinExtrasServiceImpl(version=0.5.4).
WARNING: A terminally deprecated method in sun.misc.Unsafe has been called
WARNING: sun.misc.Unsafe::objectFieldOffset has been called by org.joml.MemUtil$MemUtilUnsafe (file:/workspaces/elserversex/libraries/org/joml/joml/1.10.8/joml-1.10.8.jar)
WARNING: Please consider reporting this to the maintainers of class org.joml.MemUtil$MemUtilUnsafe
WARNING: sun.misc.Unsafe::objectFieldOffset will be removed in a future release
[19:10:20] [main/INFO]: Successfully initialized antixray for fabric
[19:10:21] [main/INFO]: [Dynamic Lights] Loaded Dynamic Lights by Tschipcraft successfully!
[19:10:21] [main/INFO]: [EssentialCommands]: Mod Load Initiated.
[19:10:21] [main/INFO]: [EssentialCommands]: Mod Load Complete.
[19:10:22] [ForkJoinPool.commonPool-worker-1/INFO]: Essential Commands is up to date!
[19:10:22] [main/INFO]: Compression will use libdeflate (Linux x86_64), encryption will use OpenSSL 3.x.x (Linux x86_64)
[19:10:22] [main/INFO]: Thank you for using Nemo's Woodcutter!
[19:10:22] [main/INFO]: Registering creative mode tabs
[19:10:22] [main/INFO]: Registering recipe serializer
[19:10:22] [main/INFO]: Register recipe types
[19:10:22] [main/INFO]: Registering recipe book categories
[19:10:22] [main/INFO]: Registering recipe displays
[19:10:22] [main/INFO]: Registering menu types
[19:10:23] [main/INFO]: [ServerCore] Loaded V1.5.15+1.21.11!
Apr 30, 2026 7:10:23 PM org.mineskin.ClientBuilder build
WARNING: Creating MineSkinClient without API key - Please get an API key from https://account.mineskin.org/keys
[19:10:24] [main/INFO]: Registered the FluidEffect with Unique ID of minecraft:water for Water (Fluid Amount Required: 81000) with the ID 0
[19:10:24] [main/INFO]: Registered the FluidEffect with Unique ID of minecraft:lava for Lava (Fluid Amount Required: 81000) with the ID 1
[19:10:24] [main/INFO]: Registered the FluidEffect with Unique ID of travelersbackpack:potion for block.travelersbackpack.potion_still (Fluid Amount Required: 27000) with the ID 2
[19:10:24] [main/INFO]: Registered the FluidEffect with Unique ID of minecraft:milk for Air (Fluid Amount Required: 81000) with the ID 3
[19:10:24] [main/INFO]: Krypton is now accelerating your Minecraft server's networking stack 🚀
[19:10:24] [main/INFO]: Registering common data for channel xaerolib:main!
[19:10:24] [main/INFO]: Loading primary common config for channel xaerolib:main!
[19:10:24] [main/INFO]: Loading server config profiles for channel xaerolib:main!
[19:10:24] [main/INFO]: Loading XaeroLib common 1/2!
[19:10:24] [main/INFO]: Loading XaeroLib server 1/2!
[19:10:24] [main/INFO]: Registering common data for channel xaerominimap:main!
[19:10:24] [main/INFO]: Loading primary common config for channel xaerominimap:main!
[19:10:24] [main/INFO]: Loading server config profiles for channel xaerominimap:main!
[19:10:24] [main/INFO]: Loading Xaero's Minimap - Stage 1/2 (Server)
[19:10:25] [main/INFO]: Environment: Environment[sessionHost=https://sessionserver.mojang.com, servicesHost=https://api.minecraftservices.com, profilesHost=https://api.mojang.com, name=PROD]
[19:10:25] [main/ERROR]: Failed to start the minecraft server
