[94mℹ 🔧 Ejecutando en modo background (sin terminal)[0m
[93m⚠ ℹ️  Playit está configurado para usar. [0m
[93m⚠     Si quieres ejecutarlo de forma independiente:[0m
[93m⚠     Terminal 1: ./start-playit.sh[0m
[93m⚠     Terminal 2: ./watch-playit.sh[0m
[93m⚠     El servidor se ejecutará sin intentar iniciar playit.[0m
[94mℹ [2026-04-28 03:29:46] Iniciando servidor (intento 1)[0m
[92m✔ Iniciando fabric 1.21.11[0m
[94mℹ 🔄 Servidor ejecutándose en background (escuchando forever)[0m
Starting net.fabricmc.loader.impl.game.minecraft.BundlerClassPathCapture
[03:29:48] [main/INFO]: Loading Minecraft 1.21.11 with Fabric Loader 0.19.2
[03:29:49] [main/WARN]: Warnings were found!
 - Mod 'Dynamic Lights' (dynamiclights) 1.9.2+mod recommends any version of midnightlib, which is missing!
	 - You should install any version of midnightlib for the optimal experience.
 - Mod 'Forge Config API Port' (forgeconfigapiport) 21.11.1 recommends any version of modmenu, which is missing!
	 - You should install any version of modmenu for the optimal experience.
[03:29:49] [main/INFO]: Loading 91 mods:
	- antixray 1.4.14
	   |-- com_moandjiezana_toml_toml4j 0.7.2
	   \-- fabric-permissions-api-v0 0.6.1
	- balm 21.11.9
	   \-- kuma_api 21.11.12
	- cloth-config 21.11.153
	   \-- cloth-basic-math 0.6.1
	- dynamiclights 1.9.2+mod
	- essential_commands 0.38.6-mc1.21.11
	   |-- ec-core 1.3.0-mc1.21.11
	   |-- fabric-permissions-api-v0 0.6.1
	   |-- org_yaml_snakeyaml 2.5
	   |-- placeholder-api 2.8.1+1.21.10
	   \-- playerabilitylib 1.15.0
	- fabric-api 0.141.3+1.21.11
	   |-- fabric-api-base 1.0.5+4ebb5c083e
	   |-- fabric-api-lookup-api-v1 1.6.114+20dc27073e
	   |-- fabric-biome-api-v1 17.1.1+4fc5413f3e
	   |-- fabric-block-api-v1 1.1.10+4ebb5c083e
	   |-- fabric-block-view-api-v2 1.0.39+4ebb5c083e
	   |-- fabric-command-api-v2 2.4.7+6b42a6003e
	   |-- fabric-content-registries-v0 10.2.14+4fc5413f3e
	   |-- fabric-convention-tags-v1 2.1.55+7f945d5b3e
	   |-- fabric-convention-tags-v2 2.17.3+8ef948ba3e
	   |-- fabric-crash-report-info-v1 0.3.23+4ebb5c083e
	   |-- fabric-data-attachment-api-v1 1.8.47+eed0806f3e
	   |-- fabric-data-generation-api-v1 23.4.0+69974c4e3e
	   |-- fabric-dimensions-v1 4.0.28+4fc5413f3e
	   |-- fabric-entity-events-v1 3.1.1+1d0ab4303e
	   |-- fabric-events-interaction-v0 4.1.0+3b89ecf63e
	   |-- fabric-game-rule-api-v1 2.0.3+4fc5413f3e
	   |-- fabric-item-api-v1 11.5.20+d0c46b9e3e
	   |-- fabric-item-group-api-v1 4.2.36+4fc5413f3e
	   |-- fabric-key-binding-api-v1 1.1.7+4fc5413f3e
	   |-- fabric-lifecycle-events-v1 2.6.15+4ebb5c083e
	   |-- fabric-loot-api-v2 3.0.73+3f89f5a53e
	   |-- fabric-loot-api-v3 2.0.20+78c8b4663e
	   |-- fabric-message-api-v1 6.1.12+4ebb5c083e
	   |-- fabric-model-loading-api-v1 6.0.15+4fc5413f3e
	   |-- fabric-networking-api-v1 5.1.5+ae1e07683e
	   |-- fabric-object-builder-api-v1 21.1.39+4fc5413f3e
	   |-- fabric-particles-v1 4.2.11+4fc5413f3e
	   |-- fabric-recipe-api-v1 8.2.3+4ebb5c083e
	   |-- fabric-registry-sync-v0 6.2.5+1718722b3e
	   |-- fabric-renderer-api-v1 8.0.3+f4ffd2e53e
	   |-- fabric-renderer-indigo 5.0.3+f4ffd2e53e
	   |-- fabric-rendering-fluids-v1 3.1.43+4ebb5c083e
	   |-- fabric-rendering-v1 16.2.10+0290ad933e
	   |-- fabric-resource-conditions-api-v1 5.0.35+4fc5413f3e
	   |-- fabric-resource-loader-v0 3.3.4+4fc5413f3e
	   |-- fabric-resource-loader-v1 1.0.10+78c8b4663e
	   |-- fabric-screen-api-v1 3.1.7+4ebb5c083e
	   |-- fabric-screen-handler-api-v1 1.3.161+4fc5413f3e
	   |-- fabric-serialization-api-v1 1.0.5+4ebb5c083e
	   |-- fabric-sound-api-v1 1.0.51+4fc5413f3e
	   |-- fabric-tag-api-v1 1.2.20+4fc5413f3e
	   |-- fabric-transfer-api-v1 6.0.25+4fc5413f3e
	   \-- fabric-transitive-access-wideners-v1 7.1.0+014c8cec3e
	- fabricloader 0.19.2
	   \-- mixinextras 0.5.4
	- fallingtree 1.21.11.3
	- ferritecore 8.2.0
	- forgeconfigapiport 21.11.1
	   |-- com_electronwill_night-config_core 3.8.3
	   \-- com_electronwill_night-config_toml 3.8.3
	- globalxp 1.12.2
	- hardcorerevival 21.11.5
	- java 25
	- krypton 0.2.10
	   \-- com_velocitypowered_velocity-native 3.4.0-SNAPSHOT
	- lithium 0.21.4+mc1.21.11
	- lootr 1.21.11-1.20.34.103
	- minecraft 1.21.11
	- polymer-bundled 0.15.2+1.21.11
	   |-- polymer-autohost 0.15.2+1.21.11
	   |-- polymer-blocks 0.15.2+1.21.11
	   |-- polymer-common 0.15.2+1.21.11
	   |    \-- packet_tweaker 0.6.0+1.21.10
	   |-- polymer-core 0.15.2+1.21.11
	   |    |-- polymer-networking 0.15.2+1.21.11
	   |    |    \-- polymer-common 0.15.2+1.21.11
	   |    |         \-- packet_tweaker 0.6.0+1.21.10
	   |    \-- polymer-registry-sync-manipulator 0.15.2+1.21.11
	   |-- polymer-resource-pack 0.15.2+1.21.11
	   |    \-- polymer-common 0.15.2+1.21.11
	   |         \-- packet_tweaker 0.6.0+1.21.10
	   |-- polymer-resource-pack-extras 0.15.2+1.21.11
	   |-- polymer-sound-patcher 0.15.2+1.21.11
	   \-- polymer-virtual-entity 0.15.2+1.21.11
	        \-- polymer-common 0.15.2+1.21.11
	             \-- packet_tweaker 0.6.0+1.21.10
	- servercore 1.5.15+1.21.11
	   |-- org_yaml_snakeyaml 2.5
	   |-- placeholder-api 2.8.1+1.21.10
	   |-- space_arim_dazzleconf_dazzleconf-core 1.3.0-M2
	   \-- space_arim_dazzleconf_dazzleconf-ext-snakeyaml 1.3.0-M2
	- skinrestorer 2.7.0+1.21.11-fabric
	   \-- org_mineskin_java-client 3.2.1-SNAPSHOT
	- travelersbackpack 10.11.9
	- universal-graves 3.10.2+1.21.11
	   |-- common-protection-api 1.0.0
	   |-- placeholder-api 2.8.1+1.21.10
	   |-- predicate-api 0.7.0+1.21.11
	   |-- server_translations_api 2.5.2+1.21.9-pre3
	   \-- sgui 1.11.0+1.21.9
	- waystones 21.11.9
	- xaerominimap 25.3.10
	   \-- xaerolib 1.1.0
[03:29:49] [main/WARN]: Found 1 non-fabric mod:
	- LuckPerms-Bukkit-5.5.17.jar
[03:29:49] [main/INFO]: SpongePowered MIXIN Subsystem Version=0.8.7 Source=file:/workspaces/elserversex/libraries/net/fabricmc/sponge-mixin/0.17.2+mixin.0.8.7/sponge-mixin-0.17.2+mixin.0.8.7.jar Service=Knot/Fabric Env=SERVER
[03:29:49] [main/INFO]: Compatibility level set to JAVA_17
[03:29:49] [main/INFO]: Compatibility level set to JAVA_21
[03:29:49] [main/WARN]: Reference map 'balm.refmap.json' for balm.mixins.json could not be read. If this is a development environment you can ignore this message
[03:29:49] [main/WARN]: Reference map 'balm.refmap.json' for balm.api.mixins.json could not be read. If this is a development environment you can ignore this message
[03:29:49] [main/WARN]: Reference map 'balm.refmap.json' for balm.fabric.mixins.json could not be read. If this is a development environment you can ignore this message
[03:29:49] [main/WARN]: Reference map 'globalxp.refmap.json' for globalxp.mixins.json could not be read. If this is a development environment you can ignore this message
[03:29:49] [main/WARN]: Reference map 'hardcorerevival.refmap.json' for hardcorerevival.mixins.json could not be read. If this is a development environment you can ignore this message
[03:29:49] [main/WARN]: Reference map 'kuma_api.refmap.json' for kuma_api.mixins.json could not be read. If this is a development environment you can ignore this message
[03:29:49] [main/WARN]: Reference map 'kuma_api.refmap.json' for kuma_api.fabric.mixins.json could not be read. If this is a development environment you can ignore this message
[03:29:49] [main/INFO]: Loaded configuration file for Lithium: 171 options available, 0 override(s) found.
[03:29:50] [main/WARN]: Reference map 'skinrestorer.refmap.json' for skinrestorer.mixins.json could not be read. If this is a development environment you can ignore this message
[03:29:50] [main/WARN]: Reference map 'skinrestorer.refmap.json' for skinrestorer.fabric.mixins.json could not be read. If this is a development environment you can ignore this message
[03:29:50] [main/WARN]: Reference map 'waystones.refmap.json' for waystones.mixins.json could not be read. If this is a development environment you can ignore this message
[03:29:50] [main/WARN]: Reference map 'waystones.refmap.json' for waystones.fabric.mixins.json could not be read. If this is a development environment you can ignore this message
[03:29:50] [main/WARN]: Reference map 'xaerolib.refmap.json' for xaerolib.mixins.json could not be read. If this is a development environment you can ignore this message
[03:29:50] [main/WARN]: Reference map 'xaerominimap.refmap.json' for xaerohud.mixins.json could not be read. If this is a development environment you can ignore this message
[03:29:50] [main/WARN]: Reference map 'xaerominimap.refmap.json' for xaerohud.fabric.mixins.json could not be read. If this is a development environment you can ignore this message
[03:29:50] [main/WARN]: Reference map 'xaerominimap.refmap.json' for xaerominimap.mixins.json could not be read. If this is a development environment you can ignore this message
[03:29:51] [main/WARN]: Error loading class: com/simibubi/create/content/kinetics/base/BlockBreakingKineticBlockEntity (java.lang.ClassNotFoundException: com/simibubi/create/content/kinetics/base/BlockBreakingKineticBlockEntity)
[03:29:51] [main/INFO]: Initializing MixinExtras via com.llamalad7.mixinextras.service.MixinExtrasServiceImpl(version=0.5.4).
WARNING: A terminally deprecated method in sun.misc.Unsafe has been called
WARNING: sun.misc.Unsafe::objectFieldOffset has been called by org.joml.MemUtil$MemUtilUnsafe (file:/workspaces/elserversex/libraries/org/joml/joml/1.10.8/joml-1.10.8.jar)
WARNING: Please consider reporting this to the maintainers of class org.joml.MemUtil$MemUtilUnsafe
WARNING: sun.misc.Unsafe::objectFieldOffset will be removed in a future release
[03:30:04] [main/INFO]: Successfully initialized antixray for fabric
[03:30:05] [main/INFO]: [Dynamic Lights] Loaded Dynamic Lights by Tschipcraft successfully!
[03:30:05] [main/INFO]: [EssentialCommands]: Mod Load Initiated.
[03:30:06] [main/INFO]: [EssentialCommands]: Mod Load Complete.
[03:30:06] [ForkJoinPool.commonPool-worker-1/INFO]: Essential Commands is up to date!
[03:30:07] [main/INFO]: Compression will use libdeflate (Linux x86_64), encryption will use OpenSSL 3.x.x (Linux x86_64)
[03:30:07] [main/INFO]: [ServerCore] Loaded V1.5.15+1.21.11!
Apr 28, 2026 3:30:07 AM org.mineskin.ClientBuilder build
WARNING: Creating MineSkinClient without API key - Please get an API key from https://account.mineskin.org/keys
[03:30:08] [main/INFO]: Registered the FluidEffect with Unique ID of minecraft:water for Water (Fluid Amount Required: 81000) with the ID 0
[03:30:08] [main/INFO]: Registered the FluidEffect with Unique ID of minecraft:lava for Lava (Fluid Amount Required: 81000) with the ID 1
[03:30:08] [main/INFO]: Registered the FluidEffect with Unique ID of travelersbackpack:potion for block.travelersbackpack.potion_still (Fluid Amount Required: 27000) with the ID 2
[03:30:08] [main/INFO]: Registered the FluidEffect with Unique ID of minecraft:milk for Air (Fluid Amount Required: 81000) with the ID 3
[03:30:08] [main/INFO]: Krypton is now accelerating your Minecraft server's networking stack 🚀
[03:30:08] [main/INFO]: Registering common data for channel xaerolib:main!
[03:30:08] [main/INFO]: Loading primary common config for channel xaerolib:main!
[03:30:08] [main/INFO]: Loading server config profiles for channel xaerolib:main!
[03:30:08] [main/INFO]: Loading XaeroLib common 1/2!
[03:30:08] [main/INFO]: Loading XaeroLib server 1/2!
[03:30:08] [main/INFO]: Registering common data for channel xaerominimap:main!
[03:30:08] [main/INFO]: Loading primary common config for channel xaerominimap:main!
[03:30:08] [main/INFO]: Loading server config profiles for channel xaerominimap:main!
[03:30:08] [main/INFO]: Loading Xaero's Minimap - Stage 1/2 (Server)
[03:30:08] [main/INFO]: Environment: Environment[sessionHost=https://sessionserver.mojang.com, servicesHost=https://api.minecraftservices.com, profilesHost=https://api.mojang.com, name=PROD]
[03:30:14] [main/INFO]: Loaded 1654 recipes
[03:30:14] [main/INFO]: Loaded 1806 advancements
[03:30:14] [ForkJoinPool.commonPool-worker-1/INFO]: Loaded 58 translation keys
[03:30:14] [main/INFO]: Applied 63 biome modifications to 63 of 65 new biomes in 12.91 ms
[03:30:15] [Server thread/INFO]: Loading XaeroLib common 2/2!
[03:30:15] [Server thread/INFO]: Loading XaeroLib server 2/2!
[03:30:15] [Server thread/INFO]: Starting minecraft server version 1.21.11
[03:30:15] [Server thread/INFO]: Loading properties
[03:30:15] [Server thread/INFO]: Default game type: SURVIVAL
[03:30:15] [Server thread/INFO]: Generating keypair
[03:30:15] [Server thread/INFO]: Starting Minecraft server on *:25565
[03:30:15] [Server thread/WARN]: **** SERVER IS RUNNING IN OFFLINE/INSECURE MODE!
[03:30:15] [Server thread/WARN]: The server will make no attempt to authenticate usernames. Beware.
[03:30:15] [Server thread/WARN]: While this makes the game possible to play without internet access, it also opens up the ability for hackers to connect with any username they choose.
[03:30:15] [Server thread/WARN]: To change this, set "online-mode" to "true" in the server.properties file.
[03:30:15] [Server thread/INFO]: Preparing level "world"
[03:30:16] [Server thread/INFO]: Loading 0 persistent chunks...
[03:30:16] [Server thread/INFO]: Preparing spawn area: 100%
[03:30:16] [Server thread/INFO]: Time elapsed: 14 ms
[03:30:16] [Server thread/INFO]: Done (1.025s)! For help, type "help"
[03:30:16] [Server thread/INFO]: Possible world ids: minecraft:overworld,minecraft:the_end,minecraft:the_nether
[03:30:16] [Server thread/INFO]: Configured `rtp_enabled_worlds` world ids: minecraft:overworld
[03:30:16] [Server thread/INFO]: All configured `rtp_enabled_worlds` world ids are valid.
[03:30:16] [Server thread/INFO]: Loading Xaero's Minimap - Stage 2/2 (Server)
[03:31:29] [Server thread/INFO]: ArmandoMtrz[/127.230.163.113:42417] logged in with entity id 15 at (-2543.2201022432464, 90.0, 793.8586213247438)
[03:31:29] [Server thread/INFO]: [Essential Commands] Loading PlayerData for player with uuid '01437efa-ff8e-3a5b-b190-b0e07f4d0887'.
[03:31:29] [Server thread/INFO]: ArmandoMtrz joined the game
[03:31:29] [Server thread/INFO]: [Essential Commands] Loading PlayerProfile for player with uuid '01437efa-ff8e-3a5b-b190-b0e07f4d0887'.
[03:31:51] [Server thread/INFO]: alkeys[/127.51.148.55:50957] logged in with entity id 332 at (-2686.3286532203556, 85.0, 703.7514803154751)
[03:31:51] [Server thread/INFO]: [Essential Commands] Loading PlayerData for player with uuid 'a705d6a9-583d-33ac-8ecf-59691f80d283'.
[03:31:51] [Server thread/INFO]: alkeys joined the game
[03:31:51] [Server thread/INFO]: [Essential Commands] Loading PlayerProfile for player with uuid 'a705d6a9-583d-33ac-8ecf-59691f80d283'.
[03:38:47] [Server thread/INFO]: [Not Secure] <alkeys> zzzzzzz
[03:40:42] [Server thread/INFO]: bryan13[/127.109.75.12:43539] logged in with entity id 4068 at (-2575.0297209103114, 107.0, 821.4751093243736)
[03:40:42] [Server thread/INFO]: [Essential Commands] Loading PlayerData for player with uuid 'f58785a7-6f31-3493-86e0-bef8c4556536'.
[03:40:42] [Server thread/INFO]: bryan13 joined the game
[03:40:42] [Server thread/INFO]: [Essential Commands] Loading PlayerProfile for player with uuid 'f58785a7-6f31-3493-86e0-bef8c4556536'.
[03:41:18] [Server thread/INFO]: [alkeys: Teleported bryan13 to alkeys]
[03:41:50] [Server thread/INFO]: alkeys has made the advancement [Getting Started]
[03:44:00] [Server thread/INFO]: ArmandoMtrz has made the advancement [(Optional) Fluid Tanks Upgrade]
[03:44:20] [Server thread/INFO]: bryan13 has made the advancement [Getting Started]
[03:45:35] [Server thread/INFO]: alkeys has made the advancement [(Optional) Fluid Tanks Upgrade]
[03:46:13] [Server thread/INFO]: bryan13 has made the advancement [Craft basic backpack]
[03:46:24] [Server thread/INFO]: ArmandoMtrz has made the advancement [Craft basic backpack]
[03:46:36] [Server thread/INFO]: alkeys has made the advancement [Craft basic backpack]
[03:46:44] [Server thread/INFO]: alkeys has made the advancement [Custom Backpacks]
[03:46:54] [Server thread/INFO]: ArmandoMtrz has made the advancement [Custom Backpacks]
[03:49:44] [Server thread/INFO]: alkeys has made the advancement [Time to sleep]
[03:49:52] [Server thread/INFO]: ArmandoMtrz has made the advancement [Time to sleep]
