[15:28:04] [main/INFO]: Loading Minecraft 1.21.11 with Fabric Loader 0.19.2
[15:28:05] [main/WARN]: Warnings were found!
 - Mod 'Forge Config API Port' (forgeconfigapiport) 21.11.1 recommends any version of modmenu, which is missing!
	 - You should install any version of modmenu for the optimal experience.
[15:28:05] [main/INFO]: Loading 131 mods:
	- antixray 1.4.14
	   |-- com_moandjiezana_toml_toml4j 0.7.2
	   \-- fabric-permissions-api-v0 0.6.1
	- balm 21.11.9
	   \-- kuma_api 21.11.12
	- cardinal-components 7.3.1
	   |-- cardinal-components-base 7.3.1
	   |-- cardinal-components-block 7.3.1
	   |-- cardinal-components-chunk 7.3.1
	   |-- cardinal-components-entity 7.3.1
	   |-- cardinal-components-item 7.3.1
	   |-- cardinal-components-level 7.3.1
	   |-- cardinal-components-scoreboard 7.3.1
	   \-- cardinal-components-world 7.3.1
	- carryon 2.9.0
	- chisel 2.2.0+mc1.21.11
	- cloth-config 21.11.153
	   \-- cloth-basic-math 0.6.1
	- commandblocker 1.0.0
	- coolrain 1.4.0-1.21.11
	   \-- midnightlib 1.9.2
	- cryonicconfig 1.0.0+mc1.21.11
	- dynamiclights 1.9.2+mod
	- essential_commands 0.38.6-mc1.21.11
	   |-- ec-core 1.3.0-mc1.21.11
	   |-- fabric-permissions-api-v0 0.6.1
	   |-- org_yaml_snakeyaml 2.5
	   |-- placeholder-api 2.8.1+1.21.10
	   \-- playerabilitylib 1.15.0
	- fabric-api 0.141.3+1.21.11
	   |-- fabric-api-base 1.0.5+4ebb5c083e
	   |-- fabric-api-lookup-api-v1 1.6.114+20dc27073e
	   |-- fabric-biome-api-v1 17.1.1+4fc5413f3e
	   |-- fabric-block-api-v1 1.1.10+4ebb5c083e
	   |-- fabric-block-view-api-v2 1.0.39+4ebb5c083e
	   |-- fabric-command-api-v2 2.4.7+6b42a6003e
	   |-- fabric-content-registries-v0 10.2.14+4fc5413f3e
	   |-- fabric-convention-tags-v1 2.1.55+7f945d5b3e
	   |-- fabric-convention-tags-v2 2.17.3+8ef948ba3e
	   |-- fabric-crash-report-info-v1 0.3.23+4ebb5c083e
	   |-- fabric-data-attachment-api-v1 1.8.47+eed0806f3e
	   |-- fabric-data-generation-api-v1 23.4.0+69974c4e3e
	   |-- fabric-dimensions-v1 4.0.28+4fc5413f3e
	   |-- fabric-entity-events-v1 3.1.1+1d0ab4303e
	   |-- fabric-events-interaction-v0 4.1.0+3b89ecf63e
	   |-- fabric-game-rule-api-v1 2.0.3+4fc5413f3e
	   |-- fabric-item-api-v1 11.5.20+d0c46b9e3e
	   |-- fabric-item-group-api-v1 4.2.36+4fc5413f3e
	   |-- fabric-key-binding-api-v1 1.1.7+4fc5413f3e
	   |-- fabric-lifecycle-events-v1 2.6.15+4ebb5c083e
	   |-- fabric-loot-api-v2 3.0.73+3f89f5a53e
	   |-- fabric-loot-api-v3 2.0.20+78c8b4663e
	   |-- fabric-message-api-v1 6.1.12+4ebb5c083e
	   |-- fabric-model-loading-api-v1 6.0.15+4fc5413f3e
	   |-- fabric-networking-api-v1 5.1.5+ae1e07683e
	   |-- fabric-object-builder-api-v1 21.1.39+4fc5413f3e
	   |-- fabric-particles-v1 4.2.11+4fc5413f3e
	   |-- fabric-recipe-api-v1 8.2.3+4ebb5c083e
	   |-- fabric-registry-sync-v0 6.2.5+1718722b3e
	   |-- fabric-renderer-api-v1 8.0.3+f4ffd2e53e
	   |-- fabric-renderer-indigo 5.0.3+f4ffd2e53e
	   |-- fabric-rendering-fluids-v1 3.1.43+4ebb5c083e
	   |-- fabric-rendering-v1 16.2.10+0290ad933e
	   |-- fabric-resource-conditions-api-v1 5.0.35+4fc5413f3e
	   |-- fabric-resource-loader-v0 3.3.4+4fc5413f3e
	   |-- fabric-resource-loader-v1 1.0.10+78c8b4663e
	   |-- fabric-screen-api-v1 3.1.7+4ebb5c083e
	   |-- fabric-screen-handler-api-v1 1.3.161+4fc5413f3e
	   |-- fabric-serialization-api-v1 1.0.5+4ebb5c083e
	   |-- fabric-sound-api-v1 1.0.51+4fc5413f3e
	   |-- fabric-tag-api-v1 1.2.20+4fc5413f3e
	   |-- fabric-transfer-api-v1 6.0.25+4fc5413f3e
	   \-- fabric-transitive-access-wideners-v1 7.1.0+014c8cec3e
	- fabric-language-kotlin 1.13.11+kotlin.2.3.21
	   |-- org_jetbrains_kotlin_kotlin-reflect 2.3.21
	   |-- org_jetbrains_kotlin_kotlin-stdlib 2.3.21
	   |-- org_jetbrains_kotlin_kotlin-stdlib-jdk7 2.3.21
	   |-- org_jetbrains_kotlin_kotlin-stdlib-jdk8 2.3.21
	   |-- org_jetbrains_kotlinx_atomicfu-jvm 0.32.1
	   |-- org_jetbrains_kotlinx_kotlinx-coroutines-core-jvm 1.10.2
	   |-- org_jetbrains_kotlinx_kotlinx-coroutines-jdk8 1.10.2
	   |-- org_jetbrains_kotlinx_kotlinx-datetime-jvm 0.7.1
	   |-- org_jetbrains_kotlinx_kotlinx-io-bytestring-jvm 0.9.0
	   |-- org_jetbrains_kotlinx_kotlinx-io-core-jvm 0.9.0
	   |-- org_jetbrains_kotlinx_kotlinx-serialization-cbor-jvm 1.11.0
	   |-- org_jetbrains_kotlinx_kotlinx-serialization-core-jvm 1.11.0
	   \-- org_jetbrains_kotlinx_kotlinx-serialization-json-jvm 1.11.0
	- fabricloader 0.19.2
	   \-- mixinextras 0.5.4
	- fallingtree 1.21.11.3
	- farmersdelight 1.21.11-3.4.9+refabricated
	   \-- mm 2.3
	- ferritecore 8.2.0
	- forgeconfigapiport 21.11.1
	   |-- com_electronwill_night-config_core 3.8.3
	   \-- com_electronwill_night-config_toml 3.8.3
	- geckolib 5.4.5
	- globalxp 1.12.2
	- hardcorerevival 21.11.5
	- ironchest 2.0.5
	   \-- libgui 15.1.0+1.21.11
	        |-- jankson 11.0.0+j1.2.3
	        |    \-- blue_endless_jankson 1.2.3
	        \-- libninepatch 1.2.0
	- java 25
	- krypton 0.2.10
	   \-- com_velocitypowered_velocity-native 3.4.0-SNAPSHOT
	- lithium 0.21.4+mc1.21.11
	- lithostitched 1.7.2
	- lootr 1.21.11-1.20.34.103
	- minecraft 1.21.11
	- mr_dungeons_andtaverns 1-v5.1.0
	- nemos_woodcutter 1.21.11-1.14.1
	- polymer-bundled 0.15.2+1.21.11
	   |-- polymer-autohost 0.15.2+1.21.11
	   |-- polymer-blocks 0.15.2+1.21.11
	   |-- polymer-common 0.15.2+1.21.11
	   |    \-- packet_tweaker 0.6.0+1.21.10
	   |-- polymer-core 0.15.2+1.21.11
	   |    |-- polymer-networking 0.15.2+1.21.11
	   |    |    \-- polymer-common 0.15.2+1.21.11
	   |    |         \-- packet_tweaker 0.6.0+1.21.10
	   |    \-- polymer-registry-sync-manipulator 0.15.2+1.21.11
	   |-- polymer-resource-pack 0.15.2+1.21.11
	   |    \-- polymer-common 0.15.2+1.21.11
	   |         \-- packet_tweaker 0.6.0+1.21.10
	   |-- polymer-resource-pack-extras 0.15.2+1.21.11
	   |-- polymer-sound-patcher 0.15.2+1.21.11
	   \-- polymer-virtual-entity 0.15.2+1.21.11
	        \-- polymer-common 0.15.2+1.21.11
	             \-- packet_tweaker 0.6.0+1.21.10
	- servercore 1.5.15+1.21.11
	   |-- org_yaml_snakeyaml 2.5
	   |-- placeholder-api 2.8.1+1.21.10
	   |-- space_arim_dazzleconf_dazzleconf-core 1.3.0-M2
	   \-- space_arim_dazzleconf_dazzleconf-ext-snakeyaml 1.3.0-M2
	- skinrestorer 2.7.0+1.21.11-fabric
	   \-- org_mineskin_java-client 3.2.1-SNAPSHOT
	- travelersbackpack 10.11.9
	- universal-graves 3.10.2+1.21.11
	   |-- common-protection-api 1.0.0
	   |-- placeholder-api 2.8.1+1.21.10
	   |-- predicate-api 0.7.0+1.21.11
	   |-- server_translations_api 2.5.2+1.21.9-pre3
	   \-- sgui 1.11.0+1.21.9
	- waystones 21.11.9
	- xaerominimap 25.3.10
	   \-- xaerolib 1.1.0
[15:28:05] [main/WARN]: Found 1 non-fabric mod:
	- LuckPerms-Bukkit-5.5.17.jar
[15:28:05] [main/INFO]: SpongePowered MIXIN Subsystem Version=0.8.7 Source=file:/workspaces/elserversex/libraries/net/fabricmc/sponge-mixin/0.17.2+mixin.0.8.7/sponge-mixin-0.17.2+mixin.0.8.7.jar Service=Knot/Fabric Env=SERVER
[15:28:05] [main/INFO]: Compatibility level set to JAVA_17
[15:28:05] [main/INFO]: Compatibility level set to JAVA_21
[15:28:05] [main/WARN]: Reference map 'balm.refmap.json' for balm.mixins.json could not be read. If this is a development environment you can ignore this message
[15:28:05] [main/WARN]: Reference map 'balm.refmap.json' for balm.api.mixins.json could not be read. If this is a development environment you can ignore this message
[15:28:05] [main/WARN]: Reference map 'balm.refmap.json' for balm.fabric.mixins.json could not be read. If this is a development environment you can ignore this message
[15:28:05] [main/WARN]: Reference map 'carryon.refmap.json' for carryon.mixins.json could not be read. If this is a development environment you can ignore this message
[15:28:06] [main/WARN]: Reference map 'geckolib.refmap.json' for geckolib.mixins.json could not be read. If this is a development environment you can ignore this message
[15:28:06] [main/WARN]: Reference map 'globalxp.refmap.json' for globalxp.mixins.json could not be read. If this is a development environment you can ignore this message
[15:28:06] [main/WARN]: Reference map 'hardcorerevival.refmap.json' for hardcorerevival.mixins.json could not be read. If this is a development environment you can ignore this message
[15:28:06] [main/WARN]: Reference map 'kuma_api.refmap.json' for kuma_api.mixins.json could not be read. If this is a development environment you can ignore this message
[15:28:06] [main/WARN]: Reference map 'kuma_api.refmap.json' for kuma_api.fabric.mixins.json could not be read. If this is a development environment you can ignore this message
[15:28:06] [main/INFO]: Loaded configuration file for Lithium: 171 options available, 0 override(s) found.
[15:28:06] [main/WARN]: Reference map 'nemos_woodcutter.refmap.json' for nemos_woodcutter.mixins.json could not be read. If this is a development environment you can ignore this message
[15:28:06] [main/WARN]: Reference map 'nemos_woodcutter.refmap.json' for nemos_woodcutter.fabric.mixins.json could not be read. If this is a development environment you can ignore this message
[15:28:06] [main/WARN]: Reference map 'skinrestorer.refmap.json' for skinrestorer.mixins.json could not be read. If this is a development environment you can ignore this message
[15:28:06] [main/WARN]: Reference map 'skinrestorer.refmap.json' for skinrestorer.fabric.mixins.json could not be read. If this is a development environment you can ignore this message
[15:28:06] [main/WARN]: Reference map 'waystones.refmap.json' for waystones.mixins.json could not be read. If this is a development environment you can ignore this message
[15:28:06] [main/WARN]: Reference map 'waystones.refmap.json' for waystones.fabric.mixins.json could not be read. If this is a development environment you can ignore this message
[15:28:06] [main/WARN]: Reference map 'xaerolib.refmap.json' for xaerolib.mixins.json could not be read. If this is a development environment you can ignore this message
[15:28:06] [main/WARN]: Reference map 'xaerominimap.refmap.json' for xaerohud.mixins.json could not be read. If this is a development environment you can ignore this message
[15:28:06] [main/WARN]: Reference map 'xaerominimap.refmap.json' for xaerohud.fabric.mixins.json could not be read. If this is a development environment you can ignore this message
[15:28:06] [main/WARN]: Reference map 'xaerominimap.refmap.json' for xaerominimap.mixins.json could not be read. If this is a development environment you can ignore this message
[15:28:06] [main/WARN]: Error loading class: net/minecraft/class_9976 (java.lang.ClassNotFoundException: net/minecraft/class_9976)
[15:28:06] [main/WARN]: @Mixin target net.minecraft.class_9976 was not found coolrain.mixins.json:RainMixin from mod coolrain
[15:28:07] [main/WARN]: Error loading class: net/minecraft/class_9934 (java.lang.ClassNotFoundException: net/minecraft/class_9934)
[15:28:07] [main/WARN]: @Mixin target net.minecraft.class_9934 was not found farmersdelight.mixins.json:refabricated.GhostSlotsInvoker from mod farmersdelight
[15:28:07] [main/WARN]: Error loading class: com/simibubi/create/content/kinetics/base/BlockBreakingKineticBlockEntity (java.lang.ClassNotFoundException: com/simibubi/create/content/kinetics/base/BlockBreakingKineticBlockEntity)
[15:28:08] [main/INFO]: Initializing MixinExtras via com.llamalad7.mixinextras.service.MixinExtrasServiceImpl(version=0.5.4).
[15:28:21] [main/INFO]: Successfully initialized antixray for fabric
[15:28:21] [main/INFO]: [CommandBlocker] Mod cargado! Comandos bloqueados: [op, give, gm, teleport, xp, experience, tp, gamemode]
[15:28:21] [main/INFO]: [Dynamic Lights] MidnightLib detected!
[15:28:21] [main/INFO]: [Dynamic Lights] Registering server started event ...
[15:28:21] [main/INFO]: [Dynamic Lights] Loaded Dynamic Lights by Tschipcraft successfully!
[15:28:22] [main/INFO]: [EssentialCommands]: Mod Load Initiated.
[15:28:22] [main/INFO]: [EssentialCommands]: Mod Load Complete.
[15:28:23] [main/INFO]: Loaded config farmersdelight-common.json
[15:28:23] [ForkJoinPool.commonPool-worker-1/INFO]: Essential Commands is up to date!
[15:28:23] [main/INFO]: Compression will use libdeflate (Linux x86_64), encryption will use OpenSSL 3.x.x (Linux x86_64)
[15:28:24] [main/INFO]: Definitely not up to no good
[15:28:24] [main/INFO]: Thank you for using Nemo's Woodcutter!
[15:28:24] [main/INFO]: Registering creative mode tabs
[15:28:24] [main/INFO]: Registering recipe serializer
[15:28:24] [main/INFO]: Register recipe types
[15:28:24] [main/INFO]: Registering recipe book categories
[15:28:24] [main/INFO]: Registering recipe displays
[15:28:24] [main/INFO]: Registering menu types
[15:28:24] [main/INFO]: [ServerCore] Loaded V1.5.15+1.21.11!
[15:28:25] [main/INFO]: Registered the FluidEffect with Unique ID of minecraft:water for Water (Fluid Amount Required: 81000) with the ID 0
[15:28:25] [main/INFO]: Registered the FluidEffect with Unique ID of minecraft:lava for Lava (Fluid Amount Required: 81000) with the ID 1
[15:28:25] [main/INFO]: Registered the FluidEffect with Unique ID of travelersbackpack:potion for block.travelersbackpack.potion_still (Fluid Amount Required: 27000) with the ID 2
[15:28:25] [main/INFO]: Registered the FluidEffect with Unique ID of minecraft:milk for Air (Fluid Amount Required: 81000) with the ID 3
[15:28:25] [main/INFO]: Krypton is now accelerating your Minecraft server's networking stack 🚀
[15:28:25] [main/INFO]: Registering common data for channel xaerolib:main!
[15:28:25] [main/INFO]: Loading primary common config for channel xaerolib:main!
[15:28:25] [main/INFO]: Loading server config profiles for channel xaerolib:main!
[15:28:25] [main/INFO]: Loading XaeroLib common 1/2!
[15:28:25] [main/INFO]: Loading XaeroLib server 1/2!
[15:28:26] [main/INFO]: Registering common data for channel xaerominimap:main!
[15:28:26] [main/INFO]: Loading primary common config for channel xaerominimap:main!
[15:28:26] [main/INFO]: Loading server config profiles for channel xaerominimap:main!
[15:28:26] [main/INFO]: Loading Xaero's Minimap - Stage 1/2 (Server)
[15:28:26] [main/INFO]: Environment: Environment[sessionHost=https://sessionserver.mojang.com, servicesHost=https://api.minecraftservices.com, profilesHost=https://api.mojang.com, name=PROD]
[15:28:34] [main/INFO]: Loaded 2316 recipes
[15:28:34] [main/INFO]: Loaded 2410 advancements
[15:28:34] [ForkJoinPool.commonPool-worker-1/INFO]: Loaded 58 translation keys
[15:28:34] [main/INFO]: Applied 144 biome modifications to 64 of 65 new biomes in 20.94 ms
[15:28:35] [Server thread/INFO]: Loading XaeroLib common 2/2!
[15:28:35] [Server thread/INFO]: Loading XaeroLib server 2/2!
[15:28:35] [Server thread/INFO]: Starting minecraft server version 1.21.11
[15:28:35] [Server thread/INFO]: Loading properties
[15:28:35] [Server thread/INFO]: Default game type: SURVIVAL
[15:28:35] [Server thread/INFO]: Generating keypair
[15:28:35] [Server thread/INFO]: Starting Minecraft server on *:25565
[15:28:35] [Server thread/WARN]: **** SERVER IS RUNNING IN OFFLINE/INSECURE MODE!
[15:28:35] [Server thread/WARN]: The server will make no attempt to authenticate usernames. Beware.
[15:28:35] [Server thread/WARN]: While this makes the game possible to play without internet access, it also opens up the ability for hackers to connect with any username they choose.
[15:28:35] [Server thread/WARN]: To change this, set "online-mode" to "true" in the server.properties file.
[15:28:35] [Server thread/INFO]: Preparing level "world"
[15:28:37] [Server thread/INFO]: Loading 0 persistent chunks...
[15:28:37] [Server thread/INFO]: Preparing spawn area: 100%
[15:28:37] [Server thread/INFO]: Time elapsed: 16 ms
[15:28:37] [Server thread/INFO]: Done (1.810s)! For help, type "help"
[15:28:37] [Server thread/INFO]: [Dynamic Lights] Sending global config to world ...
[15:28:37] [Server thread/INFO]: Possible world ids: minecraft:overworld,minecraft:the_end,minecraft:the_nether
[15:28:37] [Server thread/INFO]: Configured `rtp_enabled_worlds` world ids: minecraft:overworld
[15:28:37] [Server thread/INFO]: All configured `rtp_enabled_worlds` world ids are valid.
[15:28:37] [Server thread/INFO]: Loading Xaero's Minimap - Stage 2/2 (Server)
[15:32:22] [Server thread/INFO]: bryan13[/127.109.4.21:56057] logged in with entity id 26 at (-8144.443582717396, 69.0, 2305.7065256120077)
[15:32:22] [Server thread/INFO]: [Essential Commands] Loading PlayerData for player with uuid 'f58785a7-6f31-3493-86e0-bef8c4556536'.
[15:32:23] [Server thread/INFO]: bryan13 joined the game
[15:32:23] [Server thread/INFO]: [Essential Commands] Loading PlayerProfile for player with uuid 'f58785a7-6f31-3493-86e0-bef8c4556536'.
[15:35:26] [Server thread/WARN]: Can't keep up! Is the server overloaded? Running 4211ms or 84 ticks behind
[15:35:46] [Server thread/WARN]: Can't keep up! Is the server overloaded? Running 5481ms or 109 ticks behind
[15:46:32] [Server thread/INFO]: alkeys[/127.207.167.26:51545] logged in with entity id 8223 at (-8204.420563928637, 57.0, 2276.15412559827)
[15:46:32] [Server thread/INFO]: [Essential Commands] Loading PlayerData for player with uuid 'a705d6a9-583d-33ac-8ecf-59691f80d283'.
[15:46:32] [Server thread/INFO]: alkeys joined the game
[15:46:32] [Server thread/INFO]: [Essential Commands] Loading PlayerProfile for player with uuid 'a705d6a9-583d-33ac-8ecf-59691f80d283'.
[15:46:55] [Server thread/INFO]: [Not Secure] <bryan13> en la bastion ando pero los cofres que avia marcado no estan hay ya xd
[15:47:00] [Server thread/INFO]: [Not Secure] <alkeys> jaajja
[15:47:14] [Server thread/INFO]: [Not Secure] <alkeys> que el nether no lo reinicie
[15:47:38] [Server thread/INFO]: [Not Secure] <bryan13> se xd por esi vine a ver xd pa ver los cofres ya que ando aqui los matare
[15:48:03] [Server thread/INFO]: [Not Secure] <bryan13> con ballesta ando xd
[15:48:07] [Server thread/INFO]: [Not Secure] <alkeys> a la
[15:49:00] [Server thread/INFO]: [Not Secure] <bryan13> que asi nomas lo matan a uno xd
[15:49:04] [Server thread/INFO]: [Not Secure] <alkeys> see
[15:49:06] [Server thread/INFO]: [Not Secure] <alkeys> jaja
[15:55:56] [Server thread/INFO]: Villager class_1646['Toolsmith'/20007, l='ServerLevel[world]', x=-8110.30, y=65.23, z=2166.54] died, message: 'Toolsmith suffocated in a wall'
[16:19:27] [Server thread/INFO]: [Not Secure] <bryan13> un cofre logre abrir hasta ahorita y me dio 1 lingote de netherita un molde y casco de diamante y lanza de diamante con reparacion xd
[16:19:37] [Server thread/INFO]: [Not Secure] <alkeys> a
[16:19:43] [Server thread/INFO]: [Not Secure] <bryan13> see
[16:22:04] [Server thread/INFO]: [Not Secure] <bryan13> ahirota al otro lado voy a ver xd la ballesta ayuda bastante
[16:22:09] [Server thread/INFO]: [Not Secure] <alkeys> ajajja
[16:33:47] [Server thread/INFO]: Villager class_1646['Librarian'/75643, l='ServerLevel[world]', x=-7929.67, y=62.00, z=2200.50] died, message: 'Librarian was slain by bob'
[16:35:51] [Server thread/INFO]: Named entity class_1642['bob'/75646, l='ServerLevel[world]', x=-7927.69, y=61.00, z=2197.95] died: bob was slain by alkeys
[16:44:15] [Server thread/INFO]: alkeys has made the advancement [Local Brewery]
[16:44:21] [Server thread/INFO]: [Not Secure] <bryan13> xd no me funcaron los pergaminos de volver xd
[16:44:25] [Server thread/INFO]: [Not Secure] <alkeys> a
[16:44:26] [Server thread/INFO]: [Not Secure] <alkeys> a
[16:44:27] [Server thread/INFO]: [Not Secure] <bryan13> qu andas asiendo xd
[16:44:46] [Server thread/INFO]: [Not Secure] <bryan13> de los atados are mejor xd
[16:44:57] [Server thread/INFO]: [Not Secure] <alkeys> see es mejor
[16:50:12] [Server thread/INFO]: alkeys has reached the goal [Zombie Doctor]
[16:50:28] [Server thread/INFO]: [Not Secure] <bryan13> xd en zombie estas convirtiendo los aldeanos
[16:50:31] [Server thread/INFO]: [Not Secure] <alkeys> see
[16:50:33] [Server thread/INFO]: [Not Secure] <alkeys> ajajaja
[16:50:38] [Server thread/INFO]: [Not Secure] <alkeys> muy caro los babosos
[16:50:43] [Server thread/INFO]: [Not Secure] <bryan13> ya casi llego xd
[16:53:06] [Server thread/INFO]: bryan13 lost connection: Timed out
[16:53:06] [Server thread/INFO]: bryan13 left the game
[16:53:06] [Server thread/WARN]: handleDisconnection() called twice
[16:53:19] [Server thread/INFO]: bryan13[/127.109.4.21:33445] logged in with entity id 92979 at (-1017.4503971379921, 13.0, 298.30000001192093)
[16:53:19] [Server thread/INFO]: [Essential Commands] Loading PlayerData for player with uuid 'f58785a7-6f31-3493-86e0-bef8c4556536'.
[16:53:19] [Server thread/INFO]: bryan13 joined the game
[16:53:19] [Server thread/INFO]: [Essential Commands] Loading PlayerProfile for player with uuid 'f58785a7-6f31-3493-86e0-bef8c4556536'.
[16:53:24] [Server thread/INFO]: [Not Secure] <bryan13> xd
[16:53:26] [Server thread/INFO]: [Not Secure] <alkeys> xd
[16:53:42] [Server thread/INFO]: [Not Secure] <alkeys> no vayas a dormir que tengo que atraapr un zombi ajaaj y me pongo a segir estudiandoa jaa
[16:53:51] [Server thread/INFO]: [Not Secure] <bryan13> va
[16:56:04] [Server thread/WARN]: Can't keep up! Is the server overloaded? Running 5796ms or 115 ticks behind
[16:56:04] [Server thread/WARN]: alkeys moved too quickly! -8.483680732773792,-1.5542684489433327,-5.207099009089234
[16:56:27] [Server thread/INFO]: [Not Secure] <bryan13> en la granja de aldeanos estas3
[16:56:33] [Server thread/INFO]: [Not Secure] <alkeys> see
[16:56:36] [Server thread/INFO]: [Not Secure] <alkeys> pero mobi el tp
[16:57:10] [Server thread/INFO]: [Not Secure] <alkeys> dormi
[16:58:22] [Server thread/INFO]: Named entity class_1642['bob el zombi'/94796, l='ServerLevel[world]', x=-7929.85, y=62.00, z=2205.70] died: bob el zombi was killed while trying to hurt alkeys
[16:58:58] [Server thread/INFO]: [Not Secure] <alkeys> ba tocar hacer pistones
[16:59:31] [Server thread/INFO]: [Not Secure] <bryan13> se pero pegajosos o normales
[16:59:39] [Server thread/INFO]: [Not Secure] <alkeys> pegahjioso
[16:59:50] [Server thread/INFO]: [Not Secure] <bryan13> hay tengo slim
[16:59:53] [Server thread/INFO]: [Not Secure] <alkeys> orale
[17:00:03] [Server thread/INFO]: [Not Secure] <bryan13> ire por ella que necesitas
[17:00:46] [Server thread/INFO]: [Not Secure] <alkeys> slime trae 3
[17:01:56] [Server thread/INFO]: [Not Secure] <bryan13> ya
[17:02:28] [Server thread/INFO]: [Not Secure] <alkeys> hay dejalo libre
[17:02:33] [Server thread/INFO]: [Not Secure] <bryan13> xd
[17:02:36] [Server thread/INFO]: [Not Secure] <alkeys> ese ya lo zombifique pero le fala aajaj
[17:02:46] [Server thread/INFO]: [Not Secure] <bryan13> xd
[17:02:46] [Server thread/INFO]: [Not Secure] <alkeys> el iman wei
[17:04:47] [Server thread/INFO]: [Not Secure] <alkeys> mira
[17:04:55] [Server thread/INFO]: [Not Secure] <bryan13> voy
[17:05:20] [Server thread/INFO]: [Not Secure] <alkeys> asi mira
[17:05:31] [Server thread/INFO]: [Not Secure] <alkeys> ya
[17:05:36] [Server thread/INFO]: [Not Secure] <bryan13> see
[17:06:05] [Server thread/INFO]: [Not Secure] <bryan13> aqui van los zombies va
[17:06:06] [Server thread/INFO]: [Not Secure] <alkeys> hay ta
[17:06:12] [Server thread/INFO]: [Not Secure] <alkeys> no aqui
[17:06:16] [Server thread/INFO]: [Not Secure] <alkeys> donde estoy
[17:06:26] [Server thread/INFO]: [Not Secure] <alkeys> llega el zombi aca
[17:06:29] [Server thread/INFO]: [Not Secure] <alkeys> y fuas
[17:06:37] [Server thread/INFO]: [Not Secure] <bryan13> va va
[17:07:00] [Server thread/INFO]: [Not Secure] <bryan13> ya cai como xd
[17:07:24] [Server thread/INFO]: [Not Secure] <alkeys> wtf y el otro pisto jaaj
[17:07:59] [Server thread/INFO]: [Not Secure] <bryan13> aqui
[17:08:35] [Server thread/INFO]: [Not Secure] <alkeys> ajaja
[17:08:52] [Server thread/INFO]: [Not Secure] <alkeys> jaajja
[17:08:53] [Server thread/INFO]: [Not Secure] <alkeys> jajaja
[17:08:53] [Server thread/INFO]: [Not Secure] <bryan13> xd
[17:08:58] [Server thread/INFO]: [Not Secure] <alkeys> c tp a la camaa ajaa
[17:09:00] [Server thread/INFO]: [Not Secure] <alkeys> pero ya
[17:09:06] [Server thread/INFO]: [Not Secure] <bryan13> xd
[17:09:09] [Server thread/INFO]: [Not Secure] <alkeys> va hay que atraer un zombi
[17:10:33] [Server thread/INFO]: [Not Secure] <alkeys> saliww
[17:10:41] [Server thread/INFO]: [Not Secure] <alkeys> dormi
[17:10:51] [Server thread/INFO]: [Not Secure] <bryan13> ya
[17:11:08] [Server thread/INFO]: [Not Secure] <alkeys> bueno probemos
[17:11:20] [Server thread/INFO]: [Not Secure] <alkeys> el segundo
[17:11:37] [Server thread/INFO]: [Not Secure] <alkeys> no me digas ajaja
[17:11:49] [Server thread/INFO]: [Not Secure] <bryan13> por la trampilla
[17:11:52] [Server thread/INFO]: [Not Secure] <alkeys> see
[17:12:56] [Server thread/INFO]: [Not Secure] <alkeys> apartate
[17:13:20] [Server thread/INFO]: Villager class_1646['Librarian'/105264, l='ServerLevel[world]', x=-7929.50, y=62.00, z=2207.41] died, message: 'Librarian was slain by el zombialogo'
[17:13:23] [Server thread/INFO]: [Not Secure] <alkeys> va tocar modificarlo
[17:13:25] [Server thread/INFO]: [Not Secure] <alkeys> es wea
[17:13:26] [Server thread/INFO]: [Not Secure] <alkeys> jaja
[17:13:30] [Server thread/INFO]: [Not Secure] <bryan13> se xd
[17:13:43] [Server thread/INFO]: [Not Secure] <alkeys> ya
[17:14:02] [Server thread/INFO]: [Not Secure] <bryan13> xd
[17:14:08] [Server thread/INFO]: [Not Secure] <alkeys> jaa
[17:14:18] [Server thread/INFO]: [Not Secure] <alkeys> a
[17:14:44] [Server thread/INFO]: [Not Secure] <alkeys> a
[17:14:53] [Server thread/INFO]: [Not Secure] <alkeys> dane yache
[17:14:54] [Server thread/INFO]: [Not Secure] <bryan13> metelo le pondre bloque
[17:15:01] [Server thread/INFO]: [Not Secure] <alkeys> a ok
[17:15:23] [Server thread/INFO]: [Not Secure] <alkeys> ya?
[17:15:33] [Server thread/INFO]: [Not Secure] <alkeys> wei
[17:15:34] [Server thread/INFO]: [Not Secure] <bryan13> ya
[17:15:34] [Server thread/INFO]: [Not Secure] <alkeys> jajaja
[17:15:52] [Server thread/INFO]: [Not Secure] <bryan13> era de bajar la trampilla
[17:15:56] [Server thread/INFO]: [Not Secure] <alkeys> a ya
[17:16:16] [Server thread/INFO]: [Not Secure] <alkeys> vamos por este haber
[17:16:19] [Server thread/INFO]: [Not Secure] <alkeys> si vaja mas
[17:16:46] [Server thread/INFO]: [Not Secure] <bryan13> metelo
[17:17:00] [Server thread/INFO]: [Not Secure] <alkeys> apartate
[17:17:17] [Server thread/INFO]: [Not Secure] <bryan13> una tranpia esta de mas despues xd
[17:17:21] [Server thread/INFO]: [Not Secure] <alkeys> se
[17:17:26] [Server thread/INFO]: [Not Secure] <alkeys> ya casia
[17:17:44] [Server thread/INFO]: Villager class_1646['bob el aldeano'/106858, l='ServerLevel[world]', x=-7929.30, y=62.00, z=2207.36] died, message: 'bob el aldeano was slain by el zombialogo'
[17:17:44] [Server thread/INFO]: Named entity class_1646['bob el aldeano'/106858, l='ServerLevel[world]', x=-7929.30, y=62.00, z=2207.36] died: bob el aldeano was slain by el zombialogo
[17:17:46] [Server thread/INFO]: [Not Secure] <bryan13> me avisas lo subis y bajo la trampilla
[17:17:49] [Server thread/INFO]: [Not Secure] <alkeys> orale
[17:18:00] [Server thread/INFO]: [Not Secure] <bryan13> ya
[17:18:16] [Server thread/INFO]: [Not Secure] <bryan13> ya xd
[17:18:23] [Server thread/INFO]: [Not Secure] <alkeys> jajaa
[17:18:27] [Server thread/INFO]: [Not Secure] <alkeys> bajando precios ajaj
[17:18:29] [Server thread/INFO]: [Not Secure] <alkeys> jaja
[17:18:31] [Server thread/INFO]: [Not Secure] <bryan13> baja al otp
[17:18:36] [Server thread/INFO]: [Not Secure] <alkeys> see
[17:18:42] [Server thread/INFO]: [Not Secure] <alkeys> este es la segundo vez
[17:18:47] [Server thread/INFO]: [Not Secure] <bryan13> xd
[17:18:51] [Server thread/INFO]: [Not Secure] <alkeys> solo falta este
[17:19:01] [Server thread/INFO]: [Not Secure] <alkeys> pero mas tarde digo io
[17:19:10] [Server thread/INFO]: [Not Secure] <bryan13> se
[17:19:59] [Server thread/INFO]: [Not Secure] <alkeys> madre que cuesta jaja
[17:20:11] [Server thread/INFO]: [Not Secure] <alkeys> mira este
[17:20:15] [Server thread/INFO]: [Not Secure] <bryan13> le diste la manzana dorada o no
[17:20:17] [Server thread/INFO]: [Not Secure] <alkeys> por 2 esmeraldas ajaja
[17:20:33] [Server thread/INFO]: [Not Secure] <bryan13> ami 27 me pide xd
[17:20:37] [Server thread/INFO]: [Not Secure] <alkeys> a
[17:20:48] [Server thread/INFO]: [Not Secure] <bryan13> como vos lo curaste xd
[17:20:52] [Server thread/INFO]: [Not Secure] <alkeys> sera solo el que lo curo
[17:20:55] [Server thread/INFO]: [Not Secure] <alkeys> no sabia eso
[17:20:56] [Server thread/INFO]: [Not Secure] <alkeys> jaja
[17:21:01] [Server thread/INFO]: [Not Secure] <bryan13> creo que si
[17:21:13] [Server thread/INFO]: [Not Secure] <bryan13> pero igual xd se sacan varios xd
[17:21:16] [Server thread/INFO]: [Not Secure] <alkeys> pero hay libros ajaj
[17:22:16] [Server thread/INFO]: [Not Secure] <bryan13> esmeraldas y libros pondre
[17:22:19] [Server thread/INFO]: [Not Secure] <alkeys> orale
[17:22:26] [Server thread/INFO]: [Not Secure] <alkeys> bueno te dejo pro ire a comer
[17:22:31] [Server thread/INFO]: [Not Secure] <alkeys> y segir estudiando jaja
[17:22:34] [Server thread/INFO]: [Not Secure] <bryan13> igual
[17:22:38] [Server thread/INFO]: alkeys lost connection: Disconnected
[17:22:38] [Server thread/INFO]: alkeys left the game
[17:23:01] [Server thread/INFO]: bryan13 lost connection: Disconnected
[17:23:01] [Server thread/INFO]: bryan13 left the game
[17:23:30] [Server thread/INFO]: Stopping the server
[17:23:30] [Server thread/INFO]: Stopping server
[17:23:30] [Server thread/INFO]: Saving players
[17:23:30] [Server thread/INFO]: Saving worlds
[17:23:30] [Server thread/INFO]: Saving chunks for level 'ServerLevel[world]'/minecraft:overworld
[17:23:30] [Server thread/INFO]: Saving chunks for level 'ServerLevel[world]'/minecraft:the_nether
[17:23:30] [Server thread/INFO]: Saving chunks for level 'ServerLevel[world]'/minecraft:the_end
[17:23:30] [Server thread/INFO]: ThreadedAnvilChunkStorage (world): All chunks are saved
[17:23:30] [Server thread/INFO]: ThreadedAnvilChunkStorage (DIM-1): All chunks are saved
[17:23:30] [Server thread/INFO]: ThreadedAnvilChunkStorage (DIM1): All chunks are saved
[17:23:30] [Server thread/INFO]: ThreadedAnvilChunkStorage: All dimensions are saved
